<?xml version="1.0" encoding="utf-8"?><testsuites name="pytest tests"><testsuite name="pytest" errors="0" failures="0" skipped="0" tests="4" time="0.017" timestamp="2026-09-15T19:31:33.509839-07:00" hostname="rev150"><testcase classname="tests.test_radio_guard" name="test_mutations_refuse_non_dedicated_vm[setup]" time="0.006" /><testcase classname="tests.test_radio_guard" name="test_mutations_refuse_non_dedicated_vm[smoke]" time="0.000" /><testcase classname="tests.test_radio_guard" name="test_mutations_refuse_non_dedicated_vm[cleanup]" time="0.000" /><testcase classname="tests.test_radio_guard" name="test_cleanup_checks_ownership_before_deletion" time="0.002" /></testsuite></testsuites>