<?xml version="1.0" encoding="utf-8"?><testsuites name="pytest tests"><testsuite name="pytest" errors="0" failures="0" skipped="0" tests="4" time="9.514" timestamp="2026-09-22T07:10:17.349828+00:00" hostname="emosa-runtime-run"><testcase classname="" name="test_incomplete_handshakes_are_bounded_and_expire_without_displacing_pod" time="4.355" /><testcase classname="" name="test_read_only_qualification_accepts_pod_initiated_tls_without_writes" time="1.322" /><testcase classname="" name="test_real_database_initiates_authenticated_tls_and_reconnects" time="3.269" /><testcase classname="" name="test_untrusted_and_wrong_pin_clients_never_replace_valid_session" time="0.313" /></testsuite></testsuites>