<?xml version="1.0" encoding="utf-8"?><testsuites name="pytest tests"><testsuite name="pytest" errors="0" failures="0" skipped="0" tests="57" time="82.374" timestamp="2026-09-23T00:36:00.169697-07:00" hostname="rev150"><testcase classname="tests.test_connecting_fleet" name="test_two_pods_one_service_isolation_and_crash_recovery" time="4.965" /><testcase classname="tests.test_connecting_pod" name="test_connecting_pod_service_lifecycle" time="3.951" /><testcase classname="tests.test_connecting_pod" name="test_unmatched_identity_cannot_register_or_write[missing]" time="0.170" /><testcase classname="tests.test_connecting_pod" name="test_unmatched_identity_cannot_register_or_write[wrong]" time="0.171" /><testcase classname="tests.test_connecting_pod" name="test_pinned_schema_rejects_duplicate_identity_rows" time="0.171" /><testcase classname="tests.test_connecting_pod" name="test_identity_change_between_plan_and_commit_is_guarded[replace]" time="0.290" /><testcase classname="tests.test_connecting_pod" name="test_identity_change_between_plan_and_commit_is_guarded[recreate]" time="0.258" /><testcase classname="tests.test_discovery_session_ovsdb" name="test_real_database_requires_fresh_discovery_after_reconnect" time="3.431" /><testcase classname="tests.test_egress_accounting" name="test_loss_observations_survive_actual_ovsdb_publication_and_recovery" time="0.154" /><testcase classname="tests.test_forwarding" name="test_forwarding_publication_is_atomic_and_uses_real_pinned_schema" time="0.128" /><testcase classname="tests.test_neighbor_binding" name="test_native_topology_uses_observed_interfaces_and_withdraws_only_stale_topology" time="0.260" /><testcase classname="tests.test_ovsdb" name="test_real_ovsdb_component_boundary[none-OBSERVED_APPLIED]" time="0.460" /><testcase classname="tests.test_ovsdb" name="test_real_ovsdb_component_boundary[lost-reply-OBSERVED_APPLIED]" time="1.601" /><testcase classname="tests.test_ovsdb" name="test_real_ovsdb_component_boundary[withhold-TIMED_OUT]" time="0.447" /><testcase classname="tests.test_ovsdb" name="test_real_ovsdb_component_boundary[guard-conflict-OWNERSHIP_CONFLICT]" time="0.380" /><testcase classname="tests.test_ovsdb" name="test_real_ovsdb_component_boundary[compete-OWNERSHIP_CONFLICT]" time="0.403" /><testcase classname="tests.test_ovsdb" name="test_real_ovsdb_component_boundary[partial-TIMED_OUT]" time="0.460" /><testcase classname="tests.test_ovsdb" name="test_monitor_partial_delete_references_and_reconnect" time="7.925" /><testcase classname="tests.test_ovsdb" name="test_pod_initiated_listening_manager" time="1.169" /><testcase classname="tests.test_ovsdb" name="test_four_independent_ovsdb_pods" time="0.599" /><testcase classname="tests.test_ovsdb" name="test_transaction_result_validation" time="0.000" /><testcase classname="tests.test_ovsdb" name="test_snapshot_budget_exhaustion_is_not_ready" time="0.192" /><testcase classname="tests.test_qualification" name="test_read_only_collects_draft_without_credentials_or_writes" time="0.249" /><testcase classname="tests.test_qualification" name="test_mutual_tls_collection_and_peer_pin" time="0.253" /><testcase classname="tests.test_radio_capability_service" name="test_two_pod_service_revalidates_capability_inputs_and_reconnects" time="2.429" /><testcase classname="tests.test_radio_capability_service" name="test_two_pod_technology_and_inventory_survive_reconnect_and_process_restart" time="2.519" /><testcase classname="tests.test_radio_capability_service" name="test_two_pod_wifi6_roles_withdraw_and_recover_without_complete_he_report" time="2.495" /><testcase classname="tests.test_radio_manager" name="test_manager_never_echoes_requested_state_and_rejects_unsupported_scope" time="0.136" /><testcase classname="tests.test_radio_manager" name="test_station_membership_age_and_binding_with_real_ovsdb" time="0.167" /><testcase classname="tests.test_radio_scope" name="test_sole_radio_allows_guarded_change_and_observed_application" time="0.348" /><testcase classname="tests.test_radio_scope" name="test_unqualified_scope_rejected_before_submission[extra-bss]" time="0.378" /><testcase classname="tests.test_radio_scope" name="test_unqualified_scope_rejected_before_submission[orphan-config]" time="0.410" /><testcase classname="tests.test_radio_scope" name="test_unqualified_scope_rejected_before_submission[orphan-state]" time="0.426" /><testcase classname="tests.test_radio_scope" name="test_unqualified_scope_rejected_before_submission[shared-config]" time="0.372" /><testcase classname="tests.test_radio_scope" name="test_unqualified_scope_rejected_before_submission[backhaul-role]" time="0.373" /><testcase classname="tests.test_radio_scope" name="test_unqualified_scope_rejected_before_submission[extra-state-key]" time="0.406" /><testcase classname="tests.test_radio_scope" name="test_scope_race_aborts_entire_transaction[extra-bss]" time="0.385" /><testcase classname="tests.test_radio_scope" name="test_scope_race_aborts_entire_transaction[orphan-config]" time="0.434" /><testcase classname="tests.test_radio_scope" name="test_scope_race_aborts_entire_transaction[orphan-state]" time="0.459" /><testcase classname="tests.test_radio_scope" name="test_scope_race_aborts_entire_transaction[shared-config]" time="0.385" /><testcase classname="tests.test_radio_scope" name="test_scope_race_aborts_entire_transaction[backhaul-role]" time="0.379" /><testcase classname="tests.test_radio_scope" name="test_scope_race_aborts_entire_transaction[extra-state-key]" time="0.397" /><testcase classname="tests.test_radio_scope" name="test_scope_race_aborts_entire_transaction[replace-equal-row]" time="0.402" /><testcase classname="tests.test_radio_scope" name="test_legacy_multi_key_fixture_does_not_qualify_as_sole_credential" time="0.316" /><testcase classname="tests.test_radio_scope" name="test_separate_radio_is_allowed_and_untouched" time="0.420" /><testcase classname="tests.test_reliability" name="test_tls_fleet_recovers_without_losing_isolation_or_original_outcomes" time="10.632" /><testcase classname="tests.test_report_coordinator_ovsdb" name="test_real_connecting_database_state_changes_withdrawal_and_reconnect" time="2.375" /><testcase classname="tests.test_report_coordinator_ovsdb" name="test_report_monitor_cannot_write_and_incompatible_security_withdraws_source" time="1.413" /><testcase classname="tests.test_tls_listener" name="test_incomplete_handshakes_are_bounded_and_expire_without_displacing_pod" time="4.264" /><testcase classname="tests.test_tls_listener" name="test_read_only_qualification_accepts_pod_initiated_tls_without_writes" time="1.238" /><testcase classname="tests.test_tls_listener" name="test_real_database_initiates_authenticated_tls_and_reconnects" time="3.261" /><testcase classname="tests.test_tls_listener" name="test_untrusted_and_wrong_pin_clients_never_replace_valid_session" time="1.287" /><testcase classname="tests.test_topology_service" name="test_complete_topology_two_pods_reconnect_uuid_recreation_and_service_crash" time="7.564" /><testcase classname="tests.test_wsc_provisioning" name="test_authenticated_provisioning_with_independent_registrar[configure]" time="1.622" /><testcase classname="tests.test_wsc_provisioning" name="test_authenticated_provisioning_with_independent_registrar[lost-reply]" time="3.780" /><testcase classname="tests.test_wsc_provisioning" name="test_authenticated_provisioning_with_independent_registrar[identity-race]" time="1.718" /><testcase classname="tests.test_wsc_provisioning" name="test_authenticated_provisioning_with_independent_registrar[crash-after-commit]" time="0.809" /></testsuite></testsuites>