<?xml version="1.0" encoding="utf-8"?><testsuites name="pytest tests"><testsuite name="pytest" errors="0" failures="0" skipped="0" tests="13" time="12.841" timestamp="2026-09-15T20:11:14.203590-07:00" hostname="rev150"><testcase classname="tests.test_ovsdb" name="test_real_ovsdb_component_boundary[none-OBSERVED_APPLIED]" time="0.361" /><testcase classname="tests.test_ovsdb" name="test_real_ovsdb_component_boundary[lost-reply-OBSERVED_APPLIED]" time="1.667" /><testcase classname="tests.test_ovsdb" name="test_real_ovsdb_component_boundary[withhold-TIMED_OUT]" time="0.426" /><testcase classname="tests.test_ovsdb" name="test_real_ovsdb_component_boundary[guard-conflict-OWNERSHIP_CONFLICT]" time="0.334" /><testcase classname="tests.test_ovsdb" name="test_real_ovsdb_component_boundary[compete-OWNERSHIP_CONFLICT]" time="0.339" /><testcase classname="tests.test_ovsdb" name="test_real_ovsdb_component_boundary[partial-TIMED_OUT]" time="0.405" /><testcase classname="tests.test_ovsdb" name="test_monitor_partial_delete_references_and_reconnect" time="7.557" /><testcase classname="tests.test_ovsdb" name="test_pod_initiated_listening_manager" time="0.162" /><testcase classname="tests.test_ovsdb" name="test_four_independent_ovsdb_pods" time="0.596" /><testcase classname="tests.test_ovsdb" name="test_transaction_result_validation" time="0.000" /><testcase classname="tests.test_ovsdb" name="test_snapshot_budget_exhaustion_is_not_ready" time="0.162" /><testcase classname="tests.test_qualification" name="test_read_only_collects_draft_without_credentials_or_writes" time="0.244" /><testcase classname="tests.test_qualification" name="test_mutual_tls_collection_and_peer_pin" time="0.434" /></testsuite></testsuites>