<?xml version="1.0" encoding="utf-8"?><testsuites name="pytest tests"><testsuite name="pytest" errors="0" failures="0" skipped="0" tests="97" time="0.735" timestamp="2026-09-15T22:16:23.708268-07:00" hostname="rev150"><testcase classname="tests.test_wsc_messages" name="test_m1_matches_unmodified_hostap_builder" time="0.001" /><testcase classname="tests.test_wsc_messages" name="test_fresh_m1_material_and_no_synthetic_defaults" time="0.001" /><testcase classname="tests.test_wsc_messages" name="test_native_m2_authentication_and_secret_output_handling" time="0.011" /><testcase classname="tests.test_wsc_messages" name="test_required_m2_fields_cannot_be_omitted_even_with_valid_authenticator[104a]" time="0.000" /><testcase classname="tests.test_wsc_messages" name="test_required_m2_fields_cannot_be_omitted_even_with_valid_authenticator[1022]" time="0.000" /><testcase classname="tests.test_wsc_messages" name="test_required_m2_fields_cannot_be_omitted_even_with_valid_authenticator[101a]" time="0.000" /><testcase classname="tests.test_wsc_messages" name="test_required_m2_fields_cannot_be_omitted_even_with_valid_authenticator[1039]" time="0.000" /><testcase classname="tests.test_wsc_messages" name="test_required_m2_fields_cannot_be_omitted_even_with_valid_authenticator[1048]" time="0.000" /><testcase classname="tests.test_wsc_messages" name="test_required_m2_fields_cannot_be_omitted_even_with_valid_authenticator[1032]" time="0.002" /><testcase classname="tests.test_wsc_messages" name="test_required_m2_fields_cannot_be_omitted_even_with_valid_authenticator[1004]" time="0.001" /><testcase classname="tests.test_wsc_messages" name="test_required_m2_fields_cannot_be_omitted_even_with_valid_authenticator[1010]" time="0.000" /><testcase classname="tests.test_wsc_messages" name="test_required_m2_fields_cannot_be_omitted_even_with_valid_authenticator[100d]" time="0.000" /><testcase classname="tests.test_wsc_messages" name="test_required_m2_fields_cannot_be_omitted_even_with_valid_authenticator[1008]" time="0.000" /><testcase classname="tests.test_wsc_messages" name="test_required_m2_fields_cannot_be_omitted_even_with_valid_authenticator[1021]" time="0.000" /><testcase classname="tests.test_wsc_messages" name="test_required_m2_fields_cannot_be_omitted_even_with_valid_authenticator[1023]" time="0.001" /><testcase classname="tests.test_wsc_messages" name="test_required_m2_fields_cannot_be_omitted_even_with_valid_authenticator[1024]" time="0.000" /><testcase classname="tests.test_wsc_messages" name="test_required_m2_fields_cannot_be_omitted_even_with_valid_authenticator[1042]" time="0.000" /><testcase classname="tests.test_wsc_messages" name="test_required_m2_fields_cannot_be_omitted_even_with_valid_authenticator[1054]" time="0.000" /><testcase classname="tests.test_wsc_messages" name="test_required_m2_fields_cannot_be_omitted_even_with_valid_authenticator[1011]" time="0.000" /><testcase classname="tests.test_wsc_messages" name="test_required_m2_fields_cannot_be_omitted_even_with_valid_authenticator[103c]" time="0.000" /><testcase classname="tests.test_wsc_messages" name="test_required_m2_fields_cannot_be_omitted_even_with_valid_authenticator[1002]" time="0.000" /><testcase classname="tests.test_wsc_messages" name="test_required_m2_fields_cannot_be_omitted_even_with_valid_authenticator[1009]" time="0.000" /><testcase classname="tests.test_wsc_messages" name="test_required_m2_fields_cannot_be_omitted_even_with_valid_authenticator[1012]" time="0.000" /><testcase classname="tests.test_wsc_messages" name="test_required_m2_fields_cannot_be_omitted_even_with_valid_authenticator[102d]" time="0.000" /><testcase classname="tests.test_wsc_messages" name="test_required_ap_settings_cannot_be_omitted_even_with_valid_crypto[1045]" time="0.008" /><testcase classname="tests.test_wsc_messages" name="test_required_ap_settings_cannot_be_omitted_even_with_valid_crypto[1003]" time="0.008" /><testcase classname="tests.test_wsc_messages" name="test_required_ap_settings_cannot_be_omitted_even_with_valid_crypto[100f]" time="0.007" /><testcase classname="tests.test_wsc_messages" name="test_required_ap_settings_cannot_be_omitted_even_with_valid_crypto[1027]" time="0.007" /><testcase classname="tests.test_wsc_messages" name="test_required_ap_settings_cannot_be_omitted_even_with_valid_crypto[1020]" time="0.007" /><testcase classname="tests.test_wsc_messages" name="test_authentication_precedes_decryption" time="0.007" /><testcase classname="tests.test_wsc_messages" name="test_nonce_and_original_m1_identity_binding" time="0.014" /><testcase classname="tests.test_wsc_messages" name="test_optional_and_unknown_data_is_preserved_in_authenticated_bytes" time="0.014" /><testcase classname="tests.test_wsc_messages" name="test_version_negotiation_does_not_reject_only_a_version_mismatch[None]" time="0.007" /><testcase classname="tests.test_wsc_messages" name="test_version_negotiation_does_not_reject_only_a_version_mismatch[\x007*\x00\x01!]" time="0.007" /><testcase classname="tests.test_wsc_messages" name="test_version_negotiation_does_not_reject_only_a_version_mismatch[\x007*\x00\x010]" time="0.007" /><testcase classname="tests.test_wsc_messages" name="test_legacy_padded_device_strings_preserve_original_authenticator_input" time="0.007" /><testcase classname="tests.test_wsc_messages" name="test_conditional_password_fields_are_preserved_but_not_applied" time="0.014" /><testcase classname="tests.test_wsc_messages" name="test_unknown_vendor_subelements_have_a_bounded_admission_budget" time="0.005" /><testcase classname="tests.test_wsc_messages" name="test_overlong_settings_and_invalid_wfa_substructure_are_rejected" time="0.027" /><testcase classname="tests.test_wsc_messages" name="test_bss_index_placement_and_duplicate_singletons_are_rejected" time="0.008" /><testcase classname="tests.test_wsc_messages" name="test_non_configuration_m2_is_not_misreported_as_provisioned" time="0.007" /><testcase classname="tests.test_wsc_messages" name="test_batch_checks_all_responses_capacity_and_unique_nonce_and_index" time="0.067" /><testcase classname="tests.test_wsc_messages" name="test_invalid_capacity_is_not_used_as_a_radio_capability[0]" time="0.000" /><testcase classname="tests.test_wsc_messages" name="test_invalid_capacity_is_not_used_as_a_radio_capability[17]" time="0.000" /><testcase classname="tests.test_wsc_messages" name="test_invalid_capacity_is_not_used_as_a_radio_capability[True]" time="0.000" /><testcase classname="tests.test_wsc_messages" name="test_invalid_capacity_is_not_used_as_a_radio_capability[1]" time="0.000" /><testcase classname="tests.test_wsc_messages" name="test_m1_input_facts_must_have_supported_representation[uuid]" time="0.000" /><testcase classname="tests.test_wsc_messages" name="test_m1_input_facts_must_have_supported_representation[mac]" time="0.000" /><testcase classname="tests.test_wsc_messages" name="test_m1_input_facts_must_have_supported_representation[length]" time="0.000" /><testcase classname="tests.test_wsc_messages" name="test_m1_input_facts_must_have_supported_representation[padding]" time="0.000" /><testcase classname="tests.test_wsc_messages" name="test_m1_input_facts_must_have_supported_representation[band]" time="0.000" /><testcase classname="tests.test_wsc_messages" name="test_m1_input_facts_must_have_supported_representation[state]" time="0.000" /><testcase classname="tests.test_wsc_messages" name="test_m1_input_facts_must_have_supported_representation[bool]" time="0.000" /><testcase classname="tests.test_wsc_messages" name="test_m1_input_facts_must_have_supported_representation[integer]" time="0.000" /><testcase classname="tests.test_wsc_messages" name="test_m1_input_facts_must_have_supported_representation[type]" time="0.000" /><testcase classname="tests.test_wsc_radio" name="test_independent_native_fronthaul_and_teardown_payloads" time="0.014" /><testcase classname="tests.test_wsc_radio" name="test_reserved_role_bits_are_ignored[0]" time="0.007" /><testcase classname="tests.test_wsc_radio" name="test_reserved_role_bits_are_ignored[1]" time="0.007" /><testcase classname="tests.test_wsc_radio" name="test_reserved_role_bits_are_ignored[2]" time="0.007" /><testcase classname="tests.test_wsc_radio" name="test_reserved_role_bits_are_ignored[3]" time="0.007" /><testcase classname="tests.test_wsc_radio" name="test_other_roles_are_preserved_and_never_partially_mapped[0]" time="0.007" /><testcase classname="tests.test_wsc_radio" name="test_other_roles_are_preserved_and_never_partially_mapped[64]" time="0.007" /><testcase classname="tests.test_wsc_radio" name="test_other_roles_are_preserved_and_never_partially_mapped[96]" time="0.007" /><testcase classname="tests.test_wsc_radio" name="test_other_roles_are_preserved_and_never_partially_mapped[128]" time="0.007" /><testcase classname="tests.test_wsc_radio" name="test_other_roles_are_preserved_and_never_partially_mapped[160]" time="0.010" /><testcase classname="tests.test_wsc_radio" name="test_other_roles_are_preserved_and_never_partially_mapped[224]" time="0.008" /><testcase classname="tests.test_wsc_radio" name="test_other_roles_are_preserved_and_never_partially_mapped[36]" time="0.008" /><testcase classname="tests.test_wsc_radio" name="test_other_roles_are_preserved_and_never_partially_mapped[40]" time="0.008" /><testcase classname="tests.test_wsc_radio" name="test_other_roles_are_preserved_and_never_partially_mapped[44]" time="0.007" /><testcase classname="tests.test_wsc_radio" name="test_missing_malformed_ambiguous_or_wrong_vendor_role_is_rejected[\x007*\x00\x01 ]" time="0.007" /><testcase classname="tests.test_wsc_radio" name="test_missing_malformed_ambiguous_or_wrong_vendor_role_is_rejected[\x007*\x06\x00]" time="0.009" /><testcase classname="tests.test_wsc_radio" name="test_missing_malformed_ambiguous_or_wrong_vendor_role_is_rejected[\x007*\x06\x02  ]" time="0.011" /><testcase classname="tests.test_wsc_radio" name="test_missing_malformed_ambiguous_or_wrong_vendor_role_is_rejected[\x007*\x06\x01 \x06\x01 ]" time="0.007" /><testcase classname="tests.test_wsc_radio" name="test_missing_malformed_ambiguous_or_wrong_vendor_role_is_rejected[\x00\x11&quot;\x06\x01 ]" time="0.007" /><testcase classname="tests.test_wsc_radio" name="test_role_must_be_in_encrypted_config_data_and_unique_across_extensions" time="0.014" /><testcase classname="tests.test_wsc_radio" name="test_optional_extensions_and_legacy_key_index_remain_ignored" time="0.007" /><testcase classname="tests.test_wsc_radio" name="test_teardown_ignores_other_setting_values_after_authentication[16]" time="0.014" /><testcase classname="tests.test_wsc_radio" name="test_teardown_ignores_other_setting_values_after_authentication[48]" time="0.014" /><testcase classname="tests.test_wsc_radio" name="test_teardown_ignores_other_setting_values_after_authentication[240]" time="0.014" /><testcase classname="tests.test_wsc_radio" name="test_teardown_ignores_other_setting_values_after_authentication[255]" time="0.014" /><testcase classname="tests.test_wsc_radio" name="test_invalid_authentication_or_conflicting_batch_cannot_become_teardown" time="0.034" /><testcase classname="tests.test_wsc_radio" name="test_multiple_valid_bsses_cannot_be_reduced_to_a_single_patch" time="0.020" /><testcase classname="tests.test_wsc_radio" name="test_unsupported_security_is_not_downgraded[4099-\x00`]" time="0.007" /><testcase classname="tests.test_wsc_radio" name="test_unsupported_security_is_not_downgraded[4111-\x00\x0c]" time="0.007" /><testcase classname="tests.test_wsc_radio" name="test_unsupported_security_is_not_downgraded[4099-\x02\x00]" time="0.007" /><testcase classname="tests.test_wsc_radio" name="test_unsupported_security_is_not_downgraded[4111-\x00\x01]" time="0.007" /><testcase classname="tests.test_wsc_radio" name="test_keys_outside_existing_mapping_are_never_truncated_or_substituted[short]" time="0.007" /><testcase classname="tests.test_wsc_radio" name="test_keys_outside_existing_mapping_are_never_truncated_or_substituted[aaaaaaaaaaaaaaaaaaaaaaaaaaaaaaaaaaaaaaaaaaaaaaaaaaaaaaaaaaaaaaaa]" time="0.007" /><testcase classname="tests.test_wsc_radio" name="test_keys_outside_existing_mapping_are_never_truncated_or_substituted[aaaaaaa\x7f]" time="0.007" /><testcase classname="tests.test_wsc_radio" name="test_keys_outside_existing_mapping_are_never_truncated_or_substituted[aaaaaaa\x80]" time="0.007" /><testcase classname="tests.test_wsc_radio" name="test_keys_outside_existing_mapping_are_never_truncated_or_substituted[password\x00\x00]" time="0.007" /><testcase classname="tests.test_wsc_radio" name="test_keys_outside_existing_mapping_are_never_truncated_or_substituted[pass\x00word]" time="0.007" /><testcase classname="tests.test_wsc_radio" name="test_legacy_passphrase_terminator_and_utf8_mapping_boundary" time="0.027" /><testcase classname="tests.test_wsc_radio" name="test_password_change_is_not_silently_omitted_from_the_candidate" time="0.007" /><testcase classname="tests.test_wsc_radio" name="test_candidate_must_have_been_advertised_in_the_original_m1[4100-\x00\x02]" time="0.013" /><testcase classname="tests.test_wsc_radio" name="test_candidate_must_have_been_advertised_in_the_original_m1[4112-\x00\x04]" time="0.014" /><testcase classname="tests.test_wsc_radio" name="test_role_semantics_wait_until_the_entire_payload_set_is_authenticated" time="0.014" /></testsuite></testsuites>