<?xml version='1.0' encoding='utf-8'?>
<testsuites name="pytest tests"><testsuite name="pytest" errors="0" failures="0" skipped="0" tests="37" time="29.448" timestamp="2026-09-21T19:15:07.073547-07:00" hostname="rev150"><testcase classname="tests.test_connecting_fleet" name="test_two_pods_one_service_isolation_and_crash_recovery" time="4.921" /><testcase classname="tests.test_connecting_pod" name="test_connecting_pod_service_lifecycle" time="3.963" /><testcase classname="tests.test_connecting_pod" name="test_unmatched_identity_cannot_register_or_write[missing]" time="0.178" /><testcase classname="tests.test_connecting_pod" name="test_unmatched_identity_cannot_register_or_write[wrong]" time="0.171" /><testcase classname="tests.test_connecting_pod" name="test_pinned_schema_rejects_duplicate_identity_rows" time="0.164" /><testcase classname="tests.test_connecting_pod" name="test_identity_change_between_plan_and_commit_is_guarded[replace]" time="0.242" /><testcase classname="tests.test_connecting_pod" name="test_identity_change_between_plan_and_commit_is_guarded[recreate]" time="0.251" /><testcase classname="tests.test_ovsdb" name="test_real_ovsdb_component_boundary[none-OBSERVED_APPLIED]" time="0.380" /><testcase classname="tests.test_ovsdb" name="test_real_ovsdb_component_boundary[lost-reply-OBSERVED_APPLIED]" time="1.602" /><testcase classname="tests.test_ovsdb" name="test_real_ovsdb_component_boundary[withhold-TIMED_OUT]" time="0.437" /><testcase classname="tests.test_ovsdb" name="test_real_ovsdb_component_boundary[guard-conflict-OWNERSHIP_CONFLICT]" time="0.361" /><testcase classname="tests.test_ovsdb" name="test_real_ovsdb_component_boundary[compete-OWNERSHIP_CONFLICT]" time="0.369" /><testcase classname="tests.test_ovsdb" name="test_real_ovsdb_component_boundary[partial-TIMED_OUT]" time="0.433" /><testcase classname="tests.test_ovsdb" name="test_monitor_partial_delete_references_and_reconnect" time="8.352" /><testcase classname="tests.test_ovsdb" name="test_pod_initiated_listening_manager" time="0.166" /><testcase classname="tests.test_ovsdb" name="test_four_independent_ovsdb_pods" time="0.589" /><testcase classname="tests.test_ovsdb" name="test_transaction_result_validation" time="0.000" /><testcase classname="tests.test_ovsdb" name="test_snapshot_budget_exhaustion_is_not_ready" time="0.168" /><testcase classname="tests.test_qualification" name="test_read_only_collects_draft_without_credentials_or_writes" time="0.248" /><testcase classname="tests.test_qualification" name="test_mutual_tls_collection_and_peer_pin" time="0.354" /><testcase classname="tests.test_radio_manager" name="test_manager_never_echoes_requested_state_and_rejects_unsupported_scope" time="0.118" /><testcase classname="tests.test_radio_scope" name="test_sole_radio_allows_guarded_change_and_observed_application" time="0.311" /><testcase classname="tests.test_radio_scope" name="test_unqualified_scope_rejected_before_submission[extra-bss]" time="0.366" /><testcase classname="tests.test_radio_scope" name="test_unqualified_scope_rejected_before_submission[orphan-config]" time="0.379" /><testcase classname="tests.test_radio_scope" name="test_unqualified_scope_rejected_before_submission[orphan-state]" time="0.374" /><testcase classname="tests.test_radio_scope" name="test_unqualified_scope_rejected_before_submission[shared-config]" time="0.368" /><testcase classname="tests.test_radio_scope" name="test_unqualified_scope_rejected_before_submission[backhaul-role]" time="0.378" /><testcase classname="tests.test_radio_scope" name="test_unqualified_scope_rejected_before_submission[extra-state-key]" time="0.362" /><testcase classname="tests.test_radio_scope" name="test_scope_race_aborts_entire_transaction[extra-bss]" time="0.373" /><testcase classname="tests.test_radio_scope" name="test_scope_race_aborts_entire_transaction[orphan-config]" time="0.378" /><testcase classname="tests.test_radio_scope" name="test_scope_race_aborts_entire_transaction[orphan-state]" time="0.368" /><testcase classname="tests.test_radio_scope" name="test_scope_race_aborts_entire_transaction[shared-config]" time="0.369" /><testcase classname="tests.test_radio_scope" name="test_scope_race_aborts_entire_transaction[backhaul-role]" time="0.384" /><testcase classname="tests.test_radio_scope" name="test_scope_race_aborts_entire_transaction[extra-state-key]" time="0.369" /><testcase classname="tests.test_radio_scope" name="test_scope_race_aborts_entire_transaction[replace-equal-row]" time="0.381" /><testcase classname="tests.test_radio_scope" name="test_legacy_multi_key_fixture_does_not_qualify_as_sole_credential" time="0.308" /><testcase classname="tests.test_radio_scope" name="test_separate_radio_is_allowed_and_untouched" time="0.377" /></testsuite></testsuites>