<?xml version="1.0" encoding="utf-8"?><testsuites name="pytest tests"><testsuite name="pytest" errors="0" failures="0" skipped="0" tests="21" time="24.003" timestamp="2026-09-21T17:29:55.369039-07:00" hostname="rev150"><testcase classname="tests.test_connecting_fleet" name="test_two_pods_one_service_isolation_and_crash_recovery" time="4.881" /><testcase classname="tests.test_connecting_pod" name="test_connecting_pod_service_lifecycle" time="3.938" /><testcase classname="tests.test_connecting_pod" name="test_unmatched_identity_cannot_register_or_write[missing]" time="0.234" /><testcase classname="tests.test_connecting_pod" name="test_unmatched_identity_cannot_register_or_write[wrong]" time="0.171" /><testcase classname="tests.test_connecting_pod" name="test_pinned_schema_rejects_duplicate_identity_rows" time="0.169" /><testcase classname="tests.test_connecting_pod" name="test_identity_change_between_plan_and_commit_is_guarded[replace]" time="0.240" /><testcase classname="tests.test_connecting_pod" name="test_identity_change_between_plan_and_commit_is_guarded[recreate]" time="0.262" /><testcase classname="tests.test_ovsdb" name="test_real_ovsdb_component_boundary[none-OBSERVED_APPLIED]" time="0.382" /><testcase classname="tests.test_ovsdb" name="test_real_ovsdb_component_boundary[lost-reply-OBSERVED_APPLIED]" time="1.679" /><testcase classname="tests.test_ovsdb" name="test_real_ovsdb_component_boundary[withhold-TIMED_OUT]" time="0.440" /><testcase classname="tests.test_ovsdb" name="test_real_ovsdb_component_boundary[guard-conflict-OWNERSHIP_CONFLICT]" time="0.364" /><testcase classname="tests.test_ovsdb" name="test_real_ovsdb_component_boundary[compete-OWNERSHIP_CONFLICT]" time="0.413" /><testcase classname="tests.test_ovsdb" name="test_real_ovsdb_component_boundary[partial-TIMED_OUT]" time="0.450" /><testcase classname="tests.test_ovsdb" name="test_monitor_partial_delete_references_and_reconnect" time="8.503" /><testcase classname="tests.test_ovsdb" name="test_pod_initiated_listening_manager" time="0.171" /><testcase classname="tests.test_ovsdb" name="test_four_independent_ovsdb_pods" time="0.604" /><testcase classname="tests.test_ovsdb" name="test_transaction_result_validation" time="0.000" /><testcase classname="tests.test_ovsdb" name="test_snapshot_budget_exhaustion_is_not_ready" time="0.168" /><testcase classname="tests.test_qualification" name="test_read_only_collects_draft_without_credentials_or_writes" time="0.252" /><testcase classname="tests.test_qualification" name="test_mutual_tls_collection_and_peer_pin" time="0.399" /><testcase classname="tests.test_radio_manager" name="test_manager_never_echoes_requested_state_and_rejects_unsupported_scope" time="0.127" /></testsuite></testsuites>