<?xml version='1.0' encoding='utf-8'?>
<testsuites name="pytest tests"><testsuite name="pytest" errors="0" failures="0" skipped="0" tests="40" time="41.996" timestamp="2026-09-21T21:29:30.435802-07:00" hostname="rev150"><testcase classname="tests.test_connecting_fleet" name="test_two_pods_one_service_isolation_and_crash_recovery" time="4.851" /><testcase classname="tests.test_connecting_pod" name="test_connecting_pod_service_lifecycle" time="3.917" /><testcase classname="tests.test_connecting_pod" name="test_unmatched_identity_cannot_register_or_write[missing]" time="0.177" /><testcase classname="tests.test_connecting_pod" name="test_unmatched_identity_cannot_register_or_write[wrong]" time="0.167" /><testcase classname="tests.test_connecting_pod" name="test_pinned_schema_rejects_duplicate_identity_rows" time="0.167" /><testcase classname="tests.test_connecting_pod" name="test_identity_change_between_plan_and_commit_is_guarded[replace]" time="0.247" /><testcase classname="tests.test_connecting_pod" name="test_identity_change_between_plan_and_commit_is_guarded[recreate]" time="0.251" /><testcase classname="tests.test_ovsdb" name="test_real_ovsdb_component_boundary[none-OBSERVED_APPLIED]" time="0.386" /><testcase classname="tests.test_ovsdb" name="test_real_ovsdb_component_boundary[lost-reply-OBSERVED_APPLIED]" time="1.473" /><testcase classname="tests.test_ovsdb" name="test_real_ovsdb_component_boundary[withhold-TIMED_OUT]" time="0.452" /><testcase classname="tests.test_ovsdb" name="test_real_ovsdb_component_boundary[guard-conflict-OWNERSHIP_CONFLICT]" time="0.366" /><testcase classname="tests.test_ovsdb" name="test_real_ovsdb_component_boundary[compete-OWNERSHIP_CONFLICT]" time="0.378" /><testcase classname="tests.test_ovsdb" name="test_real_ovsdb_component_boundary[partial-TIMED_OUT]" time="0.441" /><testcase classname="tests.test_ovsdb" name="test_monitor_partial_delete_references_and_reconnect" time="8.848" /><testcase classname="tests.test_ovsdb" name="test_pod_initiated_listening_manager" time="0.172" /><testcase classname="tests.test_ovsdb" name="test_four_independent_ovsdb_pods" time="0.611" /><testcase classname="tests.test_ovsdb" name="test_transaction_result_validation" time="0.000" /><testcase classname="tests.test_ovsdb" name="test_snapshot_budget_exhaustion_is_not_ready" time="0.171" /><testcase classname="tests.test_qualification" name="test_read_only_collects_draft_without_credentials_or_writes" time="0.275" /><testcase classname="tests.test_qualification" name="test_mutual_tls_collection_and_peer_pin" time="0.230" /><testcase classname="tests.test_radio_capability_service" name="test_two_pod_service_revalidates_capability_inputs_and_reconnects" time="2.348" /><testcase classname="tests.test_radio_capability_service" name="test_two_pod_technology_and_inventory_survive_reconnect_and_process_restart" time="2.367" /><testcase classname="tests.test_radio_manager" name="test_manager_never_echoes_requested_state_and_rejects_unsupported_scope" time="0.119" /><testcase classname="tests.test_radio_scope" name="test_sole_radio_allows_guarded_change_and_observed_application" time="0.325" /><testcase classname="tests.test_radio_scope" name="test_unqualified_scope_rejected_before_submission[extra-bss]" time="0.382" /><testcase classname="tests.test_radio_scope" name="test_unqualified_scope_rejected_before_submission[orphan-config]" time="0.370" /><testcase classname="tests.test_radio_scope" name="test_unqualified_scope_rejected_before_submission[orphan-state]" time="0.373" /><testcase classname="tests.test_radio_scope" name="test_unqualified_scope_rejected_before_submission[shared-config]" time="0.381" /><testcase classname="tests.test_radio_scope" name="test_unqualified_scope_rejected_before_submission[backhaul-role]" time="0.375" /><testcase classname="tests.test_radio_scope" name="test_unqualified_scope_rejected_before_submission[extra-state-key]" time="0.369" /><testcase classname="tests.test_radio_scope" name="test_scope_race_aborts_entire_transaction[extra-bss]" time="0.386" /><testcase classname="tests.test_radio_scope" name="test_scope_race_aborts_entire_transaction[orphan-config]" time="0.368" /><testcase classname="tests.test_radio_scope" name="test_scope_race_aborts_entire_transaction[orphan-state]" time="0.372" /><testcase classname="tests.test_radio_scope" name="test_scope_race_aborts_entire_transaction[shared-config]" time="0.381" /><testcase classname="tests.test_radio_scope" name="test_scope_race_aborts_entire_transaction[backhaul-role]" time="0.369" /><testcase classname="tests.test_radio_scope" name="test_scope_race_aborts_entire_transaction[extra-state-key]" time="0.373" /><testcase classname="tests.test_radio_scope" name="test_scope_race_aborts_entire_transaction[replace-equal-row]" time="0.393" /><testcase classname="tests.test_radio_scope" name="test_legacy_multi_key_fixture_does_not_qualify_as_sole_credential" time="0.303" /><testcase classname="tests.test_radio_scope" name="test_separate_radio_is_allowed_and_untouched" time="0.373" /><testcase classname="tests.test_topology_service" name="test_complete_topology_two_pods_reconnect_uuid_recreation_and_service_crash" time="7.518" /></testsuite></testsuites>