<?xml version="1.0" encoding="utf-8"?><testsuites name="pytest tests"><testsuite name="pytest" errors="0" failures="0" skipped="0" tests="3" time="0.732" timestamp="2026-09-15T18:51:17.428222-07:00" hostname="rev150"><testcase classname="tests.test_qualification" name="test_read_only_collects_draft_without_credentials_or_writes" time="0.267" /><testcase classname="tests.test_qualification" name="test_mutual_tls_collection_and_peer_pin" time="0.414" /><testcase classname="tests.test_qualification" name="test_qualification_rejects_plaintext_remote_and_unsafe_secrets" time="0.001" /></testsuite></testsuites>