<?xml version='1.0' encoding='utf-8'?>
<testsuites name="pytest tests"><testsuite name="pytest" errors="0" failures="0" skipped="0" tests="483" time="3.951" timestamp="2026-09-21T21:01:45.434405-07:00" hostname="rev150"><testcase classname="tests.test_agents" name="test_agent_directory_expires_and_retains_identity" time="0.002" /><testcase classname="tests.test_agents" name="test_duplicate_virtual_agent_binding_rejected[al_mac]" time="0.007" /><testcase classname="tests.test_agents" name="test_duplicate_virtual_agent_binding_rejected[expected_serial]" time="0.001" /><testcase classname="tests.test_agents" name="test_virtual_agent_requires_explicit_lab_unicast_address[03:00:00:00:00:01]" time="0.000" /><testcase classname="tests.test_agents" name="test_virtual_agent_requires_explicit_lab_unicast_address[00:00:00:00:00:01]" time="0.000" /><testcase classname="tests.test_agents" name="test_virtual_agent_requires_explicit_lab_unicast_address[not-a-mac]" time="0.000" /><testcase classname="tests.test_agents" name="test_model_cannot_claim_observed_agent" time="0.001" /><testcase classname="tests.test_agents" name="test_agents_local_request_contract" time="0.020" /><testcase classname="tests.test_agents" name="test_sole_radio_scope_requires_bound_ovsdb_simulation[missing-binding]" time="0.001" /><testcase classname="tests.test_agents" name="test_sole_radio_scope_requires_bound_ovsdb_simulation[model-mode]" time="0.001" /><testcase classname="tests.test_api" name="test_service_local_api_and_read_only_mode" time="0.074" /><testcase classname="tests.test_api" name="test_api_malformed_and_oversized_frame_no_side_effect" time="0.003" /><testcase classname="tests.test_easymesh_payloads" name="test_independent_native_fixture_provenance" time="0.001" /><testcase classname="tests.test_easymesh_payloads" name="test_decode_and_encode_against_independent_native_bytes_and_fields[native-frame-1-0x80]" time="0.000" /><testcase classname="tests.test_easymesh_payloads" name="test_decode_and_encode_against_independent_native_bytes_and_fields[native-frame-1-0x81]" time="0.000" /><testcase classname="tests.test_easymesh_payloads" name="test_decode_and_encode_against_independent_native_bytes_and_fields[native-frame-1-0xb3]" time="0.000" /><testcase classname="tests.test_easymesh_payloads" name="test_decode_and_encode_against_independent_native_bytes_and_fields[native-frame-2-0x80]" time="0.000" /><testcase classname="tests.test_easymesh_payloads" name="test_decode_and_encode_against_independent_native_bytes_and_fields[native-frame-2-0xb3]" time="0.000" /><testcase classname="tests.test_easymesh_payloads" name="test_decode_and_encode_against_independent_native_bytes_and_fields[native-frame-2-0xb4]" time="0.000" /><testcase classname="tests.test_easymesh_payloads" name="test_decode_and_encode_against_independent_native_bytes_and_fields[native-frame-5-0x85]" time="0.000" /><testcase classname="tests.test_easymesh_payloads" name="test_decode_and_encode_against_independent_native_bytes_and_fields[native-frame-5-0xb4]" time="0.000" /><testcase classname="tests.test_easymesh_payloads" name="test_decode_and_encode_against_independent_native_bytes_and_fields[native-frame-5-0xbe]" time="0.000" /><testcase classname="tests.test_easymesh_payloads" name="test_decode_and_encode_against_independent_native_bytes_and_fields[native-frame-7-0x82]" time="0.000" /><testcase classname="tests.test_easymesh_payloads" name="test_decode_and_encode_against_independent_native_bytes_and_fields[native-frame-20-0x80]" time="0.000" /><testcase classname="tests.test_easymesh_payloads" name="test_decode_and_encode_against_independent_native_bytes_and_fields[native-frame-20-0x83]" time="0.000" /><testcase classname="tests.test_easymesh_payloads" name="test_decode_and_encode_against_independent_native_bytes_and_fields[native-frame-20-0xb3]" time="0.000" /><testcase classname="tests.test_easymesh_payloads" name="test_decode_and_encode_against_independent_native_bytes_and_fields[native-frame-22-0xa1]" time="0.000" /><testcase classname="tests.test_easymesh_payloads" name="test_decode_and_encode_against_independent_native_bytes_and_fields[native-frame-22-0x85]" time="0.000" /><testcase classname="tests.test_easymesh_payloads" name="test_decode_and_encode_against_independent_native_bytes_and_fields[native-frame-22-0xbe]" time="0.000" /><testcase classname="tests.test_easymesh_payloads" name="test_decode_and_encode_against_independent_native_bytes_and_fields[native-frame-22-0xb4]" time="0.000" /><testcase classname="tests.test_easymesh_payloads" name="test_selected_table_layouts_have_exact_expected_bytes[payload0-00]" time="0.000" /><testcase classname="tests.test_easymesh_payloads" name="test_selected_table_layouts_have_exact_expected_bytes[payload1-0101]" time="0.000" /><testcase classname="tests.test_easymesh_payloads" name="test_selected_table_layouts_have_exact_expected_bytes[payload2-020001]" time="0.000" /><testcase classname="tests.test_easymesh_payloads" name="test_selected_table_layouts_have_exact_expected_bytes[payload3-00]" time="0.000" /><testcase classname="tests.test_easymesh_payloads" name="test_selected_table_layouts_have_exact_expected_bytes[payload4-0100]" time="0.000" /><testcase classname="tests.test_easymesh_payloads" name="test_selected_table_layouts_have_exact_expected_bytes[payload5-020000ec0200]" time="0.000" /><testcase classname="tests.test_easymesh_payloads" name="test_selected_table_layouts_have_exact_expected_bytes[payload6-01]" time="0.000" /><testcase classname="tests.test_easymesh_payloads" name="test_selected_table_layouts_have_exact_expected_bytes[payload7-02]" time="0.000" /><testcase classname="tests.test_easymesh_payloads" name="test_selected_table_layouts_have_exact_expected_bytes[payload8-03]" time="0.000" /><testcase classname="tests.test_easymesh_payloads" name="test_selected_table_layouts_have_exact_expected_bytes[payload9-00]" time="0.000" /><testcase classname="tests.test_easymesh_payloads" name="test_selected_table_layouts_have_exact_expected_bytes[payload10-01020000ec020000]" time="0.000" /><testcase classname="tests.test_easymesh_payloads" name="test_selected_table_layouts_have_exact_expected_bytes[payload11-02020000ec020002020000ec020103ff0041020000ec020202c3a9020000ec030000]" time="0.000" /><testcase classname="tests.test_easymesh_payloads" name="test_every_truncation_and_extra_octet_fails_closed[prefix-frame-1-0x80]" time="0.000" /><testcase classname="tests.test_easymesh_payloads" name="test_every_truncation_and_extra_octet_fails_closed[prefix-frame-1-0x81]" time="0.000" /><testcase classname="tests.test_easymesh_payloads" name="test_every_truncation_and_extra_octet_fails_closed[prefix-frame-1-0xb3]" time="0.000" /><testcase classname="tests.test_easymesh_payloads" name="test_every_truncation_and_extra_octet_fails_closed[prefix-frame-2-0x80]" time="0.000" /><testcase classname="tests.test_easymesh_payloads" name="test_every_truncation_and_extra_octet_fails_closed[prefix-frame-2-0xb3]" time="0.000" /><testcase classname="tests.test_easymesh_payloads" name="test_every_truncation_and_extra_octet_fails_closed[prefix-frame-2-0xb4]" time="0.000" /><testcase classname="tests.test_easymesh_payloads" name="test_every_truncation_and_extra_octet_fails_closed[prefix-frame-5-0x85]" time="0.000" /><testcase classname="tests.test_easymesh_payloads" name="test_every_truncation_and_extra_octet_fails_closed[prefix-frame-5-0xb4]" time="0.000" /><testcase classname="tests.test_easymesh_payloads" name="test_every_truncation_and_extra_octet_fails_closed[prefix-frame-5-0xbe]" time="0.000" /><testcase classname="tests.test_easymesh_payloads" name="test_every_truncation_and_extra_octet_fails_closed[prefix-frame-7-0x82]" time="0.000" /><testcase classname="tests.test_easymesh_payloads" name="test_every_truncation_and_extra_octet_fails_closed[prefix-frame-20-0x80]" time="0.000" /><testcase classname="tests.test_easymesh_payloads" name="test_every_truncation_and_extra_octet_fails_closed[prefix-frame-20-0x83]" time="0.000" /><testcase classname="tests.test_easymesh_payloads" name="test_every_truncation_and_extra_octet_fails_closed[prefix-frame-20-0xb3]" time="0.000" /><testcase classname="tests.test_easymesh_payloads" name="test_every_truncation_and_extra_octet_fails_closed[prefix-frame-22-0xa1]" time="0.000" /><testcase classname="tests.test_easymesh_payloads" name="test_every_truncation_and_extra_octet_fails_closed[prefix-frame-22-0x85]" time="0.000" /><testcase classname="tests.test_easymesh_payloads" name="test_every_truncation_and_extra_octet_fails_closed[prefix-frame-22-0xbe]" time="0.000" /><testcase classname="tests.test_easymesh_payloads" name="test_every_truncation_and_extra_octet_fails_closed[prefix-frame-22-0xb4]" time="0.000" /><testcase classname="tests.test_easymesh_payloads" name="test_all_reserved_profiles_use_explicit_receiver_without_changing_raw_value" time="0.001" /><testcase classname="tests.test_easymesh_payloads" name="test_reserved_services_are_ignored_for_roles_and_forbidden_for_senders" time="0.002" /><testcase classname="tests.test_easymesh_payloads" name="test_ssid_octet_boundaries_are_preserved_without_unicode_assumptions[0]" time="0.000" /><testcase classname="tests.test_easymesh_payloads" name="test_ssid_octet_boundaries_are_preserved_without_unicode_assumptions[32]" time="0.000" /><testcase classname="tests.test_easymesh_payloads" name="test_inconsistent_nested_counts_or_ssid_lengths_rejected[0-0]" time="0.000" /><testcase classname="tests.test_easymesh_payloads" name="test_inconsistent_nested_counts_or_ssid_lengths_rejected[0-2]" time="0.000" /><testcase classname="tests.test_easymesh_payloads" name="test_inconsistent_nested_counts_or_ssid_lengths_rejected[7-0]" time="0.000" /><testcase classname="tests.test_easymesh_payloads" name="test_inconsistent_nested_counts_or_ssid_lengths_rejected[7-2]" time="0.000" /><testcase classname="tests.test_easymesh_payloads" name="test_inconsistent_nested_counts_or_ssid_lengths_rejected[14-33]" time="0.000" /><testcase classname="tests.test_easymesh_payloads" name="test_inconsistent_nested_counts_or_ssid_lengths_rejected[14-2]" time="0.000" /><testcase classname="tests.test_easymesh_payloads" name="test_invalid_outbound_objects_fail_without_leaking_values[SupportedServices0]" time="0.000" /><testcase classname="tests.test_easymesh_payloads" name="test_invalid_outbound_objects_fail_without_leaking_values[SupportedServices1]" time="0.000" /><testcase classname="tests.test_easymesh_payloads" name="test_invalid_outbound_objects_fail_without_leaking_values[SupportedServices2]" time="0.000" /><testcase classname="tests.test_easymesh_payloads" name="test_invalid_outbound_objects_fail_without_leaking_values[SupportedServices3]" time="0.000" /><testcase classname="tests.test_easymesh_payloads" name="test_invalid_outbound_objects_fail_without_leaking_values[SupportedServices4]" time="0.000" /><testcase classname="tests.test_easymesh_payloads" name="test_invalid_outbound_objects_fail_without_leaking_values[SearchedServices]" time="0.000" /><testcase classname="tests.test_easymesh_payloads" name="test_invalid_outbound_objects_fail_without_leaking_values[RadioIdentifier0]" time="0.000" /><testcase classname="tests.test_easymesh_payloads" name="test_invalid_outbound_objects_fail_without_leaking_values[RadioIdentifier1]" time="0.000" /><testcase classname="tests.test_easymesh_payloads" name="test_invalid_outbound_objects_fail_without_leaking_values[MultiAPProfile0]" time="0.000" /><testcase classname="tests.test_easymesh_payloads" name="test_invalid_outbound_objects_fail_without_leaking_values[MultiAPProfile1]" time="0.000" /><testcase classname="tests.test_easymesh_payloads" name="test_invalid_outbound_objects_fail_without_leaking_values[APOperationalBss0]" time="0.000" /><testcase classname="tests.test_easymesh_payloads" name="test_invalid_outbound_objects_fail_without_leaking_values[APOperationalBss1]" time="0.000" /><testcase classname="tests.test_easymesh_payloads" name="test_invalid_outbound_objects_fail_without_leaking_values[APOperationalBss2]" time="0.000" /><testcase classname="tests.test_easymesh_payloads" name="test_invalid_outbound_objects_fail_without_leaking_values[APOperationalBss3]" time="0.000" /><testcase classname="tests.test_easymesh_payloads" name="test_invalid_outbound_objects_fail_without_leaking_values[APOperationalBss4]" time="0.000" /><testcase classname="tests.test_easymesh_payloads" name="test_invalid_outbound_objects_fail_without_leaking_values[APOperationalBss5]" time="0.000" /><testcase classname="tests.test_easymesh_payloads" name="test_invalid_outbound_objects_fail_without_leaking_values[APOperationalBss6]" time="0.000" /><testcase classname="tests.test_easymesh_payloads" name="test_invalid_outbound_objects_fail_without_leaking_values[APOperationalBss7]" time="0.000" /><testcase classname="tests.test_easymesh_payloads" name="test_invalid_outbound_objects_fail_without_leaking_values[NoneType]" time="0.000" /><testcase classname="tests.test_easymesh_payloads" name="test_count_255_is_representable_without_claiming_unique_real_resources" time="0.001" /><testcase classname="tests.test_easymesh_payloads" name="test_byte_budget_is_a_local_limit_not_a_normative_invalidity" time="0.000" /><testcase classname="tests.test_easymesh_payloads" name="test_invalid_api_inputs_have_component_errors[True-\x00]" time="0.000" /><testcase classname="tests.test_easymesh_payloads" name="test_invalid_api_inputs_have_component_errors[-1-\x00]" time="0.000" /><testcase classname="tests.test_easymesh_payloads" name="test_invalid_api_inputs_have_component_errors[256-\x00]" time="0.000" /><testcase classname="tests.test_easymesh_payloads" name="test_invalid_api_inputs_have_component_errors[128-00]" time="0.000" /><testcase classname="tests.test_easymesh_payloads" name="test_unsupported_type_is_not_silently_interpreted" time="0.000" /><testcase classname="tests.test_easymesh_payloads" name="test_offline_cli_reports_value_without_runtime_state_or_transport" time="0.002" /><testcase classname="tests.test_easymesh_payloads" name="test_cli_rejects_lxd_execution_invalid_hex_and_full_tlv" time="0.002" /><testcase classname="tests.test_easymesh_payloads" name="test_file_and_hex_inputs_are_bounded_and_special_files_do_not_block" time="0.001" /><testcase classname="tests.test_easymesh_payloads" name="test_reserved_service_diagnostics_and_profile_context_are_explicit" time="0.000" /><testcase classname="tests.test_evaluation" name="test_scenario_contracts[path0]" time="0.006" /><testcase classname="tests.test_evaluation" name="test_scenario_contracts[path1]" time="0.000" /><testcase classname="tests.test_evaluation" name="test_scenario_contracts[path2]" time="0.000" /><testcase classname="tests.test_evaluation" name="test_scenario_contracts[path3]" time="0.000" /><testcase classname="tests.test_evaluation" name="test_scenario_contracts[path4]" time="0.000" /><testcase classname="tests.test_evaluation" name="test_scenario_contracts[path5]" time="0.000" /><testcase classname="tests.test_evaluation" name="test_scenario_contracts[path6]" time="0.000" /><testcase classname="tests.test_evaluation" name="test_scenario_contracts[path7]" time="0.000" /><testcase classname="tests.test_evaluation" name="test_scenario_contracts[path8]" time="0.000" /><testcase classname="tests.test_evaluation" name="test_scenario_contracts[path9]" time="0.000" /><testcase classname="tests.test_evaluation" name="test_scenario_contracts[path10]" time="0.000" /><testcase classname="tests.test_evaluation" name="test_unknown_configuration_and_request_fields_rejected" time="0.002" /><testcase classname="tests.test_evaluation" name="test_runner_blocked_wire_has_no_semantic_fallback" time="0.066" /><testcase classname="tests.test_evaluation" name="test_model_repetition_evidence_comparison_and_immutability" time="0.161" /><testcase classname="tests.test_evaluation" name="test_model_scenarios[component-lost-reply-OBSERVED_APPLIED]" time="0.080" /><testcase classname="tests.test_evaluation" name="test_model_scenarios[application-rejection-TIMED_OUT]" time="0.099" /><testcase classname="tests.test_evaluation" name="test_model_scenarios[competing-writer-OWNERSHIP_CONFLICT]" time="0.086" /><testcase classname="tests.test_evaluation" name="test_model_scenarios[multi-pod-isolation-TIMED_OUT]" time="0.169" /><testcase classname="tests.test_evaluation" name="test_model_scenarios[controller-restart-OBSERVED_APPLIED]" time="0.108" /><testcase classname="tests.test_evaluation" name="test_late_model_application_does_not_pass_original_deadline" time="0.079" /><testcase classname="tests.test_evaluation" name="test_missing_required_evidence_and_wrong_fault_boundary_do_not_pass" time="0.053" /><testcase classname="tests.test_evaluation" name="test_lxd_command_routes_only_named_endpoints" time="0.000" /><testcase classname="tests.test_feature_capabilities" name="test_hand_calculated_feature_table_values[payload0-00]" time="0.000" /><testcase classname="tests.test_feature_capabilities" name="test_hand_calculated_feature_table_values[payload1-f8]" time="0.000" /><testcase classname="tests.test_feature_capabilities" name="test_hand_calculated_feature_table_values[payload2-01007802]" time="0.000" /><testcase classname="tests.test_feature_capabilities" name="test_hand_calculated_feature_table_values[payload3-ff0080ff]" time="0.000" /><testcase classname="tests.test_feature_capabilities" name="test_hand_calculated_feature_table_values[payload4-02000001400100]" time="0.000" /><testcase classname="tests.test_feature_capabilities" name="test_hand_calculated_feature_table_values[payload5-020000014001fe]" time="0.000" /><testcase classname="tests.test_feature_capabilities" name="test_ap_capability_feature_bit_meanings_from_table_29[7-unassociated_metrics_on_channel]" time="0.000" /><testcase classname="tests.test_feature_capabilities" name="test_ap_capability_feature_bit_meanings_from_table_29[6-unassociated_metrics_off_channel]" time="0.000" /><testcase classname="tests.test_feature_capabilities" name="test_ap_capability_feature_bit_meanings_from_table_29[5-agent_initiated_rcpi_steering]" time="0.000" /><testcase classname="tests.test_feature_capabilities" name="test_ap_capability_feature_bit_meanings_from_table_29[4-m8_backhaul_sta_reconfiguration]" time="0.000" /><testcase classname="tests.test_feature_capabilities" name="test_ap_capability_feature_bit_meanings_from_table_29[3-rsn_overriding]" time="0.000" /><testcase classname="tests.test_feature_capabilities" name="test_all_flag_values_preserve_reserved_octets_but_do_not_interpret_or_emit_them[161--5-7]" time="0.001" /><testcase classname="tests.test_feature_capabilities" name="test_all_flag_values_preserve_reserved_octets_but_do_not_interpret_or_emit_them[190-\x02\x00\x00\x01@\x01-7-1]" time="0.001" /><testcase classname="tests.test_feature_capabilities" name="test_profile2_units_reserved_values_and_octet_are_never_coerced" time="0.003" /><testcase classname="tests.test_feature_capabilities" name="test_advanced_bits_use_61_meanings_even_when_old_dissector_calls_them_reserved[7-combined_fronthaul_backhaul]" time="0.000" /><testcase classname="tests.test_feature_capabilities" name="test_advanced_bits_use_61_meanings_even_when_old_dissector_calls_them_reserved[6-combined_profile1_profile2]" time="0.000" /><testcase classname="tests.test_feature_capabilities" name="test_advanced_bits_use_61_meanings_even_when_old_dissector_calls_them_reserved[5-mscs]" time="0.000" /><testcase classname="tests.test_feature_capabilities" name="test_advanced_bits_use_61_meanings_even_when_old_dissector_calls_them_reserved[4-scs]" time="0.000" /><testcase classname="tests.test_feature_capabilities" name="test_advanced_bits_use_61_meanings_even_when_old_dissector_calls_them_reserved[3-qos_map]" time="0.000" /><testcase classname="tests.test_feature_capabilities" name="test_advanced_bits_use_61_meanings_even_when_old_dissector_calls_them_reserved[2-dscp_policy]" time="0.000" /><testcase classname="tests.test_feature_capabilities" name="test_advanced_bits_use_61_meanings_even_when_old_dissector_calls_them_reserved[1-qm_scs_traffic_description]" time="0.000" /><testcase classname="tests.test_feature_capabilities" name="test_invalid_outbound_feature_values_are_rejected[payload0]" time="0.000" /><testcase classname="tests.test_feature_capabilities" name="test_invalid_outbound_feature_values_are_rejected[payload1]" time="0.000" /><testcase classname="tests.test_feature_capabilities" name="test_invalid_outbound_feature_values_are_rejected[payload2]" time="0.000" /><testcase classname="tests.test_feature_capabilities" name="test_invalid_outbound_feature_values_are_rejected[payload3]" time="0.000" /><testcase classname="tests.test_feature_capabilities" name="test_invalid_outbound_feature_values_are_rejected[payload4]" time="0.000" /><testcase classname="tests.test_feature_capabilities" name="test_invalid_outbound_feature_values_are_rejected[payload5]" time="0.000" /><testcase classname="tests.test_feature_capabilities" name="test_invalid_outbound_feature_values_are_rejected[payload6]" time="0.000" /><testcase classname="tests.test_feature_capabilities" name="test_invalid_outbound_feature_values_are_rejected[payload7]" time="0.000" /><testcase classname="tests.test_feature_capabilities" name="test_invalid_outbound_feature_values_are_rejected[payload8]" time="0.000" /><testcase classname="tests.test_feature_capabilities" name="test_invalid_outbound_feature_values_are_rejected[payload9]" time="0.000" /><testcase classname="tests.test_feature_capabilities" name="test_counter_unit_rule_requires_explicit_peer_facts[1-False-None-0]" time="0.000" /><testcase classname="tests.test_feature_capabilities" name="test_counter_unit_rule_requires_explicit_peer_facts[1-False-2-0]" time="0.000" /><testcase classname="tests.test_feature_capabilities" name="test_counter_unit_rule_requires_explicit_peer_facts[1-True-1-1]" time="0.000" /><testcase classname="tests.test_feature_capabilities" name="test_counter_unit_rule_requires_explicit_peer_facts[1-True-2-2]" time="0.000" /><testcase classname="tests.test_feature_capabilities" name="test_counter_unit_rule_requires_explicit_peer_facts[2-None-1-1]" time="0.000" /><testcase classname="tests.test_feature_capabilities" name="test_counter_unit_rule_requires_explicit_peer_facts[2-False-2-2]" time="0.000" /><testcase classname="tests.test_feature_capabilities" name="test_counter_unit_rule_requires_explicit_peer_facts[3-None-1-1]" time="0.000" /><testcase classname="tests.test_feature_capabilities" name="test_counter_unit_rule_requires_explicit_peer_facts[3-True-2-2]" time="0.000" /><testcase classname="tests.test_feature_capabilities" name="test_unknown_peer_or_invalid_unit_choice_has_no_default[None-None-1]" time="0.000" /><testcase classname="tests.test_feature_capabilities" name="test_unknown_peer_or_invalid_unit_choice_has_no_default[True-False-None]" time="0.000" /><testcase classname="tests.test_feature_capabilities" name="test_unknown_peer_or_invalid_unit_choice_has_no_default[4-True-1]" time="0.000" /><testcase classname="tests.test_feature_capabilities" name="test_unknown_peer_or_invalid_unit_choice_has_no_default[1.0-False-None]" time="0.000" /><testcase classname="tests.test_feature_capabilities" name="test_unknown_peer_or_invalid_unit_choice_has_no_default[1-None-1]" time="0.000" /><testcase classname="tests.test_feature_capabilities" name="test_unknown_peer_or_invalid_unit_choice_has_no_default[1-false-1]" time="0.000" /><testcase classname="tests.test_feature_capabilities" name="test_unknown_peer_or_invalid_unit_choice_has_no_default[2-1-1]" time="0.000" /><testcase classname="tests.test_feature_capabilities" name="test_unknown_peer_or_invalid_unit_choice_has_no_default[2-None-None]" time="0.000" /><testcase classname="tests.test_feature_capabilities" name="test_unknown_peer_or_invalid_unit_choice_has_no_default[3-True-0]" time="0.000" /><testcase classname="tests.test_feature_capabilities" name="test_unknown_peer_or_invalid_unit_choice_has_no_default[1-True-3]" time="0.000" /><testcase classname="tests.test_feature_capabilities" name="test_unknown_peer_or_invalid_unit_choice_has_no_default[2-True-True]" time="0.000" /><testcase classname="tests.test_feature_capabilities" name="test_unknown_peer_or_invalid_unit_choice_has_no_default[2-True-1.0]" time="0.000" /><testcase classname="tests.test_feature_capabilities" name="test_offline_feature_cli_keeps_units_and_proof_boundaries" time="0.001" /><testcase classname="tests.test_model" name="test_commit_is_not_application_and_partial_state_is_not_success" time="0.094" /><testcase classname="tests.test_model" name="test_rejected_config[reject-FAILED]" time="0.054" /><testcase classname="tests.test_model" name="test_rejected_config[guard-conflict-OWNERSHIP_CONFLICT]" time="0.057" /><testcase classname="tests.test_model" name="test_deadline_and_late_evidence_preserve_timing_verdict[False]" time="0.068" /><testcase classname="tests.test_model" name="test_deadline_and_late_evidence_preserve_timing_verdict[True]" time="0.069" /><testcase classname="tests.test_model" name="test_idempotency_busy_and_scope" time="0.057" /><testcase classname="tests.test_model" name="test_conflict_stops_new_writes" time="0.069" /><testcase classname="tests.test_model" name="test_restart_after_durable_submission_never_blindly_replays" time="0.062" /><testcase classname="tests.test_model" name="test_missing_secret_keeps_read_only_recovery" time="0.056" /><testcase classname="tests.test_model" name="test_transition_guards_and_caller_wait" time="0.049" /><testcase classname="tests.test_model" name="test_secret_and_resource_validation" time="0.042" /><testcase classname="tests.test_model" name="test_writer_lock_and_event_exhaustion" time="0.061" /><testcase classname="tests.test_model" name="test_32_model_pods_isolate_delayed_application" time="0.807" /><testcase classname="tests.test_ovsdb" name="test_transaction_result_validation" time="0.000" /><testcase classname="tests.test_peer_capture" name="test_actual_peer_observations_retain_profile_and_radio_scope_gaps" time="0.001" /><testcase classname="tests.test_peer_capture" name="test_tshark_versions_agree_on_retained_native_capture" time="0.001" /><testcase classname="tests.test_peer_capture" name="test_uncertain_search_response_correlation_is_not_assessed[duplicate]" time="0.001" /><testcase classname="tests.test_peer_capture" name="test_uncertain_search_response_correlation_is_not_assessed[outside-window]" time="0.001" /><testcase classname="tests.test_peer_capture" name="test_uncertain_search_response_correlation_is_not_assessed[wrong-destination]" time="0.001" /><testcase classname="tests.test_peer_capture" name="test_incomplete_decode_cannot_produce_a_positive_inclusion_assessment[truncated-True]" time="0.001" /><testcase classname="tests.test_peer_capture" name="test_incomplete_decode_cannot_produce_a_positive_inclusion_assessment[malformed-True]" time="0.001" /><testcase classname="tests.test_peer_capture" name="test_incomplete_decode_cannot_produce_a_positive_inclusion_assessment[last_fragment-0]" time="0.001" /><testcase classname="tests.test_peer_capture" name="test_incomplete_decode_cannot_produce_a_positive_inclusion_assessment[fragment-2]" time="0.001" /><testcase classname="tests.test_peer_capture" name="test_incomplete_decode_cannot_produce_a_positive_inclusion_assessment[mid-None]" time="0.001" /><testcase classname="tests.test_peer_capture" name="test_missing_and_duplicate_required_fields_are_visible" time="0.000" /><testcase classname="tests.test_peer_capture" name="test_invalid_or_excessive_dissector_projection_rejected[missing-columns]" time="0.000" /><testcase classname="tests.test_peer_capture" name="test_invalid_or_excessive_dissector_projection_rejected[nan-time]" time="0.000" /><testcase classname="tests.test_peer_capture" name="test_invalid_or_excessive_dissector_projection_rejected[ambiguous-frame]" time="0.000" /><testcase classname="tests.test_peer_capture" name="test_invalid_or_excessive_dissector_projection_rejected[frame-budget]" time="0.000" /><testcase classname="tests.test_peer_capture" name="test_failed_tool_does_not_expose_payload_in_error" time="0.051" /><testcase classname="tests.test_peer_capture" name="test_tool_output_budget_applies_even_to_completed_process" time="0.052" /><testcase classname="tests.test_peer_capture" name="test_missing_dissector_retains_failure_without_copying_capture" time="0.002" /><testcase classname="tests.test_profile_audit" name="test_unknown_input_does_not_become_no_feature_support_or_profile_qualification" time="0.004" /><testcase classname="tests.test_profile_audit" name="test_he_always_controls_both_he_and_wifi6_requirements_and_never_m1_companions[True]" time="0.000" /><testcase classname="tests.test_profile_audit" name="test_he_always_controls_both_he_and_wifi6_requirements_and_never_m1_companions[False]" time="0.000" /><testcase classname="tests.test_profile_audit" name="test_he_always_controls_both_he_and_wifi6_requirements_and_never_m1_companions[None]" time="0.000" /><testcase classname="tests.test_profile_audit" name="test_eht_is_agent_wide_if_any_radio_supports_it[True-None-required]" time="0.000" /><testcase classname="tests.test_profile_audit" name="test_eht_is_agent_wide_if_any_radio_supports_it[False-None-unresolved]" time="0.000" /><testcase classname="tests.test_profile_audit" name="test_eht_is_agent_wide_if_any_radio_supports_it[False-False-omit_if_unsupported]" time="0.000" /><testcase classname="tests.test_profile_audit" name="test_eht_is_agent_wide_if_any_radio_supports_it[None-None-unresolved]" time="0.000" /><testcase classname="tests.test_profile_audit" name="test_all_declared_features_still_cannot_pass_a_profile" time="0.000" /><testcase classname="tests.test_profile_audit" name="test_malformed_or_qualification_claim_inputs_are_rejected[duplicate]" time="0.000" /><testcase classname="tests.test_profile_audit" name="test_malformed_or_qualification_claim_inputs_are_rejected[missing]" time="0.000" /><testcase classname="tests.test_profile_audit" name="test_malformed_or_qualification_claim_inputs_are_rejected[string]" time="0.000" /><testcase classname="tests.test_profile_audit" name="test_malformed_or_qualification_claim_inputs_are_rejected[extra]" time="0.000" /><testcase classname="tests.test_profile_audit" name="test_malformed_or_qualification_claim_inputs_are_rejected[claim]" time="0.000" /><testcase classname="tests.test_profile_audit" name="test_malformed_or_qualification_claim_inputs_are_rejected[empty]" time="0.000" /><testcase classname="tests.test_profile_audit" name="test_malformed_or_qualification_claim_inputs_are_rejected[many]" time="0.000" /><testcase classname="tests.test_profile_audit" name="test_malformed_or_qualification_claim_inputs_are_rejected[markup]" time="0.000" /><testcase classname="tests.test_profile_audit" name="test_malformed_or_qualification_claim_inputs_are_rejected[float-profile]" time="0.000" /><testcase classname="tests.test_profile_audit" name="test_malformed_or_qualification_claim_inputs_are_rejected[bool-profile]" time="0.000" /><testcase classname="tests.test_profile_audit" name="test_malformed_or_qualification_claim_inputs_are_rejected[float-unit]" time="0.000" /><testcase classname="tests.test_profile_audit" name="test_bounded_regular_input_files_and_private_errors[json]" time="0.000" /><testcase classname="tests.test_profile_audit" name="test_bounded_regular_input_files_and_private_errors[duplicate]" time="0.000" /><testcase classname="tests.test_profile_audit" name="test_bounded_regular_input_files_and_private_errors[oversize]" time="0.000" /><testcase classname="tests.test_profile_audit" name="test_bounded_regular_input_files_and_private_errors[fifo]" time="0.000" /><testcase classname="tests.test_profile_audit" name="test_examples_cli_exit_codes_and_offline_execution" time="0.003" /><testcase classname="tests.test_qualification" name="test_qualification_rejects_plaintext_remote_and_unsafe_secrets" time="0.003" /><testcase classname="tests.test_radio_capabilities" name="test_explicit_capacities_map_to_exact_bytes_without_inference" time="0.006" /><testcase classname="tests.test_radio_capabilities" name="test_inconsistent_claims_withdraw_whole_pod_payload[stale]" time="0.001" /><testcase classname="tests.test_radio_capabilities" name="test_inconsistent_claims_withdraw_whole_pod_payload[serial]" time="0.001" /><testcase classname="tests.test_radio_capabilities" name="test_inconsistent_claims_withdraw_whole_pod_payload[binding]" time="0.001" /><testcase classname="tests.test_radio_capabilities" name="test_inconsistent_claims_withdraw_whole_pod_payload[pod]" time="0.001" /><testcase classname="tests.test_radio_capabilities" name="test_inconsistent_claims_withdraw_whole_pod_payload[schema]" time="0.001" /><testcase classname="tests.test_radio_capabilities" name="test_inconsistent_claims_withdraw_whole_pod_payload[model]" time="0.001" /><testcase classname="tests.test_radio_capabilities" name="test_inconsistent_claims_withdraw_whole_pod_payload[firmware]" time="0.001" /><testcase classname="tests.test_radio_capabilities" name="test_inconsistent_claims_withdraw_whole_pod_payload[country]" time="0.001" /><testcase classname="tests.test_radio_capabilities" name="test_inconsistent_claims_withdraw_whole_pod_payload[missing-country]" time="0.001" /><testcase classname="tests.test_radio_capabilities" name="test_inconsistent_claims_withdraw_whole_pod_payload[expired]" time="0.001" /><testcase classname="tests.test_radio_capabilities" name="test_inconsistent_claims_withdraw_whole_pod_payload[future]" time="0.001" /><testcase classname="tests.test_radio_capabilities" name="test_inconsistent_claims_withdraw_whole_pod_payload[incomplete]" time="0.001" /><testcase classname="tests.test_radio_capabilities" name="test_inconsistent_claims_withdraw_whole_pod_payload[missing-radio]" time="0.001" /><testcase classname="tests.test_radio_capabilities" name="test_inconsistent_claims_withdraw_whole_pod_payload[extra-radio]" time="0.001" /><testcase classname="tests.test_radio_capabilities" name="test_inconsistent_claims_withdraw_whole_pod_payload[duplicate-radio]" time="0.001" /><testcase classname="tests.test_radio_capabilities" name="test_inconsistent_claims_withdraw_whole_pod_payload[ruid]" time="0.001" /><testcase classname="tests.test_radio_capabilities" name="test_inconsistent_claims_withdraw_whole_pod_payload[evidence]" time="0.001" /><testcase classname="tests.test_radio_capabilities" name="test_inconsistent_claims_withdraw_whole_pod_payload[duplicate-class]" time="0.001" /><testcase classname="tests.test_radio_capabilities" name="test_inconsistent_claims_withdraw_whole_pod_payload[unknown-class]" time="0.001" /><testcase classname="tests.test_radio_capabilities" name="test_inconsistent_claims_withdraw_whole_pod_payload[wrong-channel]" time="0.001" /><testcase classname="tests.test_radio_capabilities" name="test_inconsistent_claims_withdraw_whole_pod_payload[no-operable-channel]" time="0.001" /><testcase classname="tests.test_radio_capabilities" name="test_inconsistent_claims_withdraw_whole_pod_payload[capacity]" time="0.001" /><testcase classname="tests.test_radio_capabilities" name="test_inconsistent_claims_withdraw_whole_pod_payload[observed-channel]" time="0.001" /><testcase classname="tests.test_radio_capabilities" name="test_inconsistent_claims_withdraw_whole_pod_payload[missing-channel]" time="0.001" /><testcase classname="tests.test_radio_capabilities" name="test_inconsistent_claims_withdraw_whole_pod_payload[band]" time="0.001" /><testcase classname="tests.test_radio_capabilities" name="test_inconsistent_claims_withdraw_whole_pod_payload[floating-power]" time="0.001" /><testcase classname="tests.test_radio_capabilities" name="test_inconsistent_claims_withdraw_whole_pod_payload[floating-class]" time="0.001" /><testcase classname="tests.test_radio_capabilities" name="test_inconsistent_claims_withdraw_whole_pod_payload[floating-capacity]" time="0.001" /><testcase classname="tests.test_radio_capabilities" name="test_inconsistent_claims_withdraw_whole_pod_payload[floating-channel]" time="0.001" /><testcase classname="tests.test_radio_capabilities" name="test_untrusted_files_rejected_without_echoing_contents[missing-profile]" time="0.001" /><testcase classname="tests.test_radio_capabilities" name="test_untrusted_files_rejected_without_echoing_contents[profile-hash]" time="0.001" /><testcase classname="tests.test_radio_capabilities" name="test_untrusted_files_rejected_without_echoing_contents[evidence-hash]" time="0.001" /><testcase classname="tests.test_radio_capabilities" name="test_untrusted_files_rejected_without_echoing_contents[missing-evidence]" time="0.001" /><testcase classname="tests.test_radio_capabilities" name="test_untrusted_files_rejected_without_echoing_contents[duplicate-evidence]" time="0.001" /><testcase classname="tests.test_radio_capabilities" name="test_untrusted_files_rejected_without_echoing_contents[physical]" time="0.001" /><testcase classname="tests.test_radio_capabilities" name="test_untrusted_files_rejected_without_echoing_contents[json]" time="0.001" /><testcase classname="tests.test_radio_capabilities" name="test_untrusted_files_rejected_without_echoing_contents[duplicate-json]" time="0.001" /><testcase classname="tests.test_radio_capabilities" name="test_untrusted_files_rejected_without_echoing_contents[oversize-profile]" time="0.001" /><testcase classname="tests.test_radio_capabilities" name="test_untrusted_files_rejected_without_echoing_contents[oversize-evidence]" time="0.002" /><testcase classname="tests.test_radio_capabilities" name="test_untrusted_files_rejected_without_echoing_contents[fifo]" time="0.001" /><testcase classname="tests.test_radio_capabilities" name="test_untrusted_files_rejected_without_echoing_contents[symlink]" time="0.001" /><testcase classname="tests.test_radio_capabilities" name="test_untrusted_files_rejected_without_echoing_contents[directory]" time="0.001" /><testcase classname="tests.test_radio_capabilities" name="test_untrusted_files_rejected_without_echoing_contents[traversal]" time="0.001" /><testcase classname="tests.test_radio_capabilities" name="test_untrusted_files_rejected_without_echoing_contents[zero-max]" time="0.001" /><testcase classname="tests.test_radio_capabilities" name="test_untrusted_files_rejected_without_echoing_contents[power-range]" time="0.001" /><testcase classname="tests.test_radio_capabilities" name="test_untrusted_files_rejected_without_echoing_contents[bool-power]" time="0.001" /><testcase classname="tests.test_radio_capabilities" name="test_untrusted_files_rejected_without_echoing_contents[duplicate-channel]" time="0.003" /><testcase classname="tests.test_radio_capabilities" name="test_untrusted_files_rejected_without_echoing_contents[unknown-field]" time="0.001" /><testcase classname="tests.test_radio_capabilities" name="test_untrusted_files_rejected_without_echoing_contents[naive-time]" time="0.001" /><testcase classname="tests.test_radio_capabilities" name="test_untrusted_files_rejected_without_echoing_contents[missing-completeness]" time="0.001" /><testcase classname="tests.test_radio_capabilities" name="test_missing_input_does_not_connect_or_infer_capabilities" time="0.002" /><testcase classname="tests.test_radio_capabilities" name="test_signed_power_has_independent_boundary_bytes_and_all_prefixes_rejected" time="0.000" /><testcase classname="tests.test_radio_capabilities" name="test_invalid_capability_encoder_objects_fail_closed[payload0]" time="0.000" /><testcase classname="tests.test_radio_capabilities" name="test_invalid_capability_encoder_objects_fail_closed[payload1]" time="0.000" /><testcase classname="tests.test_radio_capabilities" name="test_invalid_capability_encoder_objects_fail_closed[payload2]" time="0.000" /><testcase classname="tests.test_radio_capabilities" name="test_invalid_capability_encoder_objects_fail_closed[payload3]" time="0.000" /><testcase classname="tests.test_radio_capabilities" name="test_invalid_capability_encoder_objects_fail_closed[payload4]" time="0.000" /><testcase classname="tests.test_radio_capabilities" name="test_invalid_capability_encoder_objects_fail_closed[payload5]" time="0.000" /><testcase classname="tests.test_radio_capabilities" name="test_invalid_capability_encoder_objects_fail_closed[payload6]" time="0.000" /><testcase classname="tests.test_radio_capabilities" name="test_invalid_capability_encoder_objects_fail_closed[payload7]" time="0.000" /><testcase classname="tests.test_radio_capabilities" name="test_invalid_capability_encoder_objects_fail_closed[payload8]" time="0.000" /><testcase classname="tests.test_radio_capabilities" name="test_invalid_capability_encoder_objects_fail_closed[payload9]" time="0.000" /><testcase classname="tests.test_radio_capabilities" name="test_invalid_capability_encoder_objects_fail_closed[payload10]" time="0.000" /><testcase classname="tests.test_radio_capabilities" name="test_invalid_capability_encoder_objects_fail_closed[payload11]" time="0.000" /><testcase classname="tests.test_radio_capabilities" name="test_invalid_capability_encoder_objects_fail_closed[payload12]" time="0.000" /><testcase classname="tests.test_radio_capabilities" name="test_invalid_capability_encoder_objects_fail_closed[payload13]" time="0.000" /><testcase classname="tests.test_radio_guard" name="test_mutations_refuse_non_dedicated_vm[setup]" time="0.001" /><testcase classname="tests.test_radio_guard" name="test_mutations_refuse_non_dedicated_vm[smoke]" time="0.000" /><testcase classname="tests.test_radio_guard" name="test_mutations_refuse_non_dedicated_vm[cleanup]" time="0.000" /><testcase classname="tests.test_radio_guard" name="test_cleanup_checks_ownership_before_deletion" time="0.001" /><testcase classname="tests.test_radio_manager" name="test_incomplete_or_disagreeing_radio_reads_cannot_publish_success[status-state-DISABLED]" time="0.000" /><testcase classname="tests.test_radio_manager" name="test_incomplete_or_disagreeing_radio_reads_cannot_publish_success[interface-ssid-different]" time="0.000" /><testcase classname="tests.test_radio_manager" name="test_incomplete_or_disagreeing_radio_reads_cannot_publish_success[interface-type-managed]" time="0.000" /><testcase classname="tests.test_radio_manager" name="test_incomplete_or_disagreeing_radio_reads_cannot_publish_success[interface-channel-11]" time="0.000" /><testcase classname="tests.test_radio_manager" name="test_incomplete_or_disagreeing_radio_reads_cannot_publish_success[config-key_mgmt-SAE]" time="0.000" /><testcase classname="tests.test_radio_manager" name="test_incomplete_or_disagreeing_radio_reads_cannot_publish_success[config-passphrase-]" time="0.000" /><testcase classname="tests.test_radio_manager" name="test_observation_contains_driver_values_and_config_repr_hides_key" time="0.000" /><testcase classname="tests.test_radio_manager" name="test_privileged_helpers_refuse_other_hosts_before_commands[common]" time="0.000" /><testcase classname="tests.test_radio_manager" name="test_privileged_helpers_refuse_other_hosts_before_commands[node]" time="0.000" /><testcase classname="tests.test_topology" name="test_complete_observed_graph_maps_ids_and_excludes_station_from_ap_value" time="0.001" /><testcase classname="tests.test_topology" name="test_order_changes_and_uuid_recreation_preserve_logical_report_and_payload" time="0.001" /><testcase classname="tests.test_topology" name="test_incomplete_or_changed_graph_never_returns_partial_payload[stale]" time="0.000" /><testcase classname="tests.test_topology" name="test_incomplete_or_changed_graph_never_returns_partial_payload[pod]" time="0.000" /><testcase classname="tests.test_topology" name="test_incomplete_or_changed_graph_never_returns_partial_payload[missing-table]" time="0.000" /><testcase classname="tests.test_topology" name="test_incomplete_or_changed_graph_never_returns_partial_payload[serial]" time="0.000" /><testcase classname="tests.test_topology" name="test_incomplete_or_changed_graph_never_returns_partial_payload[two-nodes]" time="0.000" /><testcase classname="tests.test_topology" name="test_incomplete_or_changed_graph_never_returns_partial_payload[extra-radio]" time="0.001" /><testcase classname="tests.test_topology" name="test_incomplete_or_changed_graph_never_returns_partial_payload[missing-radio]" time="0.000" /><testcase classname="tests.test_topology" name="test_incomplete_or_changed_graph_never_returns_partial_payload[extra-vif]" time="0.000" /><testcase classname="tests.test_topology" name="test_incomplete_or_changed_graph_never_returns_partial_payload[missing-vif]" time="0.000" /><testcase classname="tests.test_topology" name="test_incomplete_or_changed_graph_never_returns_partial_payload[duplicate-name]" time="0.001" /><testcase classname="tests.test_topology" name="test_incomplete_or_changed_graph_never_returns_partial_payload[duplicate-radio-state]" time="0.000" /><testcase classname="tests.test_topology" name="test_incomplete_or_changed_graph_never_returns_partial_payload[duplicate-vif-state]" time="0.001" /><testcase classname="tests.test_topology" name="test_incomplete_or_changed_graph_never_returns_partial_payload[orphan-state]" time="0.001" /><testcase classname="tests.test_topology" name="test_incomplete_or_changed_graph_never_returns_partial_payload[missing-state]" time="0.000" /><testcase classname="tests.test_topology" name="test_incomplete_or_changed_graph_never_returns_partial_payload[config-membership]" time="0.001" /><testcase classname="tests.test_topology" name="test_incomplete_or_changed_graph_never_returns_partial_payload[state-membership]" time="0.001" /><testcase classname="tests.test_topology" name="test_incomplete_or_changed_graph_never_returns_partial_payload[radio-state-name]" time="0.000" /><testcase classname="tests.test_topology" name="test_incomplete_or_changed_graph_never_returns_partial_payload[vif-state-name]" time="0.001" /><testcase classname="tests.test_topology" name="test_incomplete_or_changed_graph_never_returns_partial_payload[radio-mac]" time="0.001" /><testcase classname="tests.test_topology" name="test_incomplete_or_changed_graph_never_returns_partial_payload[vif-mac]" time="0.001" /><testcase classname="tests.test_topology" name="test_incomplete_or_changed_graph_never_returns_partial_payload[zero-mac]" time="0.001" /><testcase classname="tests.test_topology" name="test_incomplete_or_changed_graph_never_returns_partial_payload[multicast-mac]" time="0.001" /><testcase classname="tests.test_topology" name="test_incomplete_or_changed_graph_never_returns_partial_payload[unknown-radio-enabled]" time="0.001" /><testcase classname="tests.test_topology" name="test_incomplete_or_changed_graph_never_returns_partial_payload[unknown-vif-enabled]" time="0.001" /><testcase classname="tests.test_topology" name="test_incomplete_or_changed_graph_never_returns_partial_payload[mode]" time="0.001" /><testcase classname="tests.test_topology" name="test_incomplete_or_changed_graph_never_returns_partial_payload[disabled-radio]" time="0.001" /><testcase classname="tests.test_topology" name="test_incomplete_or_changed_graph_never_returns_partial_payload[missing-ssid]" time="0.001" /><testcase classname="tests.test_topology" name="test_incomplete_or_changed_graph_never_returns_partial_payload[long-ssid]" time="0.001" /><testcase classname="tests.test_topology" name="test_incomplete_or_changed_graph_never_returns_partial_payload[empty-ssid]" time="0.001" /><testcase classname="tests.test_topology" name="test_incomplete_or_changed_graph_never_returns_partial_payload[surrogate-ssid]" time="0.001" /><testcase classname="tests.test_topology" name="test_disabled_bsses_are_not_operational_and_zero_bss_radio_is_explicit" time="0.001" /><testcase classname="tests.test_topology" name="test_explicit_topology_binding_required" time="0.000" /><testcase classname="tests.test_topology" name="test_config_rejects_ambiguous_or_excessive_identity_bindings[radio-id]" time="0.001" /><testcase classname="tests.test_topology" name="test_config_rejects_ambiguous_or_excessive_identity_bindings[vif-id]" time="0.001" /><testcase classname="tests.test_topology" name="test_config_rejects_ambiguous_or_excessive_identity_bindings[vif-name]" time="0.001" /><testcase classname="tests.test_topology" name="test_config_rejects_ambiguous_or_excessive_identity_bindings[ruid]" time="0.001" /><testcase classname="tests.test_topology" name="test_config_rejects_ambiguous_or_excessive_identity_bindings[al-collision]" time="0.001" /><testcase classname="tests.test_topology" name="test_config_rejects_ambiguous_or_excessive_identity_bindings[radio-mac]" time="0.001" /><testcase classname="tests.test_topology" name="test_config_rejects_ambiguous_or_excessive_identity_bindings[vif-mac]" time="0.001" /><testcase classname="tests.test_topology" name="test_config_rejects_ambiguous_or_excessive_identity_bindings[zero-mac]" time="0.001" /><testcase classname="tests.test_topology" name="test_config_rejects_ambiguous_or_excessive_identity_bindings[designated-radio]" time="0.001" /><testcase classname="tests.test_topology" name="test_config_rejects_ambiguous_or_excessive_identity_bindings[designated-bss]" time="0.001" /><testcase classname="tests.test_topology" name="test_config_rejects_ambiguous_or_excessive_identity_bindings[interface-budget]" time="0.002" /><testcase classname="tests.test_topology" name="test_binding_persistence_is_atomic_order_independent_and_survives_endpoint_change" time="0.040" /><testcase classname="tests.test_topology" name="test_service_binding_rejection_releases_writer_lock_before_opening_sessions" time="0.040" /><testcase classname="tests.test_topology" name="test_topology_request_contract" time="0.001" /><testcase classname="tests.test_topology" name="test_manual_example_matches_existing_fixture_configuration" time="0.001" /><testcase classname="tests.test_traceability" name="test_every_architecture_requirement_and_acceptance_has_a_traceability_row" time="0.004" /><testcase classname="tests.test_wsc" name="test_hostap_key_derivation_and_identity_binding[synthetic-exchange]" time="0.036" /><testcase classname="tests.test_wsc" name="test_hostap_key_derivation_and_identity_binding[leading-zero-shared-secret]" time="0.027" /><testcase classname="tests.test_wsc" name="test_hostap_authenticator_includes_unknown_attribute_and_exact_previous_bytes[synthetic-exchange]" time="0.000" /><testcase classname="tests.test_wsc" name="test_hostap_authenticator_includes_unknown_attribute_and_exact_previous_bytes[leading-zero-shared-secret]" time="0.000" /><testcase classname="tests.test_wsc" name="test_hostap_encrypted_settings_and_independent_failures[synthetic-exchange]" time="0.001" /><testcase classname="tests.test_wsc" name="test_hostap_encrypted_settings_and_independent_failures[leading-zero-shared-secret]" time="0.001" /><testcase classname="tests.test_wsc" name="test_ephemeral_randomness_and_no_secret_representations" time="0.001" /><testcase classname="tests.test_wsc" name="test_invalid_public_keys_include_non_subgroup_value[0]" time="0.000" /><testcase classname="tests.test_wsc" name="test_invalid_public_keys_include_non_subgroup_value[1]" time="0.000" /><testcase classname="tests.test_wsc" name="test_invalid_public_keys_include_non_subgroup_value[original-name-sha256=0ddf1271dbe71f8523e4f854c167f2e0832a410242c09a756dafc22141375e59]" time="0.000" /><testcase classname="tests.test_wsc" name="test_invalid_public_keys_include_non_subgroup_value[original-name-sha256=ecd1cc290596487c216cd4c288e42fe758f2cd0cbc839d84e29066ee2b50562b]" time="0.000" /><testcase classname="tests.test_wsc" name="test_invalid_public_keys_include_non_subgroup_value[original-name-sha256=837b09fd7f1e2cc75e1b35398333d0c0b991a84c09b5645d38cbb9da8eeee2b3]" time="0.006" /><testcase classname="tests.test_wsc" name="test_reject_incorrect_public_nonce_and_mac_lengths[0]" time="0.000" /><testcase classname="tests.test_wsc" name="test_reject_incorrect_public_nonce_and_mac_lengths[1]" time="0.000" /><testcase classname="tests.test_wsc" name="test_reject_incorrect_public_nonce_and_mac_lengths[2]" time="0.000" /><testcase classname="tests.test_wsc" name="test_reject_incorrect_public_nonce_and_mac_lengths[3]" time="0.000" /><testcase classname="tests.test_wsc" name="test_reject_ambiguous_authentication_trailers" time="0.000" /><testcase classname="tests.test_wsc" name="test_truncation_and_component_admission_limits[\x10]" time="0.000" /><testcase classname="tests.test_wsc" name="test_truncation_and_component_admission_limits[\x10J\x00]" time="0.000" /><testcase classname="tests.test_wsc" name="test_truncation_and_component_admission_limits[\x10J\x00\x02\x10]" time="0.000" /><testcase classname="tests.test_wsc" name="test_truncation_and_component_admission_limits[original-name-sha256=610b045ce393c679d7a57f8a89228dd394d0a1e007131e5d5164a28670481fd5]" time="0.017" /><testcase classname="tests.test_wsc" name="test_truncation_and_component_admission_limits[original-name-sha256=761da621a05d844b529b5a5ac27e5cdceaa2d4f633bab85d192b584212d58dbb]" time="0.002" /><testcase classname="tests.test_wsc" name="test_bad_settings_lengths_and_keys" time="0.000" /><testcase classname="tests.test_wsc" name="test_reserve_attribute_budget_for_authentication_trailer" time="0.010" /><testcase classname="tests.test_wsc" name="test_encrypted_settings_fit_wire_attribute_length" time="0.000" /><testcase classname="tests.test_wsc_messages" name="test_m1_matches_unmodified_hostap_builder" time="0.000" /><testcase classname="tests.test_wsc_messages" name="test_fresh_m1_material_and_no_synthetic_defaults" time="0.001" /><testcase classname="tests.test_wsc_messages" name="test_native_m2_authentication_and_secret_output_handling" time="0.007" /><testcase classname="tests.test_wsc_messages" name="test_required_m2_fields_cannot_be_omitted_even_with_valid_authenticator[104a]" time="0.000" /><testcase classname="tests.test_wsc_messages" name="test_required_m2_fields_cannot_be_omitted_even_with_valid_authenticator[1022]" time="0.000" /><testcase classname="tests.test_wsc_messages" name="test_required_m2_fields_cannot_be_omitted_even_with_valid_authenticator[101a]" time="0.000" /><testcase classname="tests.test_wsc_messages" name="test_required_m2_fields_cannot_be_omitted_even_with_valid_authenticator[1039]" time="0.000" /><testcase classname="tests.test_wsc_messages" name="test_required_m2_fields_cannot_be_omitted_even_with_valid_authenticator[1048]" time="0.000" /><testcase classname="tests.test_wsc_messages" name="test_required_m2_fields_cannot_be_omitted_even_with_valid_authenticator[1032]" time="0.000" /><testcase classname="tests.test_wsc_messages" name="test_required_m2_fields_cannot_be_omitted_even_with_valid_authenticator[1004]" time="0.000" /><testcase classname="tests.test_wsc_messages" name="test_required_m2_fields_cannot_be_omitted_even_with_valid_authenticator[1010]" time="0.000" /><testcase classname="tests.test_wsc_messages" name="test_required_m2_fields_cannot_be_omitted_even_with_valid_authenticator[100d]" time="0.000" /><testcase classname="tests.test_wsc_messages" name="test_required_m2_fields_cannot_be_omitted_even_with_valid_authenticator[1008]" time="0.000" /><testcase classname="tests.test_wsc_messages" name="test_required_m2_fields_cannot_be_omitted_even_with_valid_authenticator[1021]" time="0.000" /><testcase classname="tests.test_wsc_messages" name="test_required_m2_fields_cannot_be_omitted_even_with_valid_authenticator[1023]" time="0.000" /><testcase classname="tests.test_wsc_messages" name="test_required_m2_fields_cannot_be_omitted_even_with_valid_authenticator[1024]" time="0.000" /><testcase classname="tests.test_wsc_messages" name="test_required_m2_fields_cannot_be_omitted_even_with_valid_authenticator[1042]" time="0.000" /><testcase classname="tests.test_wsc_messages" name="test_required_m2_fields_cannot_be_omitted_even_with_valid_authenticator[1054]" time="0.000" /><testcase classname="tests.test_wsc_messages" name="test_required_m2_fields_cannot_be_omitted_even_with_valid_authenticator[1011]" time="0.000" /><testcase classname="tests.test_wsc_messages" name="test_required_m2_fields_cannot_be_omitted_even_with_valid_authenticator[103c]" time="0.000" /><testcase classname="tests.test_wsc_messages" name="test_required_m2_fields_cannot_be_omitted_even_with_valid_authenticator[1002]" time="0.000" /><testcase classname="tests.test_wsc_messages" name="test_required_m2_fields_cannot_be_omitted_even_with_valid_authenticator[1009]" time="0.000" /><testcase classname="tests.test_wsc_messages" name="test_required_m2_fields_cannot_be_omitted_even_with_valid_authenticator[1012]" time="0.000" /><testcase classname="tests.test_wsc_messages" name="test_required_m2_fields_cannot_be_omitted_even_with_valid_authenticator[102d]" time="0.000" /><testcase classname="tests.test_wsc_messages" name="test_required_ap_settings_cannot_be_omitted_even_with_valid_crypto[1045]" time="0.007" /><testcase classname="tests.test_wsc_messages" name="test_required_ap_settings_cannot_be_omitted_even_with_valid_crypto[1003]" time="0.007" /><testcase classname="tests.test_wsc_messages" name="test_required_ap_settings_cannot_be_omitted_even_with_valid_crypto[100f]" time="0.007" /><testcase classname="tests.test_wsc_messages" name="test_required_ap_settings_cannot_be_omitted_even_with_valid_crypto[1027]" time="0.007" /><testcase classname="tests.test_wsc_messages" name="test_required_ap_settings_cannot_be_omitted_even_with_valid_crypto[1020]" time="0.007" /><testcase classname="tests.test_wsc_messages" name="test_authentication_precedes_decryption" time="0.007" /><testcase classname="tests.test_wsc_messages" name="test_nonce_and_original_m1_identity_binding" time="0.014" /><testcase classname="tests.test_wsc_messages" name="test_optional_and_unknown_data_is_preserved_in_authenticated_bytes" time="0.013" /><testcase classname="tests.test_wsc_messages" name="test_version_negotiation_does_not_reject_only_a_version_mismatch[None]" time="0.007" /><testcase classname="tests.test_wsc_messages" name="test_version_negotiation_does_not_reject_only_a_version_mismatch[\x007*\x00\x01!]" time="0.007" /><testcase classname="tests.test_wsc_messages" name="test_version_negotiation_does_not_reject_only_a_version_mismatch[\x007*\x00\x010]" time="0.007" /><testcase classname="tests.test_wsc_messages" name="test_legacy_padded_device_strings_preserve_original_authenticator_input" time="0.007" /><testcase classname="tests.test_wsc_messages" name="test_conditional_password_fields_are_preserved_but_not_applied" time="0.014" /><testcase classname="tests.test_wsc_messages" name="test_unknown_vendor_subelements_have_a_bounded_admission_budget" time="0.003" /><testcase classname="tests.test_wsc_messages" name="test_overlong_settings_and_invalid_wfa_substructure_are_rejected" time="0.027" /><testcase classname="tests.test_wsc_messages" name="test_bss_index_placement_and_duplicate_singletons_are_rejected" time="0.007" /><testcase classname="tests.test_wsc_messages" name="test_non_configuration_m2_is_not_misreported_as_provisioned" time="0.007" /><testcase classname="tests.test_wsc_messages" name="test_batch_checks_all_responses_capacity_and_unique_nonce_and_index" time="0.067" /><testcase classname="tests.test_wsc_messages" name="test_invalid_capacity_is_not_used_as_a_radio_capability[0]" time="0.000" /><testcase classname="tests.test_wsc_messages" name="test_invalid_capacity_is_not_used_as_a_radio_capability[17]" time="0.000" /><testcase classname="tests.test_wsc_messages" name="test_invalid_capacity_is_not_used_as_a_radio_capability[True]" time="0.000" /><testcase classname="tests.test_wsc_messages" name="test_invalid_capacity_is_not_used_as_a_radio_capability[1]" time="0.000" /><testcase classname="tests.test_wsc_messages" name="test_m1_input_facts_must_have_supported_representation[uuid]" time="0.000" /><testcase classname="tests.test_wsc_messages" name="test_m1_input_facts_must_have_supported_representation[mac]" time="0.000" /><testcase classname="tests.test_wsc_messages" name="test_m1_input_facts_must_have_supported_representation[length]" time="0.000" /><testcase classname="tests.test_wsc_messages" name="test_m1_input_facts_must_have_supported_representation[padding]" time="0.000" /><testcase classname="tests.test_wsc_messages" name="test_m1_input_facts_must_have_supported_representation[band]" time="0.000" /><testcase classname="tests.test_wsc_messages" name="test_m1_input_facts_must_have_supported_representation[state]" time="0.000" /><testcase classname="tests.test_wsc_messages" name="test_m1_input_facts_must_have_supported_representation[bool]" time="0.000" /><testcase classname="tests.test_wsc_messages" name="test_m1_input_facts_must_have_supported_representation[integer]" time="0.000" /><testcase classname="tests.test_wsc_messages" name="test_m1_input_facts_must_have_supported_representation[type]" time="0.000" /><testcase classname="tests.test_wsc_radio" name="test_independent_native_fronthaul_and_teardown_payloads" time="0.014" /><testcase classname="tests.test_wsc_radio" name="test_reserved_role_bits_are_ignored[0]" time="0.007" /><testcase classname="tests.test_wsc_radio" name="test_reserved_role_bits_are_ignored[1]" time="0.007" /><testcase classname="tests.test_wsc_radio" name="test_reserved_role_bits_are_ignored[2]" time="0.007" /><testcase classname="tests.test_wsc_radio" name="test_reserved_role_bits_are_ignored[3]" time="0.007" /><testcase classname="tests.test_wsc_radio" name="test_other_roles_are_preserved_and_never_partially_mapped[0]" time="0.007" /><testcase classname="tests.test_wsc_radio" name="test_other_roles_are_preserved_and_never_partially_mapped[64]" time="0.007" /><testcase classname="tests.test_wsc_radio" name="test_other_roles_are_preserved_and_never_partially_mapped[96]" time="0.007" /><testcase classname="tests.test_wsc_radio" name="test_other_roles_are_preserved_and_never_partially_mapped[128]" time="0.007" /><testcase classname="tests.test_wsc_radio" name="test_other_roles_are_preserved_and_never_partially_mapped[160]" time="0.007" /><testcase classname="tests.test_wsc_radio" name="test_other_roles_are_preserved_and_never_partially_mapped[224]" time="0.007" /><testcase classname="tests.test_wsc_radio" name="test_other_roles_are_preserved_and_never_partially_mapped[36]" time="0.007" /><testcase classname="tests.test_wsc_radio" name="test_other_roles_are_preserved_and_never_partially_mapped[40]" time="0.007" /><testcase classname="tests.test_wsc_radio" name="test_other_roles_are_preserved_and_never_partially_mapped[44]" time="0.007" /><testcase classname="tests.test_wsc_radio" name="test_missing_malformed_ambiguous_or_wrong_vendor_role_is_rejected[\x007*\x00\x01 ]" time="0.007" /><testcase classname="tests.test_wsc_radio" name="test_missing_malformed_ambiguous_or_wrong_vendor_role_is_rejected[\x007*\x06\x00]" time="0.007" /><testcase classname="tests.test_wsc_radio" name="test_missing_malformed_ambiguous_or_wrong_vendor_role_is_rejected[\x007*\x06\x02  ]" time="0.007" /><testcase classname="tests.test_wsc_radio" name="test_missing_malformed_ambiguous_or_wrong_vendor_role_is_rejected[\x007*\x06\x01 \x06\x01 ]" time="0.007" /><testcase classname="tests.test_wsc_radio" name="test_missing_malformed_ambiguous_or_wrong_vendor_role_is_rejected[\x00\x11&quot;\x06\x01 ]" time="0.008" /><testcase classname="tests.test_wsc_radio" name="test_role_must_be_in_encrypted_config_data_and_unique_across_extensions" time="0.014" /><testcase classname="tests.test_wsc_radio" name="test_optional_extensions_and_legacy_key_index_remain_ignored" time="0.007" /><testcase classname="tests.test_wsc_radio" name="test_teardown_ignores_other_setting_values_after_authentication[16]" time="0.014" /><testcase classname="tests.test_wsc_radio" name="test_teardown_ignores_other_setting_values_after_authentication[48]" time="0.014" /><testcase classname="tests.test_wsc_radio" name="test_teardown_ignores_other_setting_values_after_authentication[240]" time="0.014" /><testcase classname="tests.test_wsc_radio" name="test_teardown_ignores_other_setting_values_after_authentication[255]" time="0.014" /><testcase classname="tests.test_wsc_radio" name="test_invalid_authentication_or_conflicting_batch_cannot_become_teardown" time="0.034" /><testcase classname="tests.test_wsc_radio" name="test_multiple_valid_bsses_cannot_be_reduced_to_a_single_patch" time="0.020" /><testcase classname="tests.test_wsc_radio" name="test_unsupported_security_is_not_downgraded[4099-\x00`]" time="0.007" /><testcase classname="tests.test_wsc_radio" name="test_unsupported_security_is_not_downgraded[4111-\x00\x0c]" time="0.007" /><testcase classname="tests.test_wsc_radio" name="test_unsupported_security_is_not_downgraded[4099-\x02\x00]" time="0.007" /><testcase classname="tests.test_wsc_radio" name="test_unsupported_security_is_not_downgraded[4111-\x00\x01]" time="0.007" /><testcase classname="tests.test_wsc_radio" name="test_keys_outside_existing_mapping_are_never_truncated_or_substituted[short]" time="0.007" /><testcase classname="tests.test_wsc_radio" name="test_keys_outside_existing_mapping_are_never_truncated_or_substituted[aaaaaaaaaaaaaaaaaaaaaaaaaaaaaaaaaaaaaaaaaaaaaaaaaaaaaaaaaaaaaaaa]" time="0.007" /><testcase classname="tests.test_wsc_radio" name="test_keys_outside_existing_mapping_are_never_truncated_or_substituted[aaaaaaa\x7f]" time="0.007" /><testcase classname="tests.test_wsc_radio" name="test_keys_outside_existing_mapping_are_never_truncated_or_substituted[aaaaaaa\x80]" time="0.007" /><testcase classname="tests.test_wsc_radio" name="test_keys_outside_existing_mapping_are_never_truncated_or_substituted[password\x00\x00]" time="0.007" /><testcase classname="tests.test_wsc_radio" name="test_keys_outside_existing_mapping_are_never_truncated_or_substituted[pass\x00word]" time="0.007" /><testcase classname="tests.test_wsc_radio" name="test_legacy_passphrase_terminator_and_utf8_mapping_boundary" time="0.027" /><testcase classname="tests.test_wsc_radio" name="test_password_change_is_not_silently_omitted_from_the_candidate" time="0.007" /><testcase classname="tests.test_wsc_radio" name="test_candidate_must_have_been_advertised_in_the_original_m1[4100-\x00\x02]" time="0.014" /><testcase classname="tests.test_wsc_radio" name="test_candidate_must_have_been_advertised_in_the_original_m1[4112-\x00\x04]" time="0.014" /><testcase classname="tests.test_wsc_radio" name="test_role_semantics_wait_until_the_entire_payload_set_is_authenticated" time="0.014" /></testsuite></testsuites>