<?xml version='1.0' encoding='utf-8'?>
<testsuites name="pytest tests"><testsuite name="pytest" errors="0" failures="0" skipped="0" tests="49" time="77.770" timestamp="2026-09-22T12:34:41.000693-07:00" hostname="rev150"><testcase classname="tests.test_connecting_fleet" name="test_two_pods_one_service_isolation_and_crash_recovery" time="5.100" /><testcase classname="tests.test_connecting_pod" name="test_connecting_pod_service_lifecycle" time="4.036" /><testcase classname="tests.test_connecting_pod" name="test_unmatched_identity_cannot_register_or_write[missing]" time="0.193" /><testcase classname="tests.test_connecting_pod" name="test_unmatched_identity_cannot_register_or_write[wrong]" time="0.190" /><testcase classname="tests.test_connecting_pod" name="test_pinned_schema_rejects_duplicate_identity_rows" time="0.189" /><testcase classname="tests.test_connecting_pod" name="test_identity_change_between_plan_and_commit_is_guarded[replace]" time="0.293" /><testcase classname="tests.test_connecting_pod" name="test_identity_change_between_plan_and_commit_is_guarded[recreate]" time="0.298" /><testcase classname="tests.test_discovery_session_ovsdb" name="test_real_database_requires_fresh_discovery_after_reconnect" time="3.491" /><testcase classname="tests.test_ovsdb" name="test_real_ovsdb_component_boundary[none-OBSERVED_APPLIED]" time="0.420" /><testcase classname="tests.test_ovsdb" name="test_real_ovsdb_component_boundary[lost-reply-OBSERVED_APPLIED]" time="1.547" /><testcase classname="tests.test_ovsdb" name="test_real_ovsdb_component_boundary[withhold-TIMED_OUT]" time="0.449" /><testcase classname="tests.test_ovsdb" name="test_real_ovsdb_component_boundary[guard-conflict-OWNERSHIP_CONFLICT]" time="0.419" /><testcase classname="tests.test_ovsdb" name="test_real_ovsdb_component_boundary[compete-OWNERSHIP_CONFLICT]" time="0.423" /><testcase classname="tests.test_ovsdb" name="test_real_ovsdb_component_boundary[partial-TIMED_OUT]" time="0.446" /><testcase classname="tests.test_ovsdb" name="test_monitor_partial_delete_references_and_reconnect" time="8.469" /><testcase classname="tests.test_ovsdb" name="test_pod_initiated_listening_manager" time="0.219" /><testcase classname="tests.test_ovsdb" name="test_four_independent_ovsdb_pods" time="0.727" /><testcase classname="tests.test_ovsdb" name="test_transaction_result_validation" time="0.000" /><testcase classname="tests.test_ovsdb" name="test_snapshot_budget_exhaustion_is_not_ready" time="0.216" /><testcase classname="tests.test_qualification" name="test_read_only_collects_draft_without_credentials_or_writes" time="0.281" /><testcase classname="tests.test_qualification" name="test_mutual_tls_collection_and_peer_pin" time="0.361" /><testcase classname="tests.test_radio_capability_service" name="test_two_pod_service_revalidates_capability_inputs_and_reconnects" time="7.581" /><testcase classname="tests.test_radio_capability_service" name="test_two_pod_technology_and_inventory_survive_reconnect_and_process_restart" time="2.528" /><testcase classname="tests.test_radio_capability_service" name="test_two_pod_wifi6_roles_withdraw_and_recover_without_complete_he_report" time="2.619" /><testcase classname="tests.test_radio_manager" name="test_manager_never_echoes_requested_state_and_rejects_unsupported_scope" time="0.127" /><testcase classname="tests.test_radio_scope" name="test_sole_radio_allows_guarded_change_and_observed_application" time="0.369" /><testcase classname="tests.test_radio_scope" name="test_unqualified_scope_rejected_before_submission[extra-bss]" time="0.406" /><testcase classname="tests.test_radio_scope" name="test_unqualified_scope_rejected_before_submission[orphan-config]" time="0.409" /><testcase classname="tests.test_radio_scope" name="test_unqualified_scope_rejected_before_submission[orphan-state]" time="0.445" /><testcase classname="tests.test_radio_scope" name="test_unqualified_scope_rejected_before_submission[shared-config]" time="0.409" /><testcase classname="tests.test_radio_scope" name="test_unqualified_scope_rejected_before_submission[backhaul-role]" time="0.406" /><testcase classname="tests.test_radio_scope" name="test_unqualified_scope_rejected_before_submission[extra-state-key]" time="0.425" /><testcase classname="tests.test_radio_scope" name="test_scope_race_aborts_entire_transaction[extra-bss]" time="0.427" /><testcase classname="tests.test_radio_scope" name="test_scope_race_aborts_entire_transaction[orphan-config]" time="0.419" /><testcase classname="tests.test_radio_scope" name="test_scope_race_aborts_entire_transaction[orphan-state]" time="0.428" /><testcase classname="tests.test_radio_scope" name="test_scope_race_aborts_entire_transaction[shared-config]" time="0.413" /><testcase classname="tests.test_radio_scope" name="test_scope_race_aborts_entire_transaction[backhaul-role]" time="0.414" /><testcase classname="tests.test_radio_scope" name="test_scope_race_aborts_entire_transaction[extra-state-key]" time="0.448" /><testcase classname="tests.test_radio_scope" name="test_scope_race_aborts_entire_transaction[replace-equal-row]" time="0.415" /><testcase classname="tests.test_radio_scope" name="test_legacy_multi_key_fixture_does_not_qualify_as_sole_credential" time="0.323" /><testcase classname="tests.test_radio_scope" name="test_separate_radio_is_allowed_and_untouched" time="0.437" /><testcase classname="tests.test_reliability" name="test_tls_fleet_recovers_without_losing_isolation_or_original_outcomes" time="10.630" /><testcase classname="tests.test_report_coordinator_ovsdb" name="test_real_connecting_database_state_changes_withdrawal_and_reconnect" time="2.372" /><testcase classname="tests.test_report_coordinator_ovsdb" name="test_report_monitor_cannot_write_and_incompatible_security_withdraws_source" time="1.450" /><testcase classname="tests.test_tls_listener" name="test_incomplete_handshakes_are_bounded_and_expire_without_displacing_pod" time="3.282" /><testcase classname="tests.test_tls_listener" name="test_read_only_qualification_accepts_pod_initiated_tls_without_writes" time="1.313" /><testcase classname="tests.test_tls_listener" name="test_real_database_initiates_authenticated_tls_and_reconnects" time="3.287" /><testcase classname="tests.test_tls_listener" name="test_untrusted_and_wrong_pin_clients_never_replace_valid_session" time="0.289" /><testcase classname="tests.test_topology_service" name="test_complete_topology_two_pods_reconnect_uuid_recreation_and_service_crash" time="7.698" /></testsuite></testsuites>