<?xml version='1.0' encoding='utf-8'?>
<testsuites name="pytest tests"><testsuite name="pytest" errors="0" failures="0" skipped="0" tests="898" time="5.106" timestamp="2026-09-22T12:34:39.860690-07:00" hostname="rev150"><testcase classname="tests.test_agents" name="test_agent_directory_expires_and_retains_identity" time="0.001" /><testcase classname="tests.test_agents" name="test_duplicate_virtual_agent_binding_rejected[al_mac]" time="0.008" /><testcase classname="tests.test_agents" name="test_duplicate_virtual_agent_binding_rejected[expected_serial]" time="0.001" /><testcase classname="tests.test_agents" name="test_virtual_agent_requires_explicit_lab_unicast_address[03:00:00:00:00:01]" time="0.001" /><testcase classname="tests.test_agents" name="test_virtual_agent_requires_explicit_lab_unicast_address[00:00:00:00:00:01]" time="0.001" /><testcase classname="tests.test_agents" name="test_virtual_agent_requires_explicit_lab_unicast_address[not-a-mac]" time="0.001" /><testcase classname="tests.test_agents" name="test_model_cannot_claim_observed_agent" time="0.001" /><testcase classname="tests.test_agents" name="test_agents_local_request_contract" time="0.022" /><testcase classname="tests.test_agents" name="test_tls_service_requires_local_unique_explicit_trust[no-trust]" time="0.004" /><testcase classname="tests.test_agents" name="test_tls_service_requires_local_unique_explicit_trust[no-binding]" time="0.001" /><testcase classname="tests.test_agents" name="test_tls_service_requires_local_unique_explicit_trust[remote-write]" time="0.001" /><testcase classname="tests.test_agents" name="test_tls_service_requires_local_unique_explicit_trust[duplicate-pin]" time="0.002" /><testcase classname="tests.test_agents" name="test_sole_radio_scope_requires_bound_ovsdb_simulation[missing-binding]" time="0.001" /><testcase classname="tests.test_agents" name="test_sole_radio_scope_requires_bound_ovsdb_simulation[model-mode]" time="0.001" /><testcase classname="tests.test_api" name="test_service_local_api_and_read_only_mode" time="0.084" /><testcase classname="tests.test_api" name="test_api_malformed_and_oversized_frame_no_side_effect" time="0.003" /><testcase classname="tests.test_autoconfiguration" name="test_search_literal_vector_and_echoed_mid" time="0.000" /><testcase classname="tests.test_autoconfiguration" name="test_search_response_role_band_service_profile_must_match[15-\x01]" time="0.000" /><testcase classname="tests.test_autoconfiguration" name="test_search_response_role_band_service_profile_must_match[16-\x01]" time="0.000" /><testcase classname="tests.test_autoconfiguration" name="test_search_response_role_band_service_profile_must_match[128-\x01\x01]" time="0.000" /><testcase classname="tests.test_autoconfiguration" name="test_search_response_role_band_service_profile_must_match[179-\x02]" time="0.000" /><testcase classname="tests.test_autoconfiguration" name="test_search_ignores_unrelated_tlv_and_reserved_service_profile_values" time="0.000" /><testcase classname="tests.test_autoconfiguration" name="test_search_required_fields_and_profile1_feature_tlv[1]" time="0.000" /><testcase classname="tests.test_autoconfiguration" name="test_search_required_fields_and_profile1_feature_tlv[13]" time="0.000" /><testcase classname="tests.test_autoconfiguration" name="test_search_required_fields_and_profile1_feature_tlv[14]" time="0.000" /><testcase classname="tests.test_autoconfiguration" name="test_search_required_fields_and_profile1_feature_tlv[128]" time="0.000" /><testcase classname="tests.test_autoconfiguration" name="test_search_required_fields_and_profile1_feature_tlv[129]" time="0.000" /><testcase classname="tests.test_autoconfiguration" name="test_search_required_fields_and_profile1_feature_tlv[179]" time="0.000" /><testcase classname="tests.test_autoconfiguration" name="test_search_required_fields_and_profile1_feature_tlv[180]" time="0.000" /><testcase classname="tests.test_autoconfiguration" name="test_response_missing_and_duplicate_required_fields[15]" time="0.000" /><testcase classname="tests.test_autoconfiguration" name="test_response_missing_and_duplicate_required_fields[16]" time="0.000" /><testcase classname="tests.test_autoconfiguration" name="test_response_missing_and_duplicate_required_fields[128]" time="0.000" /><testcase classname="tests.test_autoconfiguration" name="test_response_missing_and_duplicate_required_fields[179]" time="0.000" /><testcase classname="tests.test_autoconfiguration" name="test_search_unsolicited_wrong_mid_and_deadline_are_rejected" time="0.000" /><testcase classname="tests.test_autoconfiguration" name="test_discovery_repeated_response_cannot_change_bound_advertisement" time="0.000" /><testcase classname="tests.test_autoconfiguration" name="test_native_discovery_fields_are_independent_inputs_with_unqualified_profiles" time="0.002" /><testcase classname="tests.test_autoconfiguration" name="test_m1_contains_all_selected_companions_and_native_transcript" time="0.008" /><testcase classname="tests.test_autoconfiguration" name="test_duplicate_m2_new_mid_and_unrelated_tlv_produce_one_candidate" time="0.022" /><testcase classname="tests.test_autoconfiguration" name="test_duplicate_cannot_hide_extra_radio_configuration" time="0.008" /><testcase classname="tests.test_autoconfiguration" name="test_authenticated_reencrypted_same_configuration_is_still_duplicate" time="0.030" /><testcase classname="tests.test_autoconfiguration" name="test_invalid_reencrypted_retry_cannot_replace_accepted_candidate" time="0.022" /><testcase classname="tests.test_autoconfiguration" name="test_dpp_security_envelope_requires_its_own_processing[171]" time="0.000" /><testcase classname="tests.test_autoconfiguration" name="test_dpp_security_envelope_requires_its_own_processing[172]" time="0.000" /><testcase classname="tests.test_autoconfiguration" name="test_fragmented_complete_request_is_not_dispatched_early" time="0.008" /><testcase classname="tests.test_autoconfiguration" name="test_wrong_peer_link_radio_or_envelope_cannot_consume_exchange[ingress]" time="0.008" /><testcase classname="tests.test_autoconfiguration" name="test_wrong_peer_link_radio_or_envelope_cannot_consume_exchange[generation]" time="0.008" /><testcase classname="tests.test_autoconfiguration" name="test_wrong_peer_link_radio_or_envelope_cannot_consume_exchange[source]" time="0.008" /><testcase classname="tests.test_autoconfiguration" name="test_wrong_peer_link_radio_or_envelope_cannot_consume_exchange[destination]" time="0.008" /><testcase classname="tests.test_autoconfiguration" name="test_wrong_peer_link_radio_or_envelope_cannot_consume_exchange[ruid]" time="0.008" /><testcase classname="tests.test_autoconfiguration" name="test_wrong_peer_link_radio_or_envelope_cannot_consume_exchange[relay]" time="0.008" /><testcase classname="tests.test_autoconfiguration" name="test_wrong_peer_link_radio_or_envelope_cannot_consume_exchange[type]" time="0.008" /><testcase classname="tests.test_autoconfiguration" name="test_companion_configuration_is_never_silently_dropped[181]" time="0.001" /><testcase classname="tests.test_autoconfiguration" name="test_companion_configuration_is_never_silently_dropped[182]" time="0.000" /><testcase classname="tests.test_autoconfiguration" name="test_companion_configuration_is_never_silently_dropped[224]" time="0.000" /><testcase classname="tests.test_autoconfiguration" name="test_companion_configuration_is_never_silently_dropped[225]" time="0.000" /><testcase classname="tests.test_autoconfiguration" name="test_companion_configuration_is_never_silently_dropped[235]" time="0.000" /><testcase classname="tests.test_autoconfiguration" name="test_companion_configuration_is_never_silently_dropped[236]" time="0.000" /><testcase classname="tests.test_autoconfiguration" name="test_failed_complete_request_cannot_be_retried_with_old_transcript[auth]" time="0.015" /><testcase classname="tests.test_autoconfiguration" name="test_failed_complete_request_cannot_be_retried_with_old_transcript[teardown]" time="0.015" /><testcase classname="tests.test_autoconfiguration" name="test_failed_complete_request_cannot_be_retried_with_old_transcript[multiple]" time="0.022" /><testcase classname="tests.test_autoconfiguration" name="test_failed_complete_request_cannot_be_retried_with_old_transcript[m8]" time="0.015" /><testcase classname="tests.test_autoconfiguration" name="test_failed_complete_request_cannot_be_retried_with_old_transcript[empty]" time="0.008" /><testcase classname="tests.test_autoconfiguration" name="test_fresh_exchange_rejects_old_m2_and_uses_fresh_entropy" time="0.001" /><testcase classname="tests.test_autoconfiguration" name="test_retries_duplicates_and_deadline_never_extend_lifetime" time="0.008" /><testcase classname="tests.test_autoconfiguration" name="test_no_m2_before_m1_and_explicit_close_invalidates_material" time="0.000" /><testcase classname="tests.test_autoconfiguration" name="test_invalid_time_budgets[0]" time="0.000" /><testcase classname="tests.test_autoconfiguration" name="test_invalid_time_budgets[-1]" time="0.000" /><testcase classname="tests.test_autoconfiguration" name="test_invalid_time_budgets[61]" time="0.000" /><testcase classname="tests.test_autoconfiguration" name="test_invalid_time_budgets[nan]" time="0.000" /><testcase classname="tests.test_autoconfiguration" name="test_invalid_time_budgets[inf]" time="0.000" /><testcase classname="tests.test_autoconfiguration" name="test_invalid_time_budgets[True]" time="0.000" /><testcase classname="tests.test_autoconfiguration" name="test_explicit_identity_binding_rejects_alias_and_mismatched_m1" time="0.000" /><testcase classname="tests.test_capability_extensions" name="test_normalized_claims_map_to_asymmetric_exact_values_and_bound_inventory" time="0.021" /><testcase classname="tests.test_capability_extensions" name="test_old_contract_is_unknown_and_cannot_advertise_unsupported_technology" time="0.001" /><testcase classname="tests.test_capability_extensions" name="test_technology_fault_withdraws_all_technology_values_only[unknown-ht]" time="0.004" /><testcase classname="tests.test_capability_extensions" name="test_technology_fault_withdraws_all_technology_values_only[unknown-vht]" time="0.004" /><testcase classname="tests.test_capability_extensions" name="test_technology_fault_withdraws_all_technology_values_only[unknown-he]" time="0.004" /><testcase classname="tests.test_capability_extensions" name="test_technology_fault_withdraws_all_technology_values_only[he]" time="0.004" /><testcase classname="tests.test_capability_extensions" name="test_technology_fault_withdraws_all_technology_values_only[missing-radio]" time="0.004" /><testcase classname="tests.test_capability_extensions" name="test_technology_fault_withdraws_all_technology_values_only[duplicate-radio]" time="0.004" /><testcase classname="tests.test_capability_extensions" name="test_technology_fault_withdraws_all_technology_values_only[extra-radio]" time="0.004" /><testcase classname="tests.test_capability_extensions" name="test_technology_fault_withdraws_all_technology_values_only[evidence]" time="0.004" /><testcase classname="tests.test_capability_extensions" name="test_technology_fault_withdraws_all_technology_values_only[scope]" time="0.004" /><testcase classname="tests.test_capability_extensions" name="test_technology_fault_withdraws_all_technology_values_only[tx-float]" time="0.004" /><testcase classname="tests.test_capability_extensions" name="test_technology_fault_withdraws_all_technology_values_only[rx-float]" time="0.004" /><testcase classname="tests.test_capability_extensions" name="test_technology_fault_withdraws_all_technology_values_only[mcs-float]" time="0.004" /><testcase classname="tests.test_capability_extensions" name="test_technology_fault_withdraws_all_technology_values_only[mcs-streams]" time="0.004" /><testcase classname="tests.test_capability_extensions" name="test_technology_fault_withdraws_all_technology_values_only[ht-width]" time="0.004" /><testcase classname="tests.test_capability_extensions" name="test_technology_fault_withdraws_all_technology_values_only[vht-width]" time="0.004" /><testcase classname="tests.test_capability_extensions" name="test_inventory_fault_does_not_guess_or_truncate_strings[serial]" time="0.004" /><testcase classname="tests.test_capability_extensions" name="test_inventory_fault_does_not_guess_or_truncate_strings[firmware]" time="0.004" /><testcase classname="tests.test_capability_extensions" name="test_inventory_fault_does_not_guess_or_truncate_strings[utf8-length]" time="0.004" /><testcase classname="tests.test_capability_extensions" name="test_inventory_fault_does_not_guess_or_truncate_strings[surrogate]" time="0.004" /><testcase classname="tests.test_capability_extensions" name="test_inventory_fault_does_not_guess_or_truncate_strings[radio]" time="0.004" /><testcase classname="tests.test_capability_extensions" name="test_inventory_fault_does_not_guess_or_truncate_strings[duplicate-radio]" time="0.004" /><testcase classname="tests.test_capability_extensions" name="test_inventory_fault_does_not_guess_or_truncate_strings[scope]" time="0.004" /><testcase classname="tests.test_capability_extensions" name="test_invalid_extension_contracts_rejected_before_mapping[missing-support]" time="0.004" /><testcase classname="tests.test_capability_extensions" name="test_invalid_extension_contracts_rejected_before_mapping[string-bool]" time="0.004" /><testcase classname="tests.test_capability_extensions" name="test_invalid_extension_contracts_rejected_before_mapping[true-without-fields]" time="0.004" /><testcase classname="tests.test_capability_extensions" name="test_invalid_extension_contracts_rejected_before_mapping[unknown-field]" time="0.004" /><testcase classname="tests.test_capability_extensions" name="test_invalid_extension_contracts_rejected_before_mapping[missing-vendor]" time="0.004" /><testcase classname="tests.test_capability_extensions" name="test_invalid_extension_contracts_rejected_before_mapping[empty-serial]" time="0.004" /><testcase classname="tests.test_capability_extensions" name="test_invalid_extension_contracts_rejected_before_mapping[bool-streams]" time="0.004" /><testcase classname="tests.test_capability_extensions" name="test_invalid_extension_contracts_rejected_before_mapping[mcs-range]" time="0.004" /><testcase classname="tests.test_capability_extensions" name="test_explicit_unsupported_has_no_values_and_stale_parent_withdraws_everything" time="0.004" /><testcase classname="tests.test_capability_extensions" name="test_width_claims_need_audited_classes_and_center_is_not_a_primary_channel[missing-ht40]" time="0.004" /><testcase classname="tests.test_capability_extensions" name="test_width_claims_need_audited_classes_and_center_is_not_a_primary_channel[missing-vht80]" time="0.004" /><testcase classname="tests.test_capability_extensions" name="test_width_claims_need_audited_classes_and_center_is_not_a_primary_channel[vht160]" time="0.004" /><testcase classname="tests.test_capability_extensions" name="test_width_claims_need_audited_classes_and_center_is_not_a_primary_channel[vht8080]" time="0.004" /><testcase classname="tests.test_capability_extensions" name="test_width_claims_need_audited_classes_and_center_is_not_a_primary_channel[center-as-primary]" time="0.004" /><testcase classname="tests.test_discovery_session" name="test_search_response_then_topology_without_early_or_m1_or_operation" time="0.001" /><testcase classname="tests.test_discovery_session" name="test_native_response_missing_security_and_kib_is_rejected" time="0.000" /><testcase classname="tests.test_discovery_session" name="test_missing_malformed_and_reserved_capabilities_never_admit_reports[221-None-controller_capability_absent]" time="0.000" /><testcase classname="tests.test_discovery_session" name="test_missing_malformed_and_reserved_capabilities_never_admit_reports[221-@-kib_mib_support_absent]" time="0.001" /><testcase classname="tests.test_discovery_session" name="test_missing_malformed_and_reserved_capabilities_never_admit_reports[221-\x80-early_ap_capability_bit_absent_for_non_dpp_search]" time="0.000" /><testcase classname="tests.test_discovery_session" name="test_missing_malformed_and_reserved_capabilities_never_admit_reports[169-None-security_capability_absent]" time="0.000" /><testcase classname="tests.test_discovery_session" name="test_missing_malformed_and_reserved_capabilities_never_admit_reports[169--security_capability_length_invalid]" time="0.000" /><testcase classname="tests.test_discovery_session" name="test_missing_malformed_and_reserved_capabilities_never_admit_reports[169-\x00\x00-security_capability_length_invalid]" time="0.000" /><testcase classname="tests.test_discovery_session" name="test_missing_malformed_and_reserved_capabilities_never_admit_reports[169-\x00\x00\x00\x00-security_capability_length_invalid]" time="0.000" /><testcase classname="tests.test_discovery_session" name="test_missing_malformed_and_reserved_capabilities_never_admit_reports[169-\x01\x00\x00-security_capability_reserved_algorithm]" time="0.000" /><testcase classname="tests.test_discovery_session" name="test_missing_malformed_and_reserved_capabilities_never_admit_reports[169-\x00\x01\x00-security_capability_reserved_algorithm]" time="0.000" /><testcase classname="tests.test_discovery_session" name="test_missing_malformed_and_reserved_capabilities_never_admit_reports[169-\x00\x00\x01-security_capability_reserved_algorithm]" time="0.000" /><testcase classname="tests.test_discovery_session" name="test_reserved_future_controller_bytes_do_not_claim_profile_qualification" time="0.000" /><testcase classname="tests.test_discovery_session" name="test_lost_responses_retry_three_times_new_mids_with_fixed_budget" time="0.000" /><testcase classname="tests.test_discovery_session" name="test_wrong_mid_and_binding_cannot_correlate_controller[42-change0]" time="0.000" /><testcase classname="tests.test_discovery_session" name="test_wrong_mid_and_binding_cannot_correlate_controller[65535-change1]" time="0.000" /><testcase classname="tests.test_discovery_session" name="test_wrong_mid_and_binding_cannot_correlate_controller[65535-change2]" time="0.000" /><testcase classname="tests.test_discovery_session" name="test_late_response_does_not_trigger_send_or_extend_deadline" time="0.000" /><testcase classname="tests.test_discovery_session" name="test_context_loss_removes_report_access_and_requires_fresh_search[disconnect]" time="0.000" /><testcase classname="tests.test_discovery_session" name="test_context_loss_removes_report_access_and_requires_fresh_search[generation]" time="0.000" /><testcase classname="tests.test_discovery_session" name="test_context_loss_removes_report_access_and_requires_fresh_search[lease_gap]" time="0.000" /><testcase classname="tests.test_discovery_session" name="test_context_loss_removes_report_access_and_requires_fresh_search[capability]" time="0.000" /><testcase classname="tests.test_discovery_session" name="test_context_loss_removes_report_access_and_requires_fresh_search[binding]" time="0.000" /><testcase classname="tests.test_discovery_session" name="test_ordinary_revision_preserves_discovery_but_queries_use_current_facts" time="0.000" /><testcase classname="tests.test_discovery_session" name="test_delayed_publication_cannot_bridge_an_expired_lease" time="0.000" /><testcase classname="tests.test_discovery_session" name="test_failed_or_late_search_send_is_not_response_eligible[exception]" time="0.001" /><testcase classname="tests.test_discovery_session" name="test_failed_or_late_search_send_is_not_response_eligible[expired]" time="0.000" /><testcase classname="tests.test_discovery_session" name="test_failed_or_late_search_send_is_not_response_eligible[invalidated]" time="0.000" /><testcase classname="tests.test_discovery_session" name="test_flapping_source_and_explicit_restarts_cannot_burst_searches" time="0.001" /><testcase classname="tests.test_discovery_session" name="test_unsupported_radio_scope_cannot_advertise_discovery" time="0.000" /><testcase classname="tests.test_discovery_session" name="test_closed_session_cannot_be_restarted_by_source_or_packets" time="0.000" /><testcase classname="tests.test_discovery_session" name="test_response_review_is_diagnostic_and_does_not_claim_security_implementation" time="0.000" /><testcase classname="tests.test_easymesh_payloads" name="test_independent_native_fixture_provenance" time="0.000" /><testcase classname="tests.test_easymesh_payloads" name="test_decode_and_encode_against_independent_native_bytes_and_fields[native-frame-1-0x80]" time="0.000" /><testcase classname="tests.test_easymesh_payloads" name="test_decode_and_encode_against_independent_native_bytes_and_fields[native-frame-1-0x81]" time="0.000" /><testcase classname="tests.test_easymesh_payloads" name="test_decode_and_encode_against_independent_native_bytes_and_fields[native-frame-1-0xb3]" time="0.000" /><testcase classname="tests.test_easymesh_payloads" name="test_decode_and_encode_against_independent_native_bytes_and_fields[native-frame-2-0x80]" time="0.000" /><testcase classname="tests.test_easymesh_payloads" name="test_decode_and_encode_against_independent_native_bytes_and_fields[native-frame-2-0xb3]" time="0.000" /><testcase classname="tests.test_easymesh_payloads" name="test_decode_and_encode_against_independent_native_bytes_and_fields[native-frame-2-0xb4]" time="0.000" /><testcase classname="tests.test_easymesh_payloads" name="test_decode_and_encode_against_independent_native_bytes_and_fields[native-frame-5-0x85]" time="0.000" /><testcase classname="tests.test_easymesh_payloads" name="test_decode_and_encode_against_independent_native_bytes_and_fields[native-frame-5-0xb4]" time="0.000" /><testcase classname="tests.test_easymesh_payloads" name="test_decode_and_encode_against_independent_native_bytes_and_fields[native-frame-5-0xbe]" time="0.000" /><testcase classname="tests.test_easymesh_payloads" name="test_decode_and_encode_against_independent_native_bytes_and_fields[native-frame-7-0x82]" time="0.000" /><testcase classname="tests.test_easymesh_payloads" name="test_decode_and_encode_against_independent_native_bytes_and_fields[native-frame-20-0x80]" time="0.000" /><testcase classname="tests.test_easymesh_payloads" name="test_decode_and_encode_against_independent_native_bytes_and_fields[native-frame-20-0x83]" time="0.000" /><testcase classname="tests.test_easymesh_payloads" name="test_decode_and_encode_against_independent_native_bytes_and_fields[native-frame-20-0xb3]" time="0.000" /><testcase classname="tests.test_easymesh_payloads" name="test_decode_and_encode_against_independent_native_bytes_and_fields[native-frame-22-0xa1]" time="0.000" /><testcase classname="tests.test_easymesh_payloads" name="test_decode_and_encode_against_independent_native_bytes_and_fields[native-frame-22-0x85]" time="0.000" /><testcase classname="tests.test_easymesh_payloads" name="test_decode_and_encode_against_independent_native_bytes_and_fields[native-frame-22-0x86]" time="0.000" /><testcase classname="tests.test_easymesh_payloads" name="test_decode_and_encode_against_independent_native_bytes_and_fields[native-frame-22-0x88]" time="0.000" /><testcase classname="tests.test_easymesh_payloads" name="test_decode_and_encode_against_independent_native_bytes_and_fields[native-frame-22-0xbe]" time="0.000" /><testcase classname="tests.test_easymesh_payloads" name="test_decode_and_encode_against_independent_native_bytes_and_fields[native-frame-22-0xb4]" time="0.000" /><testcase classname="tests.test_easymesh_payloads" name="test_decode_and_encode_against_independent_native_bytes_and_fields[native-frame-22-0xd4]" time="0.000" /><testcase classname="tests.test_easymesh_payloads" name="test_selected_table_layouts_have_exact_expected_bytes[payload0-00]" time="0.000" /><testcase classname="tests.test_easymesh_payloads" name="test_selected_table_layouts_have_exact_expected_bytes[payload1-0101]" time="0.000" /><testcase classname="tests.test_easymesh_payloads" name="test_selected_table_layouts_have_exact_expected_bytes[payload2-020001]" time="0.000" /><testcase classname="tests.test_easymesh_payloads" name="test_selected_table_layouts_have_exact_expected_bytes[payload3-00]" time="0.000" /><testcase classname="tests.test_easymesh_payloads" name="test_selected_table_layouts_have_exact_expected_bytes[payload4-0100]" time="0.000" /><testcase classname="tests.test_easymesh_payloads" name="test_selected_table_layouts_have_exact_expected_bytes[payload5-020000ec0200]" time="0.000" /><testcase classname="tests.test_easymesh_payloads" name="test_selected_table_layouts_have_exact_expected_bytes[payload6-01]" time="0.000" /><testcase classname="tests.test_easymesh_payloads" name="test_selected_table_layouts_have_exact_expected_bytes[payload7-02]" time="0.000" /><testcase classname="tests.test_easymesh_payloads" name="test_selected_table_layouts_have_exact_expected_bytes[payload8-03]" time="0.000" /><testcase classname="tests.test_easymesh_payloads" name="test_selected_table_layouts_have_exact_expected_bytes[payload9-00]" time="0.000" /><testcase classname="tests.test_easymesh_payloads" name="test_selected_table_layouts_have_exact_expected_bytes[payload10-01020000ec020000]" time="0.000" /><testcase classname="tests.test_easymesh_payloads" name="test_selected_table_layouts_have_exact_expected_bytes[payload11-02020000ec020002020000ec020103ff0041020000ec020202c3a9020000ec030000]" time="0.000" /><testcase classname="tests.test_easymesh_payloads" name="test_every_truncation_and_extra_octet_fails_closed[prefix-frame-1-0x80]" time="0.000" /><testcase classname="tests.test_easymesh_payloads" name="test_every_truncation_and_extra_octet_fails_closed[prefix-frame-1-0x81]" time="0.000" /><testcase classname="tests.test_easymesh_payloads" name="test_every_truncation_and_extra_octet_fails_closed[prefix-frame-1-0xb3]" time="0.000" /><testcase classname="tests.test_easymesh_payloads" name="test_every_truncation_and_extra_octet_fails_closed[prefix-frame-2-0x80]" time="0.000" /><testcase classname="tests.test_easymesh_payloads" name="test_every_truncation_and_extra_octet_fails_closed[prefix-frame-2-0xb3]" time="0.000" /><testcase classname="tests.test_easymesh_payloads" name="test_every_truncation_and_extra_octet_fails_closed[prefix-frame-2-0xb4]" time="0.000" /><testcase classname="tests.test_easymesh_payloads" name="test_every_truncation_and_extra_octet_fails_closed[prefix-frame-5-0x85]" time="0.000" /><testcase classname="tests.test_easymesh_payloads" name="test_every_truncation_and_extra_octet_fails_closed[prefix-frame-5-0xb4]" time="0.000" /><testcase classname="tests.test_easymesh_payloads" name="test_every_truncation_and_extra_octet_fails_closed[prefix-frame-5-0xbe]" time="0.000" /><testcase classname="tests.test_easymesh_payloads" name="test_every_truncation_and_extra_octet_fails_closed[prefix-frame-7-0x82]" time="0.000" /><testcase classname="tests.test_easymesh_payloads" name="test_every_truncation_and_extra_octet_fails_closed[prefix-frame-20-0x80]" time="0.000" /><testcase classname="tests.test_easymesh_payloads" name="test_every_truncation_and_extra_octet_fails_closed[prefix-frame-20-0x83]" time="0.002" /><testcase classname="tests.test_easymesh_payloads" name="test_every_truncation_and_extra_octet_fails_closed[prefix-frame-20-0xb3]" time="0.000" /><testcase classname="tests.test_easymesh_payloads" name="test_every_truncation_and_extra_octet_fails_closed[prefix-frame-22-0xa1]" time="0.000" /><testcase classname="tests.test_easymesh_payloads" name="test_every_truncation_and_extra_octet_fails_closed[prefix-frame-22-0x85]" time="0.000" /><testcase classname="tests.test_easymesh_payloads" name="test_every_truncation_and_extra_octet_fails_closed[prefix-frame-22-0x86]" time="0.000" /><testcase classname="tests.test_easymesh_payloads" name="test_every_truncation_and_extra_octet_fails_closed[prefix-frame-22-0x88]" time="0.000" /><testcase classname="tests.test_easymesh_payloads" name="test_every_truncation_and_extra_octet_fails_closed[prefix-frame-22-0xbe]" time="0.000" /><testcase classname="tests.test_easymesh_payloads" name="test_every_truncation_and_extra_octet_fails_closed[prefix-frame-22-0xb4]" time="0.000" /><testcase classname="tests.test_easymesh_payloads" name="test_every_truncation_and_extra_octet_fails_closed[prefix-frame-22-0xd4]" time="0.000" /><testcase classname="tests.test_easymesh_payloads" name="test_all_reserved_profiles_use_explicit_receiver_without_changing_raw_value" time="0.001" /><testcase classname="tests.test_easymesh_payloads" name="test_reserved_services_are_ignored_for_roles_and_forbidden_for_senders" time="0.002" /><testcase classname="tests.test_easymesh_payloads" name="test_ssid_octet_boundaries_are_preserved_without_unicode_assumptions[0]" time="0.000" /><testcase classname="tests.test_easymesh_payloads" name="test_ssid_octet_boundaries_are_preserved_without_unicode_assumptions[32]" time="0.000" /><testcase classname="tests.test_easymesh_payloads" name="test_inconsistent_nested_counts_or_ssid_lengths_rejected[0-0]" time="0.000" /><testcase classname="tests.test_easymesh_payloads" name="test_inconsistent_nested_counts_or_ssid_lengths_rejected[0-2]" time="0.000" /><testcase classname="tests.test_easymesh_payloads" name="test_inconsistent_nested_counts_or_ssid_lengths_rejected[7-0]" time="0.000" /><testcase classname="tests.test_easymesh_payloads" name="test_inconsistent_nested_counts_or_ssid_lengths_rejected[7-2]" time="0.000" /><testcase classname="tests.test_easymesh_payloads" name="test_inconsistent_nested_counts_or_ssid_lengths_rejected[14-33]" time="0.000" /><testcase classname="tests.test_easymesh_payloads" name="test_inconsistent_nested_counts_or_ssid_lengths_rejected[14-2]" time="0.000" /><testcase classname="tests.test_easymesh_payloads" name="test_invalid_outbound_objects_fail_without_leaking_values[SupportedServices0]" time="0.000" /><testcase classname="tests.test_easymesh_payloads" name="test_invalid_outbound_objects_fail_without_leaking_values[SupportedServices1]" time="0.000" /><testcase classname="tests.test_easymesh_payloads" name="test_invalid_outbound_objects_fail_without_leaking_values[SupportedServices2]" time="0.000" /><testcase classname="tests.test_easymesh_payloads" name="test_invalid_outbound_objects_fail_without_leaking_values[SupportedServices3]" time="0.000" /><testcase classname="tests.test_easymesh_payloads" name="test_invalid_outbound_objects_fail_without_leaking_values[SupportedServices4]" time="0.000" /><testcase classname="tests.test_easymesh_payloads" name="test_invalid_outbound_objects_fail_without_leaking_values[SearchedServices]" time="0.000" /><testcase classname="tests.test_easymesh_payloads" name="test_invalid_outbound_objects_fail_without_leaking_values[RadioIdentifier0]" time="0.000" /><testcase classname="tests.test_easymesh_payloads" name="test_invalid_outbound_objects_fail_without_leaking_values[RadioIdentifier1]" time="0.000" /><testcase classname="tests.test_easymesh_payloads" name="test_invalid_outbound_objects_fail_without_leaking_values[MultiAPProfile0]" time="0.000" /><testcase classname="tests.test_easymesh_payloads" name="test_invalid_outbound_objects_fail_without_leaking_values[MultiAPProfile1]" time="0.000" /><testcase classname="tests.test_easymesh_payloads" name="test_invalid_outbound_objects_fail_without_leaking_values[APOperationalBss0]" time="0.000" /><testcase classname="tests.test_easymesh_payloads" name="test_invalid_outbound_objects_fail_without_leaking_values[APOperationalBss1]" time="0.000" /><testcase classname="tests.test_easymesh_payloads" name="test_invalid_outbound_objects_fail_without_leaking_values[APOperationalBss2]" time="0.000" /><testcase classname="tests.test_easymesh_payloads" name="test_invalid_outbound_objects_fail_without_leaking_values[APOperationalBss3]" time="0.000" /><testcase classname="tests.test_easymesh_payloads" name="test_invalid_outbound_objects_fail_without_leaking_values[APOperationalBss4]" time="0.000" /><testcase classname="tests.test_easymesh_payloads" name="test_invalid_outbound_objects_fail_without_leaking_values[APOperationalBss5]" time="0.000" /><testcase classname="tests.test_easymesh_payloads" name="test_invalid_outbound_objects_fail_without_leaking_values[APOperationalBss6]" time="0.000" /><testcase classname="tests.test_easymesh_payloads" name="test_invalid_outbound_objects_fail_without_leaking_values[APOperationalBss7]" time="0.000" /><testcase classname="tests.test_easymesh_payloads" name="test_invalid_outbound_objects_fail_without_leaking_values[NoneType]" time="0.000" /><testcase classname="tests.test_easymesh_payloads" name="test_count_255_is_representable_without_claiming_unique_real_resources" time="0.001" /><testcase classname="tests.test_easymesh_payloads" name="test_byte_budget_is_a_local_limit_not_a_normative_invalidity" time="0.000" /><testcase classname="tests.test_easymesh_payloads" name="test_invalid_api_inputs_have_component_errors[True-\x00]" time="0.000" /><testcase classname="tests.test_easymesh_payloads" name="test_invalid_api_inputs_have_component_errors[-1-\x00]" time="0.000" /><testcase classname="tests.test_easymesh_payloads" name="test_invalid_api_inputs_have_component_errors[256-\x00]" time="0.000" /><testcase classname="tests.test_easymesh_payloads" name="test_invalid_api_inputs_have_component_errors[128-00]" time="0.000" /><testcase classname="tests.test_easymesh_payloads" name="test_unsupported_type_is_not_silently_interpreted" time="0.000" /><testcase classname="tests.test_easymesh_payloads" name="test_offline_cli_reports_value_without_runtime_state_or_transport" time="0.003" /><testcase classname="tests.test_easymesh_payloads" name="test_cli_rejects_lxd_execution_invalid_hex_and_full_tlv" time="0.002" /><testcase classname="tests.test_easymesh_payloads" name="test_file_and_hex_inputs_are_bounded_and_special_files_do_not_block" time="0.001" /><testcase classname="tests.test_easymesh_payloads" name="test_reserved_service_diagnostics_and_profile_context_are_explicit" time="0.000" /><testcase classname="tests.test_evaluation" name="test_scenario_contracts[path0]" time="0.007" /><testcase classname="tests.test_evaluation" name="test_scenario_contracts[path1]" time="0.001" /><testcase classname="tests.test_evaluation" name="test_scenario_contracts[path2]" time="0.001" /><testcase classname="tests.test_evaluation" name="test_scenario_contracts[path3]" time="0.001" /><testcase classname="tests.test_evaluation" name="test_scenario_contracts[path4]" time="0.000" /><testcase classname="tests.test_evaluation" name="test_scenario_contracts[path5]" time="0.000" /><testcase classname="tests.test_evaluation" name="test_scenario_contracts[path6]" time="0.000" /><testcase classname="tests.test_evaluation" name="test_scenario_contracts[path7]" time="0.000" /><testcase classname="tests.test_evaluation" name="test_scenario_contracts[path8]" time="0.000" /><testcase classname="tests.test_evaluation" name="test_scenario_contracts[path9]" time="0.001" /><testcase classname="tests.test_evaluation" name="test_scenario_contracts[path10]" time="0.001" /><testcase classname="tests.test_evaluation" name="test_unknown_configuration_and_request_fields_rejected" time="0.003" /><testcase classname="tests.test_evaluation" name="test_runner_blocked_wire_has_no_semantic_fallback" time="0.070" /><testcase classname="tests.test_evaluation" name="test_model_repetition_evidence_comparison_and_immutability" time="0.170" /><testcase classname="tests.test_evaluation" name="test_model_scenarios[component-lost-reply-OBSERVED_APPLIED]" time="0.086" /><testcase classname="tests.test_evaluation" name="test_model_scenarios[application-rejection-TIMED_OUT]" time="0.091" /><testcase classname="tests.test_evaluation" name="test_model_scenarios[competing-writer-OWNERSHIP_CONFLICT]" time="0.092" /><testcase classname="tests.test_evaluation" name="test_model_scenarios[multi-pod-isolation-TIMED_OUT]" time="0.169" /><testcase classname="tests.test_evaluation" name="test_model_scenarios[controller-restart-OBSERVED_APPLIED]" time="0.098" /><testcase classname="tests.test_evaluation" name="test_late_model_application_does_not_pass_original_deadline" time="0.081" /><testcase classname="tests.test_evaluation" name="test_missing_required_evidence_and_wrong_fault_boundary_do_not_pass" time="0.057" /><testcase classname="tests.test_evaluation" name="test_lxd_command_routes_only_named_endpoints" time="0.000" /><testcase classname="tests.test_feature_capabilities" name="test_hand_calculated_feature_table_values[payload0-00]" time="0.000" /><testcase classname="tests.test_feature_capabilities" name="test_hand_calculated_feature_table_values[payload1-f8]" time="0.000" /><testcase classname="tests.test_feature_capabilities" name="test_hand_calculated_feature_table_values[payload2-01007802]" time="0.000" /><testcase classname="tests.test_feature_capabilities" name="test_hand_calculated_feature_table_values[payload3-ff0080ff]" time="0.000" /><testcase classname="tests.test_feature_capabilities" name="test_hand_calculated_feature_table_values[payload4-02000001400100]" time="0.000" /><testcase classname="tests.test_feature_capabilities" name="test_hand_calculated_feature_table_values[payload5-020000014001fe]" time="0.000" /><testcase classname="tests.test_feature_capabilities" name="test_ap_capability_feature_bit_meanings_from_table_29[7-unassociated_metrics_on_channel]" time="0.000" /><testcase classname="tests.test_feature_capabilities" name="test_ap_capability_feature_bit_meanings_from_table_29[6-unassociated_metrics_off_channel]" time="0.000" /><testcase classname="tests.test_feature_capabilities" name="test_ap_capability_feature_bit_meanings_from_table_29[5-agent_initiated_rcpi_steering]" time="0.000" /><testcase classname="tests.test_feature_capabilities" name="test_ap_capability_feature_bit_meanings_from_table_29[4-m8_backhaul_sta_reconfiguration]" time="0.000" /><testcase classname="tests.test_feature_capabilities" name="test_ap_capability_feature_bit_meanings_from_table_29[3-rsn_overriding]" time="0.000" /><testcase classname="tests.test_feature_capabilities" name="test_all_flag_values_preserve_reserved_octets_but_do_not_interpret_or_emit_them[161--5-7]" time="0.001" /><testcase classname="tests.test_feature_capabilities" name="test_all_flag_values_preserve_reserved_octets_but_do_not_interpret_or_emit_them[190-\x02\x00\x00\x01@\x01-7-1]" time="0.001" /><testcase classname="tests.test_feature_capabilities" name="test_profile2_units_reserved_values_and_octet_are_never_coerced" time="0.004" /><testcase classname="tests.test_feature_capabilities" name="test_advanced_bits_use_61_meanings_even_when_old_dissector_calls_them_reserved[7-combined_fronthaul_backhaul]" time="0.000" /><testcase classname="tests.test_feature_capabilities" name="test_advanced_bits_use_61_meanings_even_when_old_dissector_calls_them_reserved[6-combined_profile1_profile2]" time="0.000" /><testcase classname="tests.test_feature_capabilities" name="test_advanced_bits_use_61_meanings_even_when_old_dissector_calls_them_reserved[5-mscs]" time="0.000" /><testcase classname="tests.test_feature_capabilities" name="test_advanced_bits_use_61_meanings_even_when_old_dissector_calls_them_reserved[4-scs]" time="0.000" /><testcase classname="tests.test_feature_capabilities" name="test_advanced_bits_use_61_meanings_even_when_old_dissector_calls_them_reserved[3-qos_map]" time="0.000" /><testcase classname="tests.test_feature_capabilities" name="test_advanced_bits_use_61_meanings_even_when_old_dissector_calls_them_reserved[2-dscp_policy]" time="0.000" /><testcase classname="tests.test_feature_capabilities" name="test_advanced_bits_use_61_meanings_even_when_old_dissector_calls_them_reserved[1-qm_scs_traffic_description]" time="0.000" /><testcase classname="tests.test_feature_capabilities" name="test_invalid_outbound_feature_values_are_rejected[payload0]" time="0.000" /><testcase classname="tests.test_feature_capabilities" name="test_invalid_outbound_feature_values_are_rejected[payload1]" time="0.000" /><testcase classname="tests.test_feature_capabilities" name="test_invalid_outbound_feature_values_are_rejected[payload2]" time="0.000" /><testcase classname="tests.test_feature_capabilities" name="test_invalid_outbound_feature_values_are_rejected[payload3]" time="0.000" /><testcase classname="tests.test_feature_capabilities" name="test_invalid_outbound_feature_values_are_rejected[payload4]" time="0.000" /><testcase classname="tests.test_feature_capabilities" name="test_invalid_outbound_feature_values_are_rejected[payload5]" time="0.000" /><testcase classname="tests.test_feature_capabilities" name="test_invalid_outbound_feature_values_are_rejected[payload6]" time="0.000" /><testcase classname="tests.test_feature_capabilities" name="test_invalid_outbound_feature_values_are_rejected[payload7]" time="0.000" /><testcase classname="tests.test_feature_capabilities" name="test_invalid_outbound_feature_values_are_rejected[payload8]" time="0.000" /><testcase classname="tests.test_feature_capabilities" name="test_invalid_outbound_feature_values_are_rejected[payload9]" time="0.000" /><testcase classname="tests.test_feature_capabilities" name="test_counter_unit_rule_requires_explicit_peer_facts[1-False-None-0]" time="0.000" /><testcase classname="tests.test_feature_capabilities" name="test_counter_unit_rule_requires_explicit_peer_facts[1-False-2-0]" time="0.000" /><testcase classname="tests.test_feature_capabilities" name="test_counter_unit_rule_requires_explicit_peer_facts[1-True-1-1]" time="0.000" /><testcase classname="tests.test_feature_capabilities" name="test_counter_unit_rule_requires_explicit_peer_facts[1-True-2-2]" time="0.000" /><testcase classname="tests.test_feature_capabilities" name="test_counter_unit_rule_requires_explicit_peer_facts[2-None-1-1]" time="0.000" /><testcase classname="tests.test_feature_capabilities" name="test_counter_unit_rule_requires_explicit_peer_facts[2-False-2-2]" time="0.000" /><testcase classname="tests.test_feature_capabilities" name="test_counter_unit_rule_requires_explicit_peer_facts[3-None-1-1]" time="0.000" /><testcase classname="tests.test_feature_capabilities" name="test_counter_unit_rule_requires_explicit_peer_facts[3-True-2-2]" time="0.000" /><testcase classname="tests.test_feature_capabilities" name="test_unknown_peer_or_invalid_unit_choice_has_no_default[None-None-1]" time="0.000" /><testcase classname="tests.test_feature_capabilities" name="test_unknown_peer_or_invalid_unit_choice_has_no_default[True-False-None]" time="0.000" /><testcase classname="tests.test_feature_capabilities" name="test_unknown_peer_or_invalid_unit_choice_has_no_default[4-True-1]" time="0.000" /><testcase classname="tests.test_feature_capabilities" name="test_unknown_peer_or_invalid_unit_choice_has_no_default[1.0-False-None]" time="0.000" /><testcase classname="tests.test_feature_capabilities" name="test_unknown_peer_or_invalid_unit_choice_has_no_default[1-None-1]" time="0.000" /><testcase classname="tests.test_feature_capabilities" name="test_unknown_peer_or_invalid_unit_choice_has_no_default[1-false-1]" time="0.000" /><testcase classname="tests.test_feature_capabilities" name="test_unknown_peer_or_invalid_unit_choice_has_no_default[2-1-1]" time="0.000" /><testcase classname="tests.test_feature_capabilities" name="test_unknown_peer_or_invalid_unit_choice_has_no_default[2-None-None]" time="0.000" /><testcase classname="tests.test_feature_capabilities" name="test_unknown_peer_or_invalid_unit_choice_has_no_default[3-True-0]" time="0.000" /><testcase classname="tests.test_feature_capabilities" name="test_unknown_peer_or_invalid_unit_choice_has_no_default[1-True-3]" time="0.000" /><testcase classname="tests.test_feature_capabilities" name="test_unknown_peer_or_invalid_unit_choice_has_no_default[2-True-True]" time="0.000" /><testcase classname="tests.test_feature_capabilities" name="test_unknown_peer_or_invalid_unit_choice_has_no_default[2-True-1.0]" time="0.000" /><testcase classname="tests.test_feature_capabilities" name="test_offline_feature_cli_keeps_units_and_proof_boundaries" time="0.001" /><testcase classname="tests.test_he_wifi6" name="test_ieee_asymmetric_width_pairs_and_full_wifi6_value[mcs0-e41bc6e4-04]" time="0.000" /><testcase classname="tests.test_he_wifi6" name="test_ieee_asymmetric_width_pairs_and_full_wifi6_value[mcs1-e41bc6e4fafffdff-28]" time="0.000" /><testcase classname="tests.test_he_wifi6" name="test_ieee_asymmetric_width_pairs_and_full_wifi6_value[mcs2-e41bc6e4c0fff6ff-18]" time="0.000" /><testcase classname="tests.test_he_wifi6" name="test_ieee_asymmetric_width_pairs_and_full_wifi6_value[mcs3-e41bc6e4fafffdffc0fff6ff-3c]" time="0.000" /><testcase classname="tests.test_he_wifi6" name="test_octet_order_rx_tx_and_width_identity_are_not_interchangeable" time="0.000" /><testcase classname="tests.test_he_wifi6" name="test_each_nss_map_code_and_unsupported_are_preserved" time="0.000" /><testcase classname="tests.test_he_wifi6" name="test_every_length_must_match_widths[False-False]" time="0.000" /><testcase classname="tests.test_he_wifi6" name="test_every_length_must_match_widths[False-True]" time="0.000" /><testcase classname="tests.test_he_wifi6" name="test_every_length_must_match_widths[True-False]" time="0.000" /><testcase classname="tests.test_he_wifi6" name="test_every_length_must_match_widths[True-True]" time="0.000" /><testcase classname="tests.test_he_wifi6" name="test_reserved_roles_remain_diagnostic_and_cannot_be_sent[0]" time="0.000" /><testcase classname="tests.test_he_wifi6" name="test_reserved_roles_remain_diagnostic_and_cannot_be_sent[1]" time="0.000" /><testcase classname="tests.test_he_wifi6" name="test_reserved_roles_remain_diagnostic_and_cannot_be_sent[2]" time="0.000" /><testcase classname="tests.test_he_wifi6" name="test_reserved_roles_remain_diagnostic_and_cannot_be_sent[3]" time="0.000" /><testcase classname="tests.test_he_wifi6" name="test_roles_have_independent_widths_counts_and_limits" time="0.000" /><testcase classname="tests.test_he_wifi6" name="test_invalid_he_objects[None]" time="0.000" /><testcase classname="tests.test_he_wifi6" name="test_invalid_he_objects[value1]" time="0.000" /><testcase classname="tests.test_he_wifi6" name="test_invalid_he_objects[value2]" time="0.000" /><testcase classname="tests.test_he_wifi6" name="test_invalid_he_objects[value3]" time="0.000" /><testcase classname="tests.test_he_wifi6" name="test_invalid_nss_codes[codes0]" time="0.000" /><testcase classname="tests.test_he_wifi6" name="test_invalid_nss_codes[codes1]" time="0.000" /><testcase classname="tests.test_he_wifi6" name="test_invalid_nss_codes[codes2]" time="0.000" /><testcase classname="tests.test_he_wifi6" name="test_invalid_nss_codes[codes3]" time="0.000" /><testcase classname="tests.test_he_wifi6" name="test_invalid_nss_codes[codes4]" time="0.000" /><testcase classname="tests.test_he_wifi6" name="test_invalid_nss_codes[codes5]" time="0.000" /><testcase classname="tests.test_he_wifi6" name="test_invalid_nss_codes[codes6]" time="0.000" /><testcase classname="tests.test_he_wifi6" name="test_invalid_nss_codes[codes7]" time="0.000" /><testcase classname="tests.test_he_wifi6" name="test_width_inputs_are_explicit_booleans[1]" time="0.000" /><testcase classname="tests.test_he_wifi6" name="test_width_inputs_are_explicit_booleans[0]" time="0.000" /><testcase classname="tests.test_he_wifi6" name="test_width_inputs_are_explicit_booleans[None]" time="0.000" /><testcase classname="tests.test_he_wifi6" name="test_width_inputs_are_explicit_booleans[false]" time="0.000" /><testcase classname="tests.test_he_wifi6" name="test_role_numeric_fields_reject_wrong_types_and_ranges[role]" time="0.000" /><testcase classname="tests.test_he_wifi6" name="test_role_numeric_fields_reject_wrong_types_and_ranges[beamforming_flags]" time="0.000" /><testcase classname="tests.test_he_wifi6" name="test_role_numeric_fields_reject_wrong_types_and_ranges[mu_mimo_users]" time="0.000" /><testcase classname="tests.test_he_wifi6" name="test_role_numeric_fields_reject_wrong_types_and_ranges[max_dl_ofdma_tx]" time="0.000" /><testcase classname="tests.test_he_wifi6" name="test_role_numeric_fields_reject_wrong_types_and_ranges[max_ul_ofdma_rx]" time="0.000" /><testcase classname="tests.test_he_wifi6" name="test_role_numeric_fields_reject_wrong_types_and_ranges[feature_flags]" time="0.000" /><testcase classname="tests.test_he_wifi6" name="test_bad_container_and_count_inputs" time="0.000" /><testcase classname="tests.test_he_wifi6" name="test_native_zero_length_is_rejected_without_silently_repairing_capture" time="0.000" /><testcase classname="tests.test_he_wifi6" name="test_cli_and_audit_do_not_promote_standalone_codec_to_profile_readiness" time="0.004" /><testcase classname="tests.test_ieee1905" name="test_literal_normative_discovery_vector_and_padding" time="0.000" /><testcase classname="tests.test_ieee1905" name="test_reserved_fields_are_ignored_but_version_is_a_reserved_value" time="0.000" /><testcase classname="tests.test_ieee1905" name="test_truncated_or_oversized_envelope[0]" time="0.000" /><testcase classname="tests.test_ieee1905" name="test_truncated_or_oversized_envelope[13]" time="0.000" /><testcase classname="tests.test_ieee1905" name="test_truncated_or_oversized_envelope[14]" time="0.000" /><testcase classname="tests.test_ieee1905" name="test_truncated_or_oversized_envelope[21]" time="0.000" /><testcase classname="tests.test_ieee1905" name="test_truncated_or_oversized_envelope[1515]" time="0.000" /><testcase classname="tests.test_ieee1905" name="test_malformed_tlv_or_end_marker[-True]" time="0.000" /><testcase classname="tests.test_ieee1905" name="test_malformed_tlv_or_end_marker[\x01-True]" time="0.000" /><testcase classname="tests.test_ieee1905" name="test_malformed_tlv_or_end_marker[\x01\x00-True]" time="0.000" /><testcase classname="tests.test_ieee1905" name="test_malformed_tlv_or_end_marker[\x01\x00\x06abc-True]" time="0.000" /><testcase classname="tests.test_ieee1905" name="test_malformed_tlv_or_end_marker[\x00\x00\x01x-True]" time="0.000" /><testcase classname="tests.test_ieee1905" name="test_malformed_tlv_or_end_marker[\x00\x00\x00-False]" time="0.000" /><testcase classname="tests.test_ieee1905" name="test_malformed_tlv_or_end_marker[-False]" time="0.000" /><testcase classname="tests.test_ieee1905" name="test_unknown_tlvs_ignored_and_base_duplicates_aggregate" time="0.000" /><testcase classname="tests.test_ieee1905" name="test_wsc_occurrences_preserved_for_message_specific_interpreter" time="0.000" /><testcase classname="tests.test_ieee1905" name="test_reorder_exact_duplicate_no_partial_dispatch_and_separate_peers" time="0.000" /><testcase classname="tests.test_ieee1905" name="test_fragment_ids_and_last_flag_and_only_final_eom" time="0.000" /><testcase classname="tests.test_ieee1905" name="test_conflict_poisoned_until_original_deadline_and_no_refresh_by_duplicates" time="0.000" /><testcase classname="tests.test_ieee1905" name="test_mixed_fragment_headers_cannot_dispatch[change0]" time="0.000" /><testcase classname="tests.test_ieee1905" name="test_mixed_fragment_headers_cannot_dispatch[change1]" time="0.000" /><testcase classname="tests.test_ieee1905" name="test_mixed_fragment_headers_cannot_dispatch[change2]" time="0.000" /><testcase classname="tests.test_ieee1905" name="test_bytes_contexts_and_tlv_budgets_do_not_evict_other_assemblies" time="0.000" /><testcase classname="tests.test_ieee1905" name="test_missing_fragment_does_not_complete_and_expires" time="0.000" /><testcase classname="tests.test_ieee1905" name="test_sender_refuses_unqualified_octet_fragmentation" time="0.000" /><testcase classname="tests.test_ieee1905" name="test_mid_wrap_and_al_based_duplicate_window_boundaries" time="0.000" /><testcase classname="tests.test_ieee1905" name="test_pcap_cli_keeps_values_private_and_makes_no_operations[&lt;]" time="0.002" /><testcase classname="tests.test_ieee1905" name="test_pcap_cli_keeps_values_private_and_makes_no_operations[&gt;]" time="0.002" /><testcase classname="tests.test_ieee1905" name="test_bad_capture_formats[]" time="0.001" /><testcase classname="tests.test_ieee1905" name="test_bad_capture_formats[\n\r\r\n\x00\x00\x00\x00\x00\x00\x00\x00\x00\x00\x00\x00\x00\x00\x00\x00\x00\x00\x00\x00\x00\x00\x00\x00]" time="0.001" /><testcase classname="tests.test_ieee1905" name="test_retained_native_capture_has_real_headers_and_discovery" time="0.001" /><testcase classname="tests.test_ieee1905" name="test_all_native_headers_and_completed_tlv_boundaries_match_independent_tshark" time="0.002" /><testcase classname="tests.test_model" name="test_commit_is_not_application_and_partial_state_is_not_success" time="0.086" /><testcase classname="tests.test_model" name="test_rejected_config[reject-FAILED]" time="0.077" /><testcase classname="tests.test_model" name="test_rejected_config[guard-conflict-OWNERSHIP_CONFLICT]" time="0.058" /><testcase classname="tests.test_model" name="test_deadline_and_late_evidence_preserve_timing_verdict[False]" time="0.070" /><testcase classname="tests.test_model" name="test_deadline_and_late_evidence_preserve_timing_verdict[True]" time="0.067" /><testcase classname="tests.test_model" name="test_idempotency_busy_and_scope" time="0.055" /><testcase classname="tests.test_model" name="test_conflict_stops_new_writes" time="0.090" /><testcase classname="tests.test_model" name="test_restart_after_durable_submission_never_blindly_replays" time="0.072" /><testcase classname="tests.test_model" name="test_missing_secret_keeps_read_only_recovery" time="0.058" /><testcase classname="tests.test_model" name="test_transition_guards_and_caller_wait" time="0.045" /><testcase classname="tests.test_model" name="test_secret_and_resource_validation" time="0.041" /><testcase classname="tests.test_model" name="test_writer_lock_and_event_exhaustion" time="0.072" /><testcase classname="tests.test_model" name="test_32_model_pods_isolate_delayed_application" time="0.765" /><testcase classname="tests.test_native_policy" name="test_controller_inventory_requires_complete_selected_bss_set[sole-fronthaul-1-True]" time="0.003" /><testcase classname="tests.test_native_policy" name="test_controller_inventory_requires_complete_selected_bss_set[sole-fronthaul-2-False]" time="0.002" /><testcase classname="tests.test_native_policy" name="test_controller_inventory_requires_complete_selected_bss_set[front-and-backhaul-1-False]" time="0.001" /><testcase classname="tests.test_native_policy" name="test_controller_inventory_requires_complete_selected_bss_set[front-and-backhaul-2-True]" time="0.001" /><testcase classname="tests.test_native_policy" name="test_sole_policy_keeps_root_backhaul_and_rejects_extra_agent_bss[em-baseline-agent-False-True]" time="0.001" /><testcase classname="tests.test_native_policy" name="test_sole_policy_keeps_root_backhaul_and_rejects_extra_agent_bss[em-baseline-agent-True-False]" time="0.002" /><testcase classname="tests.test_native_policy" name="test_sole_policy_keeps_root_backhaul_and_rejects_extra_agent_bss[em-baseline-controller-False-False]" time="0.001" /><testcase classname="tests.test_native_policy" name="test_sole_policy_keeps_root_backhaul_and_rejects_extra_agent_bss[em-baseline-controller-True-True]" time="0.001" /><testcase classname="tests.test_ovsdb" name="test_transaction_result_validation" time="0.000" /><testcase classname="tests.test_peer_capture" name="test_actual_peer_observations_retain_profile_and_radio_scope_gaps" time="0.001" /><testcase classname="tests.test_peer_capture" name="test_tshark_versions_agree_on_retained_native_capture" time="0.002" /><testcase classname="tests.test_peer_capture" name="test_uncertain_search_response_correlation_is_not_assessed[duplicate]" time="0.001" /><testcase classname="tests.test_peer_capture" name="test_uncertain_search_response_correlation_is_not_assessed[outside-window]" time="0.001" /><testcase classname="tests.test_peer_capture" name="test_uncertain_search_response_correlation_is_not_assessed[wrong-destination]" time="0.001" /><testcase classname="tests.test_peer_capture" name="test_incomplete_decode_cannot_produce_a_positive_inclusion_assessment[truncated-True]" time="0.001" /><testcase classname="tests.test_peer_capture" name="test_incomplete_decode_cannot_produce_a_positive_inclusion_assessment[malformed-True]" time="0.001" /><testcase classname="tests.test_peer_capture" name="test_incomplete_decode_cannot_produce_a_positive_inclusion_assessment[last_fragment-0]" time="0.001" /><testcase classname="tests.test_peer_capture" name="test_incomplete_decode_cannot_produce_a_positive_inclusion_assessment[fragment-2]" time="0.001" /><testcase classname="tests.test_peer_capture" name="test_incomplete_decode_cannot_produce_a_positive_inclusion_assessment[mid-None]" time="0.001" /><testcase classname="tests.test_peer_capture" name="test_missing_and_duplicate_required_fields_are_visible" time="0.001" /><testcase classname="tests.test_peer_capture" name="test_invalid_or_excessive_dissector_projection_rejected[missing-columns]" time="0.000" /><testcase classname="tests.test_peer_capture" name="test_invalid_or_excessive_dissector_projection_rejected[nan-time]" time="0.000" /><testcase classname="tests.test_peer_capture" name="test_invalid_or_excessive_dissector_projection_rejected[ambiguous-frame]" time="0.000" /><testcase classname="tests.test_peer_capture" name="test_invalid_or_excessive_dissector_projection_rejected[frame-budget]" time="0.000" /><testcase classname="tests.test_peer_capture" name="test_failed_tool_does_not_expose_payload_in_error" time="0.051" /><testcase classname="tests.test_peer_capture" name="test_tool_output_budget_applies_even_to_completed_process" time="0.051" /><testcase classname="tests.test_peer_capture" name="test_missing_dissector_retains_failure_without_copying_capture" time="0.002" /><testcase classname="tests.test_profile_audit" name="test_unknown_input_does_not_become_no_feature_support_or_profile_qualification" time="0.000" /><testcase classname="tests.test_profile_audit" name="test_he_always_controls_both_he_and_wifi6_requirements_and_never_m1_companions[True]" time="0.000" /><testcase classname="tests.test_profile_audit" name="test_he_always_controls_both_he_and_wifi6_requirements_and_never_m1_companions[False]" time="0.000" /><testcase classname="tests.test_profile_audit" name="test_he_always_controls_both_he_and_wifi6_requirements_and_never_m1_companions[None]" time="0.000" /><testcase classname="tests.test_profile_audit" name="test_eht_is_agent_wide_if_any_radio_supports_it[True-None-required]" time="0.000" /><testcase classname="tests.test_profile_audit" name="test_eht_is_agent_wide_if_any_radio_supports_it[False-None-unresolved]" time="0.000" /><testcase classname="tests.test_profile_audit" name="test_eht_is_agent_wide_if_any_radio_supports_it[False-False-omit_if_unsupported]" time="0.000" /><testcase classname="tests.test_profile_audit" name="test_eht_is_agent_wide_if_any_radio_supports_it[None-None-unresolved]" time="0.000" /><testcase classname="tests.test_profile_audit" name="test_all_declared_features_still_cannot_pass_a_profile" time="0.000" /><testcase classname="tests.test_profile_audit" name="test_malformed_or_qualification_claim_inputs_are_rejected[duplicate]" time="0.000" /><testcase classname="tests.test_profile_audit" name="test_malformed_or_qualification_claim_inputs_are_rejected[missing]" time="0.000" /><testcase classname="tests.test_profile_audit" name="test_malformed_or_qualification_claim_inputs_are_rejected[string]" time="0.000" /><testcase classname="tests.test_profile_audit" name="test_malformed_or_qualification_claim_inputs_are_rejected[extra]" time="0.000" /><testcase classname="tests.test_profile_audit" name="test_malformed_or_qualification_claim_inputs_are_rejected[claim]" time="0.000" /><testcase classname="tests.test_profile_audit" name="test_malformed_or_qualification_claim_inputs_are_rejected[empty]" time="0.000" /><testcase classname="tests.test_profile_audit" name="test_malformed_or_qualification_claim_inputs_are_rejected[many]" time="0.001" /><testcase classname="tests.test_profile_audit" name="test_malformed_or_qualification_claim_inputs_are_rejected[markup]" time="0.000" /><testcase classname="tests.test_profile_audit" name="test_malformed_or_qualification_claim_inputs_are_rejected[float-profile]" time="0.000" /><testcase classname="tests.test_profile_audit" name="test_malformed_or_qualification_claim_inputs_are_rejected[bool-profile]" time="0.000" /><testcase classname="tests.test_profile_audit" name="test_malformed_or_qualification_claim_inputs_are_rejected[float-unit]" time="0.000" /><testcase classname="tests.test_profile_audit" name="test_bounded_regular_input_files_and_private_errors[json]" time="0.001" /><testcase classname="tests.test_profile_audit" name="test_bounded_regular_input_files_and_private_errors[duplicate]" time="0.001" /><testcase classname="tests.test_profile_audit" name="test_bounded_regular_input_files_and_private_errors[oversize]" time="0.001" /><testcase classname="tests.test_profile_audit" name="test_bounded_regular_input_files_and_private_errors[fifo]" time="0.001" /><testcase classname="tests.test_profile_audit" name="test_examples_cli_exit_codes_and_offline_execution" time="0.005" /><testcase classname="tests.test_qualification" name="test_qualification_rejects_plaintext_remote_and_unsafe_secrets" time="0.004" /><testcase classname="tests.test_radio_capabilities" name="test_explicit_capacities_map_to_exact_bytes_without_inference" time="0.002" /><testcase classname="tests.test_radio_capabilities" name="test_inconsistent_claims_withdraw_whole_pod_payload[stale]" time="0.002" /><testcase classname="tests.test_radio_capabilities" name="test_inconsistent_claims_withdraw_whole_pod_payload[serial]" time="0.002" /><testcase classname="tests.test_radio_capabilities" name="test_inconsistent_claims_withdraw_whole_pod_payload[binding]" time="0.002" /><testcase classname="tests.test_radio_capabilities" name="test_inconsistent_claims_withdraw_whole_pod_payload[pod]" time="0.002" /><testcase classname="tests.test_radio_capabilities" name="test_inconsistent_claims_withdraw_whole_pod_payload[schema]" time="0.002" /><testcase classname="tests.test_radio_capabilities" name="test_inconsistent_claims_withdraw_whole_pod_payload[model]" time="0.002" /><testcase classname="tests.test_radio_capabilities" name="test_inconsistent_claims_withdraw_whole_pod_payload[firmware]" time="0.002" /><testcase classname="tests.test_radio_capabilities" name="test_inconsistent_claims_withdraw_whole_pod_payload[country]" time="0.002" /><testcase classname="tests.test_radio_capabilities" name="test_inconsistent_claims_withdraw_whole_pod_payload[missing-country]" time="0.002" /><testcase classname="tests.test_radio_capabilities" name="test_inconsistent_claims_withdraw_whole_pod_payload[expired]" time="0.002" /><testcase classname="tests.test_radio_capabilities" name="test_inconsistent_claims_withdraw_whole_pod_payload[future]" time="0.002" /><testcase classname="tests.test_radio_capabilities" name="test_inconsistent_claims_withdraw_whole_pod_payload[incomplete]" time="0.002" /><testcase classname="tests.test_radio_capabilities" name="test_inconsistent_claims_withdraw_whole_pod_payload[missing-radio]" time="0.001" /><testcase classname="tests.test_radio_capabilities" name="test_inconsistent_claims_withdraw_whole_pod_payload[extra-radio]" time="0.002" /><testcase classname="tests.test_radio_capabilities" name="test_inconsistent_claims_withdraw_whole_pod_payload[duplicate-radio]" time="0.002" /><testcase classname="tests.test_radio_capabilities" name="test_inconsistent_claims_withdraw_whole_pod_payload[ruid]" time="0.002" /><testcase classname="tests.test_radio_capabilities" name="test_inconsistent_claims_withdraw_whole_pod_payload[evidence]" time="0.002" /><testcase classname="tests.test_radio_capabilities" name="test_inconsistent_claims_withdraw_whole_pod_payload[duplicate-class]" time="0.002" /><testcase classname="tests.test_radio_capabilities" name="test_inconsistent_claims_withdraw_whole_pod_payload[unknown-class]" time="0.002" /><testcase classname="tests.test_radio_capabilities" name="test_inconsistent_claims_withdraw_whole_pod_payload[wrong-channel]" time="0.002" /><testcase classname="tests.test_radio_capabilities" name="test_inconsistent_claims_withdraw_whole_pod_payload[no-operable-channel]" time="0.002" /><testcase classname="tests.test_radio_capabilities" name="test_inconsistent_claims_withdraw_whole_pod_payload[capacity]" time="0.002" /><testcase classname="tests.test_radio_capabilities" name="test_inconsistent_claims_withdraw_whole_pod_payload[observed-channel]" time="0.002" /><testcase classname="tests.test_radio_capabilities" name="test_inconsistent_claims_withdraw_whole_pod_payload[missing-channel]" time="0.002" /><testcase classname="tests.test_radio_capabilities" name="test_inconsistent_claims_withdraw_whole_pod_payload[band]" time="0.002" /><testcase classname="tests.test_radio_capabilities" name="test_inconsistent_claims_withdraw_whole_pod_payload[floating-power]" time="0.002" /><testcase classname="tests.test_radio_capabilities" name="test_inconsistent_claims_withdraw_whole_pod_payload[floating-class]" time="0.002" /><testcase classname="tests.test_radio_capabilities" name="test_inconsistent_claims_withdraw_whole_pod_payload[floating-capacity]" time="0.002" /><testcase classname="tests.test_radio_capabilities" name="test_inconsistent_claims_withdraw_whole_pod_payload[floating-channel]" time="0.002" /><testcase classname="tests.test_radio_capabilities" name="test_untrusted_files_rejected_without_echoing_contents[missing-profile]" time="0.002" /><testcase classname="tests.test_radio_capabilities" name="test_untrusted_files_rejected_without_echoing_contents[profile-hash]" time="0.001" /><testcase classname="tests.test_radio_capabilities" name="test_untrusted_files_rejected_without_echoing_contents[evidence-hash]" time="0.002" /><testcase classname="tests.test_radio_capabilities" name="test_untrusted_files_rejected_without_echoing_contents[missing-evidence]" time="0.001" /><testcase classname="tests.test_radio_capabilities" name="test_untrusted_files_rejected_without_echoing_contents[duplicate-evidence]" time="0.002" /><testcase classname="tests.test_radio_capabilities" name="test_untrusted_files_rejected_without_echoing_contents[physical]" time="0.002" /><testcase classname="tests.test_radio_capabilities" name="test_untrusted_files_rejected_without_echoing_contents[json]" time="0.001" /><testcase classname="tests.test_radio_capabilities" name="test_untrusted_files_rejected_without_echoing_contents[duplicate-json]" time="0.001" /><testcase classname="tests.test_radio_capabilities" name="test_untrusted_files_rejected_without_echoing_contents[oversize-profile]" time="0.001" /><testcase classname="tests.test_radio_capabilities" name="test_untrusted_files_rejected_without_echoing_contents[oversize-evidence]" time="0.003" /><testcase classname="tests.test_radio_capabilities" name="test_untrusted_files_rejected_without_echoing_contents[fifo]" time="0.002" /><testcase classname="tests.test_radio_capabilities" name="test_untrusted_files_rejected_without_echoing_contents[symlink]" time="0.002" /><testcase classname="tests.test_radio_capabilities" name="test_untrusted_files_rejected_without_echoing_contents[directory]" time="0.002" /><testcase classname="tests.test_radio_capabilities" name="test_untrusted_files_rejected_without_echoing_contents[traversal]" time="0.002" /><testcase classname="tests.test_radio_capabilities" name="test_untrusted_files_rejected_without_echoing_contents[zero-max]" time="0.002" /><testcase classname="tests.test_radio_capabilities" name="test_untrusted_files_rejected_without_echoing_contents[power-range]" time="0.002" /><testcase classname="tests.test_radio_capabilities" name="test_untrusted_files_rejected_without_echoing_contents[bool-power]" time="0.002" /><testcase classname="tests.test_radio_capabilities" name="test_untrusted_files_rejected_without_echoing_contents[duplicate-channel]" time="0.004" /><testcase classname="tests.test_radio_capabilities" name="test_untrusted_files_rejected_without_echoing_contents[unknown-field]" time="0.002" /><testcase classname="tests.test_radio_capabilities" name="test_untrusted_files_rejected_without_echoing_contents[naive-time]" time="0.002" /><testcase classname="tests.test_radio_capabilities" name="test_untrusted_files_rejected_without_echoing_contents[missing-completeness]" time="0.001" /><testcase classname="tests.test_radio_capabilities" name="test_missing_input_does_not_connect_or_infer_capabilities" time="0.002" /><testcase classname="tests.test_radio_capabilities" name="test_signed_power_has_independent_boundary_bytes_and_all_prefixes_rejected" time="0.000" /><testcase classname="tests.test_radio_capabilities" name="test_invalid_capability_encoder_objects_fail_closed[payload0]" time="0.000" /><testcase classname="tests.test_radio_capabilities" name="test_invalid_capability_encoder_objects_fail_closed[payload1]" time="0.000" /><testcase classname="tests.test_radio_capabilities" name="test_invalid_capability_encoder_objects_fail_closed[payload2]" time="0.000" /><testcase classname="tests.test_radio_capabilities" name="test_invalid_capability_encoder_objects_fail_closed[payload3]" time="0.000" /><testcase classname="tests.test_radio_capabilities" name="test_invalid_capability_encoder_objects_fail_closed[payload4]" time="0.000" /><testcase classname="tests.test_radio_capabilities" name="test_invalid_capability_encoder_objects_fail_closed[payload5]" time="0.000" /><testcase classname="tests.test_radio_capabilities" name="test_invalid_capability_encoder_objects_fail_closed[payload6]" time="0.000" /><testcase classname="tests.test_radio_capabilities" name="test_invalid_capability_encoder_objects_fail_closed[payload7]" time="0.000" /><testcase classname="tests.test_radio_capabilities" name="test_invalid_capability_encoder_objects_fail_closed[payload8]" time="0.000" /><testcase classname="tests.test_radio_capabilities" name="test_invalid_capability_encoder_objects_fail_closed[payload9]" time="0.000" /><testcase classname="tests.test_radio_capabilities" name="test_invalid_capability_encoder_objects_fail_closed[payload10]" time="0.000" /><testcase classname="tests.test_radio_capabilities" name="test_invalid_capability_encoder_objects_fail_closed[payload11]" time="0.000" /><testcase classname="tests.test_radio_capabilities" name="test_invalid_capability_encoder_objects_fail_closed[payload12]" time="0.000" /><testcase classname="tests.test_radio_capabilities" name="test_invalid_capability_encoder_objects_fail_closed[payload13]" time="0.000" /><testcase classname="tests.test_radio_guard" name="test_mutations_refuse_non_dedicated_vm[setup]" time="0.001" /><testcase classname="tests.test_radio_guard" name="test_mutations_refuse_non_dedicated_vm[smoke]" time="0.001" /><testcase classname="tests.test_radio_guard" name="test_mutations_refuse_non_dedicated_vm[cleanup]" time="0.000" /><testcase classname="tests.test_radio_guard" name="test_cleanup_checks_ownership_before_deletion" time="0.001" /><testcase classname="tests.test_radio_manager" name="test_incomplete_or_disagreeing_radio_reads_cannot_publish_success[status-state-DISABLED]" time="0.000" /><testcase classname="tests.test_radio_manager" name="test_incomplete_or_disagreeing_radio_reads_cannot_publish_success[interface-ssid-different]" time="0.000" /><testcase classname="tests.test_radio_manager" name="test_incomplete_or_disagreeing_radio_reads_cannot_publish_success[interface-type-managed]" time="0.000" /><testcase classname="tests.test_radio_manager" name="test_incomplete_or_disagreeing_radio_reads_cannot_publish_success[interface-channel-11]" time="0.000" /><testcase classname="tests.test_radio_manager" name="test_incomplete_or_disagreeing_radio_reads_cannot_publish_success[config-key_mgmt-SAE]" time="0.000" /><testcase classname="tests.test_radio_manager" name="test_incomplete_or_disagreeing_radio_reads_cannot_publish_success[config-passphrase-]" time="0.000" /><testcase classname="tests.test_radio_manager" name="test_observation_contains_driver_values_and_config_repr_hides_key" time="0.000" /><testcase classname="tests.test_radio_manager" name="test_privileged_helpers_refuse_other_hosts_before_commands[common]" time="0.000" /><testcase classname="tests.test_radio_manager" name="test_privileged_helpers_refuse_other_hosts_before_commands[node]" time="0.000" /><testcase classname="tests.test_reliability_deployment" name="test_cleanup_refuses_unowned_outer_instance" time="0.001" /><testcase classname="tests.test_reliability_deployment" name="test_cleanup_refuses_unowned_inner_instance[emosa-runtime-build]" time="0.001" /><testcase classname="tests.test_reliability_deployment" name="test_cleanup_refuses_unowned_inner_instance[emosa-runtime-run]" time="0.001" /><testcase classname="tests.test_reliability_deployment" name="test_create_refuses_to_replace_owned_vm" time="0.001" /><testcase classname="tests.test_report_coordinator" name="test_early_ack_is_bound_to_live_sent_mid_and_does_not_enable_wsc" time="0.000" /><testcase classname="tests.test_report_coordinator" name="test_ack_arrival_does_not_trigger_an_unnecessary_retry" time="0.000" /><testcase classname="tests.test_report_coordinator" name="test_lost_ack_retries_with_new_mids_and_fixed_deadline" time="0.000" /><testcase classname="tests.test_report_coordinator" name="test_retry_can_be_acknowledged_by_any_still_live_attempt" time="0.001" /><testcase classname="tests.test_report_coordinator" name="test_error_and_unprocessed_security_ack_cannot_clear_notification[163]" time="0.000" /><testcase classname="tests.test_report_coordinator" name="test_error_and_unprocessed_security_ack_cannot_clear_notification[188]" time="0.000" /><testcase classname="tests.test_report_coordinator" name="test_error_and_unprocessed_security_ack_cannot_clear_notification[171]" time="0.000" /><testcase classname="tests.test_report_coordinator" name="test_error_and_unprocessed_security_ack_cannot_clear_notification[172]" time="0.000" /><testcase classname="tests.test_report_coordinator" name="test_unrelated_unknown_ack_tlv_is_ignored_under_base_reception_rule" time="0.000" /><testcase classname="tests.test_report_coordinator" name="test_source_changes_cancel_pending_reports_and_reject_old_ack[revision]" time="0.000" /><testcase classname="tests.test_report_coordinator" name="test_source_changes_cancel_pending_reports_and_reject_old_ack[invalidate]" time="0.000" /><testcase classname="tests.test_report_coordinator" name="test_source_changes_cancel_pending_reports_and_reject_old_ack[expiry]" time="0.000" /><testcase classname="tests.test_report_coordinator" name="test_source_changes_cancel_pending_reports_and_reject_old_ack[binding]" time="0.000" /><testcase classname="tests.test_report_coordinator" name="test_topology_queries_echo_mid_once_and_new_mid_retries_are_independent" time="0.000" /><testcase classname="tests.test_report_coordinator" name="test_binding_mismatch_cannot_allocate_reassembly_or_consume_query[change0]" time="0.000" /><testcase classname="tests.test_report_coordinator" name="test_binding_mismatch_cannot_allocate_reassembly_or_consume_query[change1]" time="0.000" /><testcase classname="tests.test_report_coordinator" name="test_alien_source_is_rejected_before_reassembly" time="0.000" /><testcase classname="tests.test_report_coordinator" name="test_source_unavailable_never_reports_cached_topology" time="0.000" /><testcase classname="tests.test_report_coordinator" name="test_query_rate_budget_is_bounded_and_refills_without_replaying_old_query" time="0.001" /><testcase classname="tests.test_report_coordinator" name="test_no_transmit_after_close_and_pending_exchange_is_dropped" time="0.000" /><testcase classname="tests.test_report_coordinator" name="test_wsc_and_ap_capability_query_are_visible_unsupported_inputs_not_operation_triggers" time="0.000" /><testcase classname="tests.test_report_coordinator" name="test_sending_failure_does_not_leave_an_ack_eligible_notification" time="0.000" /><testcase classname="tests.test_report_coordinator" name="test_slow_source_callback_does_not_lose_original_query_receive_time" time="0.000" /><testcase classname="tests.test_report_coordinator" name="test_publishing_same_revision_with_changed_facts_invalidates_existing_lease" time="0.000" /><testcase classname="tests.test_report_coordinator" name="test_old_or_malformed_source_revision_withdraws_facts[revision0]" time="0.000" /><testcase classname="tests.test_report_coordinator" name="test_old_or_malformed_source_revision_withdraws_facts[revision1]" time="0.000" /><testcase classname="tests.test_report_coordinator" name="test_old_or_malformed_source_revision_withdraws_facts[revision2]" time="0.000" /><testcase classname="tests.test_report_coordinator" name="test_old_or_malformed_source_revision_withdraws_facts[revision3]" time="0.000" /><testcase classname="tests.test_report_coordinator" name="test_old_or_malformed_source_revision_withdraws_facts[revision4]" time="0.000" /><testcase classname="tests.test_report_coordinator" name="test_old_or_malformed_source_revision_withdraws_facts[revision5]" time="0.000" /><testcase classname="tests.test_report_coordinator" name="test_publication_cannot_refresh_an_expired_or_invalid_observation[1-1]" time="0.000" /><testcase classname="tests.test_report_coordinator" name="test_publication_cannot_refresh_an_expired_or_invalid_observation[-1-1]" time="0.000" /><testcase classname="tests.test_report_coordinator" name="test_publication_cannot_refresh_an_expired_or_invalid_observation[0-0]" time="0.000" /><testcase classname="tests.test_report_coordinator" name="test_publication_cannot_refresh_an_expired_or_invalid_observation[0-3]" time="0.000" /><testcase classname="tests.test_report_coordinator" name="test_publication_cannot_refresh_an_expired_or_invalid_observation[0-True]" time="0.001" /><testcase classname="tests.test_report_coordinator" name="test_radio_capability_and_topology_set_must_agree_before_publication" time="0.000" /><testcase classname="tests.test_report_coordinator" name="test_report_source_is_per_instance_and_event_retention_is_bounded" time="0.002" /><testcase classname="tests.test_report_coordinator" name="test_source_changes_while_sending_do_not_leak_a_second_fragment" time="0.000" /><testcase classname="tests.test_report_coordinator" name="test_incomplete_query_expires_without_dispatch_and_wrong_generation_cannot_finish_it" time="0.000" /><testcase classname="tests.test_report_coordinator" name="test_new_observation_does_not_extend_already_prepared_report_lease" time="0.000" /><testcase classname="tests.test_report_coordinator" name="test_source_identity_or_inputs_change_requires_new_source_context[inputs_digest-bbbbbbbbbbbbbbbbbbbbbbbbbbbbbbbbbbbbbbbbbbbbbbbbbbbbbbbbbbbbbbbb]" time="0.000" /><testcase classname="tests.test_report_coordinator" name="test_source_identity_or_inputs_change_requires_new_source_context[pod_id-other-pod]" time="0.000" /><testcase classname="tests.test_technology_values" name="test_source_derived_exact_values_and_every_truncation[payload0-02000001400100]" time="0.000" /><testcase classname="tests.test_technology_values" name="test_source_derived_exact_values_and_every_truncation[payload1-0200000140017e]" time="0.000" /><testcase classname="tests.test_technology_values" name="test_source_derived_exact_values_and_every_truncation[payload2-020000014001fe]" time="0.000" /><testcase classname="tests.test_technology_values" name="test_source_derived_exact_values_and_every_truncation[payload3-020000014001e4e41b1bfff0]" time="0.000" /><testcase classname="tests.test_technology_values" name="test_source_derived_exact_values_and_every_truncation[payload4-0200000140010000ffff0000]" time="0.000" /><test
[...]
ne-eht]" time="0.000" /><testcase classname="tests.test_wire_reports" name="test_unknown_or_unsupported_radio_features_block_the_entire_early_report[None-ht]" time="0.000" /><testcase classname="tests.test_wire_reports" name="test_unknown_or_unsupported_radio_features_block_the_entire_early_report[True-vht]" time="0.000" /><testcase classname="tests.test_wire_reports" name="test_unknown_or_unsupported_radio_features_block_the_entire_early_report[True-he]" time="0.000" /><testcase classname="tests.test_wire_reports" name="test_unknown_or_unsupported_radio_features_block_the_entire_early_report[True-eht]" time="0.000" /><testcase classname="tests.test_wire_reports" name="test_unknown_or_unsupported_radio_features_block_the_entire_early_report[True-ht]" time="0.000" /><testcase classname="tests.test_wire_reports" name="test_missing_inventories_and_unimplemented_capabilities_are_never_invented" time="0.000" /><testcase classname="tests.test_wire_reports" name="test_topology_reply_preserves_mid_and_complete_ieee_and_easymesh_inventory" time="0.000" /><testcase classname="tests.test_wire_reports" name="test_unknown_conditional_topology_obligations_prevent_response[inventory_complete]" time="0.000" /><testcase classname="tests.test_wire_reports" name="test_unknown_conditional_topology_obligations_prevent_response[powered_off_interfaces_absent]" time="0.000" /><testcase classname="tests.test_wire_reports" name="test_unknown_conditional_topology_obligations_prevent_response[l2_neighbor_records_absent]" time="0.000" /><testcase classname="tests.test_wire_reports" name="test_unknown_conditional_topology_obligations_prevent_response[mld_backhaul_vbss_tid_policy_absent]" time="0.000" /><testcase classname="tests.test_wire_reports" name="test_configuration_and_state_graph_cannot_disagree_in_response" time="0.000" /><testcase classname="tests.test_wire_reports" name="test_nonempty_clients_require_ages_and_are_reported_on_the_correct_bss" time="0.000" /><testcase classname="tests.test_wire_reports" name="test_wrong_or_unprocessable_query_never_gets_a_report[change0]" time="0.000" /><testcase classname="tests.test_wire_reports" name="test_wrong_or_unprocessable_query_never_gets_a_report[change1]" time="0.000" /><testcase classname="tests.test_wire_reports" name="test_wrong_or_unprocessable_query_never_gets_a_report[change2]" time="0.000" /><testcase classname="tests.test_wire_reports" name="test_wrong_or_unprocessable_query_never_gets_a_report[change3]" time="0.000" /><testcase classname="tests.test_wire_reports" name="test_wrong_or_unprocessable_query_never_gets_a_report[change4]" time="0.000" /><testcase classname="tests.test_wire_reports" name="test_wrong_or_unprocessable_query_never_gets_a_report[change5]" time="0.000" /><testcase classname="tests.test_wire_reports" name="test_wrong_or_unprocessable_query_never_gets_a_report[change6]" time="0.000" /><testcase classname="tests.test_wire_reports" name="test_response_budget_is_one_second_not_the_pod_apply_deadline" time="0.000" /><testcase classname="tests.test_wire_reports" name="test_stale_or_changed_source_is_rechecked_before_any_fragment_is_sent" time="0.000" /><testcase classname="tests.test_wire_reports" name="test_slow_or_partially_sent_response_cannot_be_reported_as_on_time" time="0.000" /><testcase classname="tests.test_wire_reports" name="test_slow_source_revalidation_cannot_send_after_deadline" time="0.000" /><testcase classname="tests.test_wire_reports" name="test_fragment_delivery_stops_if_inventory_changes_after_first_fragment" time="0.000" /><testcase classname="tests.test_wire_reports" name="test_offline_learning_command_and_native_diagnostic_boundaries" time="0.002" /><testcase classname="tests.test_wsc" name="test_hostap_key_derivation_and_identity_binding[synthetic-exchange]" time="0.036" /><testcase classname="tests.test_wsc" name="test_hostap_key_derivation_and_identity_binding[leading-zero-shared-secret]" time="0.030" /><testcase classname="tests.test_wsc" name="test_hostap_authenticator_includes_unknown_attribute_and_exact_previous_bytes[synthetic-exchange]" time="0.001" /><testcase classname="tests.test_wsc" name="test_hostap_authenticator_includes_unknown_attribute_and_exact_previous_bytes[leading-zero-shared-secret]" time="0.000" /><testcase classname="tests.test_wsc" name="test_hostap_encrypted_settings_and_independent_failures[synthetic-exchange]" time="0.001" /><testcase classname="tests.test_wsc" name="test_hostap_encrypted_settings_and_independent_failures[leading-zero-shared-secret]" time="0.001" /><testcase classname="tests.test_wsc" name="test_ephemeral_randomness_and_no_secret_representations" time="0.001" /><testcase classname="tests.test_wsc" name="test_invalid_public_keys_include_non_subgroup_value[0]" time="0.000" /><testcase classname="tests.test_wsc" name="test_invalid_public_keys_include_non_subgroup_value[1]" time="0.000" /><testcase classname="tests.test_wsc" name="test_invalid_public_keys_include_non_subgroup_value[parameter-sha256-0ddf1271dbe71f85]" time="0.000" /><testcase classname="tests.test_wsc" name="test_invalid_public_keys_include_non_subgroup_value[parameter-sha256-ecd1cc290596487c]" time="0.000" /><testcase classname="tests.test_wsc" name="test_invalid_public_keys_include_non_subgroup_value[parameter-sha256-837b09fd7f1e2cc7]" time="0.007" /><testcase classname="tests.test_wsc" name="test_reject_incorrect_public_nonce_and_mac_lengths[0]" time="0.000" /><testcase classname="tests.test_wsc" name="test_reject_incorrect_public_nonce_and_mac_lengths[1]" time="0.000" /><testcase classname="tests.test_wsc" name="test_reject_incorrect_public_nonce_and_mac_lengths[2]" time="0.000" /><testcase classname="tests.test_wsc" name="test_reject_incorrect_public_nonce_and_mac_lengths[3]" time="0.000" /><testcase classname="tests.test_wsc" name="test_reject_ambiguous_authentication_trailers" time="0.000" /><testcase classname="tests.test_wsc" name="test_truncation_and_component_admission_limits[\x10]" time="0.000" /><testcase classname="tests.test_wsc" name="test_truncation_and_component_admission_limits[\x10J\x00]" time="0.000" /><testcase classname="tests.test_wsc" name="test_truncation_and_component_admission_limits[\x10J\x00\x02\x10]" time="0.000" /><testcase classname="tests.test_wsc" name="test_truncation_and_component_admission_limits[parameter-sha256-610b045ce393c679]" time="0.018" /><testcase classname="tests.test_wsc" name="test_truncation_and_component_admission_limits[parameter-sha256-761da621a05d844b]" time="0.003" /><testcase classname="tests.test_wsc" name="test_bad_settings_lengths_and_keys" time="0.000" /><testcase classname="tests.test_wsc" name="test_reserve_attribute_budget_for_authentication_trailer" time="0.012" /><testcase classname="tests.test_wsc" name="test_encrypted_settings_fit_wire_attribute_length" time="0.000" /><testcase classname="tests.test_wsc_messages" name="test_m1_matches_unmodified_hostap_builder" time="0.000" /><testcase classname="tests.test_wsc_messages" name="test_fresh_m1_material_and_no_synthetic_defaults" time="0.001" /><testcase classname="tests.test_wsc_messages" name="test_native_m2_authentication_and_secret_output_handling" time="0.008" /><testcase classname="tests.test_wsc_messages" name="test_required_m2_fields_cannot_be_omitted_even_with_valid_authenticator[104a]" time="0.000" /><testcase classname="tests.test_wsc_messages" name="test_required_m2_fields_cannot_be_omitted_even_with_valid_authenticator[1022]" time="0.000" /><testcase classname="tests.test_wsc_messages" name="test_required_m2_fields_cannot_be_omitted_even_with_valid_authenticator[101a]" time="0.000" /><testcase classname="tests.test_wsc_messages" name="test_required_m2_fields_cannot_be_omitted_even_with_valid_authenticator[1039]" time="0.000" /><testcase classname="tests.test_wsc_messages" name="test_required_m2_fields_cannot_be_omitted_even_with_valid_authenticator[1048]" time="0.000" /><testcase classname="tests.test_wsc_messages" name="test_required_m2_fields_cannot_be_omitted_even_with_valid_authenticator[1032]" time="0.000" /><testcase classname="tests.test_wsc_messages" name="test_required_m2_fields_cannot_be_omitted_even_with_valid_authenticator[1004]" time="0.000" /><testcase classname="tests.test_wsc_messages" name="test_required_m2_fields_cannot_be_omitted_even_with_valid_authenticator[1010]" time="0.000" /><testcase classname="tests.test_wsc_messages" name="test_required_m2_fields_cannot_be_omitted_even_with_valid_authenticator[100d]" time="0.000" /><testcase classname="tests.test_wsc_messages" name="test_required_m2_fields_cannot_be_omitted_even_with_valid_authenticator[1008]" time="0.000" /><testcase classname="tests.test_wsc_messages" name="test_required_m2_fields_cannot_be_omitted_even_with_valid_authenticator[1021]" time="0.000" /><testcase classname="tests.test_wsc_messages" name="test_required_m2_fields_cannot_be_omitted_even_with_valid_authenticator[1023]" time="0.000" /><testcase classname="tests.test_wsc_messages" name="test_required_m2_fields_cannot_be_omitted_even_with_valid_authenticator[1024]" time="0.000" /><testcase classname="tests.test_wsc_messages" name="test_required_m2_fields_cannot_be_omitted_even_with_valid_authenticator[1042]" time="0.000" /><testcase classname="tests.test_wsc_messages" name="test_required_m2_fields_cannot_be_omitted_even_with_valid_authenticator[1054]" time="0.000" /><testcase classname="tests.test_wsc_messages" name="test_required_m2_fields_cannot_be_omitted_even_with_valid_authenticator[1011]" time="0.000" /><testcase classname="tests.test_wsc_messages" name="test_required_m2_fields_cannot_be_omitted_even_with_valid_authenticator[103c]" time="0.000" /><testcase classname="tests.test_wsc_messages" name="test_required_m2_fields_cannot_be_omitted_even_with_valid_authenticator[1002]" time="0.000" /><testcase classname="tests.test_wsc_messages" name="test_required_m2_fields_cannot_be_omitted_even_with_valid_authenticator[1009]" time="0.000" /><testcase classname="tests.test_wsc_messages" name="test_required_m2_fields_cannot_be_omitted_even_with_valid_authenticator[1012]" time="0.000" /><testcase classname="tests.test_wsc_messages" name="test_required_m2_fields_cannot_be_omitted_even_with_valid_authenticator[102d]" time="0.000" /><testcase classname="tests.test_wsc_messages" name="test_required_ap_settings_cannot_be_omitted_even_with_valid_crypto[1045]" time="0.008" /><testcase classname="tests.test_wsc_messages" name="test_required_ap_settings_cannot_be_omitted_even_with_valid_crypto[1003]" time="0.008" /><testcase classname="tests.test_wsc_messages" name="test_required_ap_settings_cannot_be_omitted_even_with_valid_crypto[100f]" time="0.008" /><testcase classname="tests.test_wsc_messages" name="test_required_ap_settings_cannot_be_omitted_even_with_valid_crypto[1027]" time="0.008" /><testcase classname="tests.test_wsc_messages" name="test_required_ap_settings_cannot_be_omitted_even_with_valid_crypto[1020]" time="0.008" /><testcase classname="tests.test_wsc_messages" name="test_authentication_precedes_decryption" time="0.007" /><testcase classname="tests.test_wsc_messages" name="test_nonce_and_original_m1_identity_binding" time="0.015" /><testcase classname="tests.test_wsc_messages" name="test_optional_and_unknown_data_is_preserved_in_authenticated_bytes" time="0.015" /><testcase classname="tests.test_wsc_messages" name="test_version_negotiation_does_not_reject_only_a_version_mismatch[None]" time="0.008" /><testcase classname="tests.test_wsc_messages" name="test_version_negotiation_does_not_reject_only_a_version_mismatch[\x007*\x00\x01!]" time="0.008" /><testcase classname="tests.test_wsc_messages" name="test_version_negotiation_does_not_reject_only_a_version_mismatch[\x007*\x00\x010]" time="0.008" /><testcase classname="tests.test_wsc_messages" name="test_legacy_padded_device_strings_preserve_original_authenticator_input" time="0.008" /><testcase classname="tests.test_wsc_messages" name="test_conditional_password_fields_are_preserved_but_not_applied" time="0.015" /><testcase classname="tests.test_wsc_messages" name="test_unknown_vendor_subelements_have_a_bounded_admission_budget" time="0.004" /><testcase classname="tests.test_wsc_messages" name="test_overlong_settings_and_invalid_wfa_substructure_are_rejected" time="0.030" /><testcase classname="tests.test_wsc_messages" name="test_bss_index_placement_and_duplicate_singletons_are_rejected" time="0.008" /><testcase classname="tests.test_wsc_messages" name="test_non_configuration_m2_is_not_misreported_as_provisioned" time="0.007" /><testcase classname="tests.test_wsc_messages" name="test_batch_checks_all_responses_capacity_and_unique_nonce_and_index" time="0.073" /><testcase classname="tests.test_wsc_messages" name="test_invalid_capacity_is_not_used_as_a_radio_capability[0]" time="0.000" /><testcase classname="tests.test_wsc_messages" name="test_invalid_capacity_is_not_used_as_a_radio_capability[17]" time="0.000" /><testcase classname="tests.test_wsc_messages" name="test_invalid_capacity_is_not_used_as_a_radio_capability[True]" time="0.000" /><testcase classname="tests.test_wsc_messages" name="test_invalid_capacity_is_not_used_as_a_radio_capability[1]" time="0.000" /><testcase classname="tests.test_wsc_messages" name="test_m1_input_facts_must_have_supported_representation[uuid]" time="0.000" /><testcase classname="tests.test_wsc_messages" name="test_m1_input_facts_must_have_supported_representation[mac]" time="0.000" /><testcase classname="tests.test_wsc_messages" name="test_m1_input_facts_must_have_supported_representation[length]" time="0.000" /><testcase classname="tests.test_wsc_messages" name="test_m1_input_facts_must_have_supported_representation[padding]" time="0.000" /><testcase classname="tests.test_wsc_messages" name="test_m1_input_facts_must_have_supported_representation[band]" time="0.000" /><testcase classname="tests.test_wsc_messages" name="test_m1_input_facts_must_have_supported_representation[state]" time="0.000" /><testcase classname="tests.test_wsc_messages" name="test_m1_input_facts_must_have_supported_representation[bool]" time="0.000" /><testcase classname="tests.test_wsc_messages" name="test_m1_input_facts_must_have_supported_representation[integer]" time="0.000" /><testcase classname="tests.test_wsc_messages" name="test_m1_input_facts_must_have_supported_representation[type]" time="0.000" /><testcase classname="tests.test_wsc_radio" name="test_independent_native_fronthaul_and_teardown_payloads" time="0.015" /><testcase classname="tests.test_wsc_radio" name="test_reserved_role_bits_are_ignored[0]" time="0.008" /><testcase classname="tests.test_wsc_radio" name="test_reserved_role_bits_are_ignored[1]" time="0.008" /><testcase classname="tests.test_wsc_radio" name="test_reserved_role_bits_are_ignored[2]" time="0.008" /><testcase classname="tests.test_wsc_radio" name="test_reserved_role_bits_are_ignored[3]" time="0.008" /><testcase classname="tests.test_wsc_radio" name="test_other_roles_are_preserved_and_never_partially_mapped[0]" time="0.008" /><testcase classname="tests.test_wsc_radio" name="test_other_roles_are_preserved_and_never_partially_mapped[64]" time="0.008" /><testcase classname="tests.test_wsc_radio" name="test_other_roles_are_preserved_and_never_partially_mapped[96]" time="0.008" /><testcase classname="tests.test_wsc_radio" name="test_other_roles_are_preserved_and_never_partially_mapped[128]" time="0.008" /><testcase classname="tests.test_wsc_radio" name="test_other_roles_are_preserved_and_never_partially_mapped[160]" time="0.008" /><testcase classname="tests.test_wsc_radio" name="test_other_roles_are_preserved_and_never_partially_mapped[224]" time="0.008" /><testcase classname="tests.test_wsc_radio" name="test_other_roles_are_preserved_and_never_partially_mapped[36]" time="0.008" /><testcase classname="tests.test_wsc_radio" name="test_other_roles_are_preserved_and_never_partially_mapped[40]" time="0.008" /><testcase classname="tests.test_wsc_radio" name="test_other_roles_are_preserved_and_never_partially_mapped[44]" time="0.008" /><testcase classname="tests.test_wsc_radio" name="test_missing_malformed_ambiguous_or_wrong_vendor_role_is_rejected[\x007*\x00\x01 ]" time="0.008" /><testcase classname="tests.test_wsc_radio" name="test_missing_malformed_ambiguous_or_wrong_vendor_role_is_rejected[\x007*\x06\x00]" time="0.008" /><testcase classname="tests.test_wsc_radio" name="test_missing_malformed_ambiguous_or_wrong_vendor_role_is_rejected[\x007*\x06\x02  ]" time="0.008" /><testcase classname="tests.test_wsc_radio" name="test_missing_malformed_ambiguous_or_wrong_vendor_role_is_rejected[\x007*\x06\x01 \x06\x01 ]" time="0.009" /><testcase classname="tests.test_wsc_radio" name="test_missing_malformed_ambiguous_or_wrong_vendor_role_is_rejected[\x00\x11&quot;\x06\x01 ]" time="0.008" /><testcase classname="tests.test_wsc_radio" name="test_role_must_be_in_encrypted_config_data_and_unique_across_extensions" time="0.015" /><testcase classname="tests.test_wsc_radio" name="test_optional_extensions_and_legacy_key_index_remain_ignored" time="0.008" /><testcase classname="tests.test_wsc_radio" name="test_teardown_ignores_other_setting_values_after_authentication[16]" time="0.015" /><testcase classname="tests.test_wsc_radio" name="test_teardown_ignores_other_setting_values_after_authentication[48]" time="0.015" /><testcase classname="tests.test_wsc_radio" name="test_teardown_ignores_other_setting_values_after_authentication[240]" time="0.015" /><testcase classname="tests.test_wsc_radio" name="test_teardown_ignores_other_setting_values_after_authentication[255]" time="0.015" /><testcase classname="tests.test_wsc_radio" name="test_invalid_authentication_or_conflicting_batch_cannot_become_teardown" time="0.038" /><testcase classname="tests.test_wsc_radio" name="test_multiple_valid_bsses_cannot_be_reduced_to_a_single_patch" time="0.022" /><testcase classname="tests.test_wsc_radio" name="test_unsupported_security_is_not_downgraded[4099-\x00`]" time="0.008" /><testcase classname="tests.test_wsc_radio" name="test_unsupported_security_is_not_downgraded[4111-\x00\x0c]" time="0.008" /><testcase classname="tests.test_wsc_radio" name="test_unsupported_security_is_not_downgraded[4099-\x02\x00]" time="0.008" /><testcase classname="tests.test_wsc_radio" name="test_unsupported_security_is_not_downgraded[4111-\x00\x01]" time="0.008" /><testcase classname="tests.test_wsc_radio" name="test_keys_outside_existing_mapping_are_never_truncated_or_substituted[short]" time="0.008" /><testcase classname="tests.test_wsc_radio" name="test_keys_outside_existing_mapping_are_never_truncated_or_substituted[aaaaaaaaaaaaaaaaaaaaaaaaaaaaaaaaaaaaaaaaaaaaaaaaaaaaaaaaaaaaaaaa]" time="0.008" /><testcase classname="tests.test_wsc_radio" name="test_keys_outside_existing_mapping_are_never_truncated_or_substituted[aaaaaaa\x7f]" time="0.008" /><testcase classname="tests.test_wsc_radio" name="test_keys_outside_existing_mapping_are_never_truncated_or_substituted[aaaaaaa\x80]" time="0.008" /><testcase classname="tests.test_wsc_radio" name="test_keys_outside_existing_mapping_are_never_truncated_or_substituted[password\x00\x00]" time="0.008" /><testcase classname="tests.test_wsc_radio" name="test_keys_outside_existing_mapping_are_never_truncated_or_substituted[pass\x00word]" time="0.008" /><testcase classname="tests.test_wsc_radio" name="test_legacy_passphrase_terminator_and_utf8_mapping_boundary" time="0.030" /><testcase classname="tests.test_wsc_radio" name="test_password_change_is_not_silently_omitted_from_the_candidate" time="0.008" /><testcase classname="tests.test_wsc_radio" name="test_candidate_must_have_been_advertised_in_the_original_m1[4100-\x00\x02]" time="0.015" /><testcase classname="tests.test_wsc_radio" name="test_candidate_must_have_been_advertised_in_the_original_m1[4112-\x00\x04]" time="0.015" /><testcase classname="tests.test_wsc_radio" name="test_role_semantics_wait_until_the_entire_payload_set_is_authenticated" time="0.015" /></testsuite></testsuites>