<?xml version='1.0' encoding='utf-8'?>
<testsuites name="pytest tests"><testsuite name="pytest" errors="0" failures="0" skipped="0" tests="928" time="7.049" timestamp="2026-09-22T14:35:33.313293-07:00" hostname="rev150"><testcase classname="tests.test_agents" name="test_agent_directory_expires_and_retains_identity" time="0.001" /><testcase classname="tests.test_agents" name="test_duplicate_virtual_agent_binding_rejected[case-4676bb13cc1e]" time="0.008" /><testcase classname="tests.test_agents" name="test_duplicate_virtual_agent_binding_rejected[case-b0f7b71b078b]" time="0.001" /><testcase classname="tests.test_agents" name="test_virtual_agent_requires_explicit_lab_unicast_address[case-d79a88257115]" time="0.001" /><testcase classname="tests.test_agents" name="test_virtual_agent_requires_explicit_lab_unicast_address[case-740195ec41fc]" time="0.001" /><testcase classname="tests.test_agents" name="test_virtual_agent_requires_explicit_lab_unicast_address[case-d20a03f21f0f]" time="0.001" /><testcase classname="tests.test_agents" name="test_model_cannot_claim_observed_agent" time="0.001" /><testcase classname="tests.test_agents" name="test_agents_local_request_contract" time="0.020" /><testcase classname="tests.test_agents" name="test_tls_service_requires_local_unique_explicit_trust[case-14b724a4afd4]" time="0.004" /><testcase classname="tests.test_agents" name="test_tls_service_requires_local_unique_explicit_trust[case-537a11bfd681]" time="0.001" /><testcase classname="tests.test_agents" name="test_tls_service_requires_local_unique_explicit_trust[case-5b55d1954811]" time="0.001" /><testcase classname="tests.test_agents" name="test_tls_service_requires_local_unique_explicit_trust[case-233197459a2b]" time="0.002" /><testcase classname="tests.test_agents" name="test_sole_radio_scope_requires_bound_ovsdb_simulation[case-4667778f7bf8]" time="0.001" /><testcase classname="tests.test_agents" name="test_sole_radio_scope_requires_bound_ovsdb_simulation[case-0c9dc0345e58]" time="0.001" /><testcase classname="tests.test_api" name="test_service_local_api_and_read_only_mode" time="0.078" /><testcase classname="tests.test_api" name="test_api_malformed_and_oversized_frame_no_side_effect" time="0.003" /><testcase classname="tests.test_autoconfiguration" name="test_search_literal_vector_and_echoed_mid" time="0.000" /><testcase classname="tests.test_autoconfiguration" name="test_search_response_role_band_service_profile_must_match[case-f17f21f78312]" time="0.000" /><testcase classname="tests.test_autoconfiguration" name="test_search_response_role_band_service_profile_must_match[case-7828301e1926]" time="0.000" /><testcase classname="tests.test_autoconfiguration" name="test_search_response_role_band_service_profile_must_match[case-9c2cfa8769cc]" time="0.000" /><testcase classname="tests.test_autoconfiguration" name="test_search_response_role_band_service_profile_must_match[case-ce51fe4a7535]" time="0.000" /><testcase classname="tests.test_autoconfiguration" name="test_search_ignores_unrelated_tlv_and_reserved_service_profile_values" time="0.000" /><testcase classname="tests.test_autoconfiguration" name="test_search_required_fields_and_profile1_feature_tlv[case-4b67a00eace8]" time="0.000" /><testcase classname="tests.test_autoconfiguration" name="test_search_required_fields_and_profile1_feature_tlv[case-4548ab7ca413]" time="0.000" /><testcase classname="tests.test_autoconfiguration" name="test_search_required_fields_and_profile1_feature_tlv[case-cf2839f71f2d]" time="0.000" /><testcase classname="tests.test_autoconfiguration" name="test_search_required_fields_and_profile1_feature_tlv[case-09320165f910]" time="0.000" /><testcase classname="tests.test_autoconfiguration" name="test_search_required_fields_and_profile1_feature_tlv[case-26be051a7492]" time="0.000" /><testcase classname="tests.test_autoconfiguration" name="test_search_required_fields_and_profile1_feature_tlv[case-2667395eb4b1]" time="0.000" /><testcase classname="tests.test_autoconfiguration" name="test_search_required_fields_and_profile1_feature_tlv[case-b919e39d43fd]" time="0.000" /><testcase classname="tests.test_autoconfiguration" name="test_response_missing_and_duplicate_required_fields[case-7e8952752eb4]" time="0.000" /><testcase classname="tests.test_autoconfiguration" name="test_response_missing_and_duplicate_required_fields[case-415c30f66294]" time="0.000" /><testcase classname="tests.test_autoconfiguration" name="test_response_missing_and_duplicate_required_fields[case-cab6957d851b]" time="0.000" /><testcase classname="tests.test_autoconfiguration" name="test_response_missing_and_duplicate_required_fields[case-07e09ad3b0aa]" time="0.000" /><testcase classname="tests.test_autoconfiguration" name="test_search_unsolicited_wrong_mid_and_deadline_are_rejected" time="0.000" /><testcase classname="tests.test_autoconfiguration" name="test_discovery_repeated_response_cannot_change_bound_advertisement" time="0.001" /><testcase classname="tests.test_autoconfiguration" name="test_native_discovery_fields_are_independent_inputs_with_unqualified_profiles" time="0.001" /><testcase classname="tests.test_autoconfiguration" name="test_m1_contains_all_selected_companions_and_native_transcript" time="0.008" /><testcase classname="tests.test_autoconfiguration" name="test_duplicate_m2_new_mid_and_unrelated_tlv_produce_one_candidate" time="0.021" /><testcase classname="tests.test_autoconfiguration" name="test_duplicate_cannot_hide_extra_radio_configuration" time="0.007" /><testcase classname="tests.test_autoconfiguration" name="test_authenticated_reencrypted_same_configuration_is_still_duplicate" time="0.028" /><testcase classname="tests.test_autoconfiguration" name="test_invalid_reencrypted_retry_cannot_replace_accepted_candidate" time="0.021" /><testcase classname="tests.test_autoconfiguration" name="test_dpp_security_envelope_requires_its_own_processing[case-e7360cfd9a69]" time="0.001" /><testcase classname="tests.test_autoconfiguration" name="test_dpp_security_envelope_requires_its_own_processing[case-8fc0d1b1be45]" time="0.000" /><testcase classname="tests.test_autoconfiguration" name="test_fragmented_complete_request_is_not_dispatched_early" time="0.007" /><testcase classname="tests.test_autoconfiguration" name="test_wrong_peer_link_radio_or_envelope_cannot_consume_exchange[case-d7993f01e414]" time="0.007" /><testcase classname="tests.test_autoconfiguration" name="test_wrong_peer_link_radio_or_envelope_cannot_consume_exchange[case-a41f55ccbd6d]" time="0.007" /><testcase classname="tests.test_autoconfiguration" name="test_wrong_peer_link_radio_or_envelope_cannot_consume_exchange[case-a9092c7e93a0]" time="0.007" /><testcase classname="tests.test_autoconfiguration" name="test_wrong_peer_link_radio_or_envelope_cannot_consume_exchange[case-b1d46edcef94]" time="0.007" /><testcase classname="tests.test_autoconfiguration" name="test_wrong_peer_link_radio_or_envelope_cannot_consume_exchange[case-9903b27bfff0]" time="0.007" /><testcase classname="tests.test_autoconfiguration" name="test_wrong_peer_link_radio_or_envelope_cannot_consume_exchange[case-f44c8d297639]" time="0.007" /><testcase classname="tests.test_autoconfiguration" name="test_wrong_peer_link_radio_or_envelope_cannot_consume_exchange[case-f27d51bc0ca1]" time="0.007" /><testcase classname="tests.test_autoconfiguration" name="test_companion_configuration_is_never_silently_dropped[case-50acf7f782a2]" time="0.000" /><testcase classname="tests.test_autoconfiguration" name="test_companion_configuration_is_never_silently_dropped[case-d0e91e0a84f4]" time="0.000" /><testcase classname="tests.test_autoconfiguration" name="test_companion_configuration_is_never_silently_dropped[case-bdf8bffa1897]" time="0.000" /><testcase classname="tests.test_autoconfiguration" name="test_companion_configuration_is_never_silently_dropped[case-c864d0ec115f]" time="0.000" /><testcase classname="tests.test_autoconfiguration" name="test_companion_configuration_is_never_silently_dropped[case-8e5ee4e8ee0f]" time="0.000" /><testcase classname="tests.test_autoconfiguration" name="test_companion_configuration_is_never_silently_dropped[case-c31155f47f47]" time="0.000" /><testcase classname="tests.test_autoconfiguration" name="test_failed_complete_request_cannot_be_retried_with_old_transcript[case-57f74b31e65f]" time="0.014" /><testcase classname="tests.test_autoconfiguration" name="test_failed_complete_request_cannot_be_retried_with_old_transcript[case-05a3238542d7]" time="0.014" /><testcase classname="tests.test_autoconfiguration" name="test_failed_complete_request_cannot_be_retried_with_old_transcript[case-5e77d2c60292]" time="0.021" /><testcase classname="tests.test_autoconfiguration" name="test_failed_complete_request_cannot_be_retried_with_old_transcript[case-ad978dc372b8]" time="0.014" /><testcase classname="tests.test_autoconfiguration" name="test_failed_complete_request_cannot_be_retried_with_old_transcript[case-4a948c263cdb]" time="0.007" /><testcase classname="tests.test_autoconfiguration" name="test_fresh_exchange_rejects_old_m2_and_uses_fresh_entropy" time="0.001" /><testcase classname="tests.test_autoconfiguration" name="test_retries_duplicates_and_deadline_never_extend_lifetime" time="0.007" /><testcase classname="tests.test_autoconfiguration" name="test_no_m2_before_m1_and_explicit_close_invalidates_material" time="0.000" /><testcase classname="tests.test_autoconfiguration" name="test_invalid_time_budgets[case-ed186ef0e248]" time="0.000" /><testcase classname="tests.test_autoconfiguration" name="test_invalid_time_budgets[case-9a906c020929]" time="0.000" /><testcase classname="tests.test_autoconfiguration" name="test_invalid_time_budgets[case-2187516eb4a3]" time="0.000" /><testcase classname="tests.test_autoconfiguration" name="test_invalid_time_budgets[case-7174be3cfc77]" time="0.000" /><testcase classname="tests.test_autoconfiguration" name="test_invalid_time_budgets[case-999dbe015ea0]" time="0.000" /><testcase classname="tests.test_autoconfiguration" name="test_invalid_time_budgets[case-228c88db01d6]" time="0.000" /><testcase classname="tests.test_autoconfiguration" name="test_explicit_identity_binding_rejects_alias_and_mismatched_m1" time="0.000" /><testcase classname="tests.test_capability_extensions" name="test_normalized_claims_map_to_asymmetric_exact_values_and_bound_inventory" time="0.019" /><testcase classname="tests.test_capability_extensions" name="test_old_contract_is_unknown_and_cannot_advertise_unsupported_technology" time="0.001" /><testcase classname="tests.test_capability_extensions" name="test_technology_fault_withdraws_all_technology_values_only[case-bf8becac40c6]" time="0.003" /><testcase classname="tests.test_capability_extensions" name="test_technology_fault_withdraws_all_technology_values_only[case-acf77eca74a0]" time="0.003" /><testcase classname="tests.test_capability_extensions" name="test_technology_fault_withdraws_all_technology_values_only[case-b9f0efcc973c]" time="0.003" /><testcase classname="tests.test_capability_extensions" name="test_technology_fault_withdraws_all_technology_values_only[case-02f10705b169]" time="0.003" /><testcase classname="tests.test_capability_extensions" name="test_technology_fault_withdraws_all_technology_values_only[case-fead7176d329]" time="0.003" /><testcase classname="tests.test_capability_extensions" name="test_technology_fault_withdraws_all_technology_values_only[case-b7a32c23194c]" time="0.004" /><testcase classname="tests.test_capability_extensions" name="test_technology_fault_withdraws_all_technology_values_only[case-f7e5effc47fd]" time="0.004" /><testcase classname="tests.test_capability_extensions" name="test_technology_fault_withdraws_all_technology_values_only[case-2f71a0523e3d]" time="0.004" /><testcase classname="tests.test_capability_extensions" name="test_technology_fault_withdraws_all_technology_values_only[case-9beb9f1c59e7]" time="0.004" /><testcase classname="tests.test_capability_extensions" name="test_technology_fault_withdraws_all_technology_values_only[case-d454a1f2f731]" time="0.004" /><testcase classname="tests.test_capability_extensions" name="test_technology_fault_withdraws_all_technology_values_only[case-e49952a4957a]" time="0.004" /><testcase classname="tests.test_capability_extensions" name="test_technology_fault_withdraws_all_technology_values_only[case-cd93d73b0f66]" time="0.004" /><testcase classname="tests.test_capability_extensions" name="test_technology_fault_withdraws_all_technology_values_only[case-f90ce2163706]" time="0.004" /><testcase classname="tests.test_capability_extensions" name="test_technology_fault_withdraws_all_technology_values_only[case-5437cdb9f12a]" time="0.004" /><testcase classname="tests.test_capability_extensions" name="test_technology_fault_withdraws_all_technology_values_only[case-f0b3c9a563e6]" time="0.004" /><testcase classname="tests.test_capability_extensions" name="test_inventory_fault_does_not_guess_or_truncate_strings[case-729ee26380ca]" time="0.004" /><testcase classname="tests.test_capability_extensions" name="test_inventory_fault_does_not_guess_or_truncate_strings[case-462aa46e4041]" time="0.004" /><testcase classname="tests.test_capability_extensions" name="test_inventory_fault_does_not_guess_or_truncate_strings[case-e180316e64d6]" time="0.004" /><testcase classname="tests.test_capability_extensions" name="test_inventory_fault_does_not_guess_or_truncate_strings[case-eabc64accd56]" time="0.004" /><testcase classname="tests.test_capability_extensions" name="test_inventory_fault_does_not_guess_or_truncate_strings[case-f378763a5244]" time="0.004" /><testcase classname="tests.test_capability_extensions" name="test_inventory_fault_does_not_guess_or_truncate_strings[case-1d1252f26818]" time="0.004" /><testcase classname="tests.test_capability_extensions" name="test_inventory_fault_does_not_guess_or_truncate_strings[case-23d8f8b4ee4b]" time="0.004" /><testcase classname="tests.test_capability_extensions" name="test_invalid_extension_contracts_rejected_before_mapping[case-de0169fefb3b]" time="0.004" /><testcase classname="tests.test_capability_extensions" name="test_invalid_extension_contracts_rejected_before_mapping[case-f480e28abd88]" time="0.003" /><testcase classname="tests.test_capability_extensions" name="test_invalid_extension_contracts_rejected_before_mapping[case-b7c6d7d7cd40]" time="0.003" /><testcase classname="tests.test_capability_extensions" name="test_invalid_extension_contracts_rejected_before_mapping[case-0622f583d88d]" time="0.003" /><testcase classname="tests.test_capability_extensions" name="test_invalid_extension_contracts_rejected_before_mapping[case-f88042dc9b83]" time="0.003" /><testcase classname="tests.test_capability_extensions" name="test_invalid_extension_contracts_rejected_before_mapping[case-a446de279eb4]" time="0.003" /><testcase classname="tests.test_capability_extensions" name="test_invalid_extension_contracts_rejected_before_mapping[case-3af3124d7cd5]" time="0.003" /><testcase classname="tests.test_capability_extensions" name="test_invalid_extension_contracts_rejected_before_mapping[case-bc487315a949]" time="0.003" /><testcase classname="tests.test_capability_extensions" name="test_explicit_unsupported_has_no_values_and_stale_parent_withdraws_everything" time="0.003" /><testcase classname="tests.test_capability_extensions" name="test_width_claims_need_audited_classes_and_center_is_not_a_primary_channel[case-75161bb79f5f]" time="0.004" /><testcase classname="tests.test_capability_extensions" name="test_width_claims_need_audited_classes_and_center_is_not_a_primary_channel[case-124ab7b215af]" time="0.004" /><testcase classname="tests.test_capability_extensions" name="test_width_claims_need_audited_classes_and_center_is_not_a_primary_channel[case-75f26f50358d]" time="0.003" /><testcase classname="tests.test_capability_extensions" name="test_width_claims_need_audited_classes_and_center_is_not_a_primary_channel[case-0f3704337062]" time="0.004" /><testcase classname="tests.test_capability_extensions" name="test_width_claims_need_audited_classes_and_center_is_not_a_primary_channel[case-20d1921c641f]" time="0.003" /><testcase classname="tests.test_discovery_session" name="test_search_response_then_topology_without_early_or_m1_or_operation" time="0.001" /><testcase classname="tests.test_discovery_session" name="test_native_response_missing_security_and_kib_is_rejected" time="0.000" /><testcase classname="tests.test_discovery_session" name="test_missing_malformed_and_reserved_capabilities_never_admit_reports[case-717d6b8f463a]" time="0.000" /><testcase classname="tests.test_discovery_session" name="test_missing_malformed_and_reserved_capabilities_never_admit_reports[case-6824f651ba9e]" time="0.001" /><testcase classname="tests.test_discovery_session" name="test_missing_malformed_and_reserved_capabilities_never_admit_reports[case-d1e2e409503d]" time="0.000" /><testcase classname="tests.test_discovery_session" name="test_missing_malformed_and_reserved_capabilities_never_admit_reports[case-5a9425ce8aeb]" time="0.000" /><testcase classname="tests.test_discovery_session" name="test_missing_malformed_and_reserved_capabilities_never_admit_reports[case-b0eedd73801d]" time="0.000" /><testcase classname="tests.test_discovery_session" name="test_missing_malformed_and_reserved_capabilities_never_admit_reports[case-3766730b3b78]" time="0.000" /><testcase classname="tests.test_discovery_session" name="test_missing_malformed_and_reserved_capabilities_never_admit_reports[case-955b31e67cd6]" time="0.000" /><testcase classname="tests.test_discovery_session" name="test_missing_malformed_and_reserved_capabilities_never_admit_reports[case-a64f0ad45101]" time="0.000" /><testcase classname="tests.test_discovery_session" name="test_missing_malformed_and_reserved_capabilities_never_admit_reports[case-4ffd0c297784]" time="0.000" /><testcase classname="tests.test_discovery_session" name="test_missing_malformed_and_reserved_capabilities_never_admit_reports[case-c787fdc0f3a9]" time="0.000" /><testcase classname="tests.test_discovery_session" name="test_reserved_future_controller_bytes_do_not_claim_profile_qualification" time="0.000" /><testcase classname="tests.test_discovery_session" name="test_lost_responses_retry_three_times_new_mids_with_fixed_budget" time="0.000" /><testcase classname="tests.test_discovery_session" name="test_wrong_mid_and_binding_cannot_correlate_controller[case-a7e0523b1221]" time="0.000" /><testcase classname="tests.test_discovery_session" name="test_wrong_mid_and_binding_cannot_correlate_controller[case-d64887a8c6a8]" time="0.000" /><testcase classname="tests.test_discovery_session" name="test_wrong_mid_and_binding_cannot_correlate_controller[case-5e7d9c171a3c]" time="0.000" /><testcase classname="tests.test_discovery_session" name="test_late_response_does_not_trigger_send_or_extend_deadline" time="0.000" /><testcase classname="tests.test_discovery_session" name="test_context_loss_removes_report_access_and_requires_fresh_search[case-9aa076978b8a]" time="0.000" /><testcase classname="tests.test_discovery_session" name="test_context_loss_removes_report_access_and_requires_fresh_search[case-b8616ac2d89f]" time="0.000" /><testcase classname="tests.test_discovery_session" name="test_context_loss_removes_report_access_and_requires_fresh_search[case-77dbdc71f634]" time="0.000" /><testcase classname="tests.test_discovery_session" name="test_context_loss_removes_report_access_and_requires_fresh_search[case-725616df0c87]" time="0.000" /><testcase classname="tests.test_discovery_session" name="test_context_loss_removes_report_access_and_requires_fresh_search[case-4000ffeaf139]" time="0.000" /><testcase classname="tests.test_discovery_session" name="test_ordinary_revision_preserves_discovery_but_queries_use_current_facts" time="0.000" /><testcase classname="tests.test_discovery_session" name="test_delayed_publication_cannot_bridge_an_expired_lease" time="0.000" /><testcase classname="tests.test_discovery_session" name="test_failed_or_late_search_send_is_not_response_eligible[case-22b51c54a2d0]" time="0.001" /><testcase classname="tests.test_discovery_session" name="test_failed_or_late_search_send_is_not_response_eligible[case-a6d8f6c6d262]" time="0.000" /><testcase classname="tests.test_discovery_session" name="test_failed_or_late_search_send_is_not_response_eligible[case-bcb3ef30a94c]" time="0.000" /><testcase classname="tests.test_discovery_session" name="test_flapping_source_and_explicit_restarts_cannot_burst_searches" time="0.001" /><testcase classname="tests.test_discovery_session" name="test_unsupported_radio_scope_cannot_advertise_discovery" time="0.000" /><testcase classname="tests.test_discovery_session" name="test_closed_session_cannot_be_restarted_by_source_or_packets" time="0.000" /><testcase classname="tests.test_discovery_session" name="test_response_review_is_diagnostic_and_does_not_claim_security_implementation" time="0.000" /><testcase classname="tests.test_easymesh_payloads" name="test_independent_native_fixture_provenance" time="0.000" /><testcase classname="tests.test_easymesh_payloads" name="test_decode_and_encode_against_independent_native_bytes_and_fields[case-087fcbea66b9]" time="0.000" /><testcase classname="tests.test_easymesh_payloads" name="test_decode_and_encode_against_independent_native_bytes_and_fields[case-50d8187d4adf]" time="0.000" /><testcase classname="tests.test_easymesh_payloads" name="test_decode_and_encode_against_independent_native_bytes_and_fields[case-b353d3182b4c]" time="0.000" /><testcase classname="tests.test_easymesh_payloads" name="test_decode_and_encode_against_independent_native_bytes_and_fields[case-c9d2f0b12c4c]" time="0.000" /><testcase classname="tests.test_easymesh_payloads" name="test_decode_and_encode_against_independent_native_bytes_and_fields[case-5f9b8739d2ce]" time="0.000" /><testcase classname="tests.test_easymesh_payloads" name="test_decode_and_encode_against_independent_native_bytes_and_fields[case-43463e23e8aa]" time="0.000" /><testcase classname="tests.test_easymesh_payloads" name="test_decode_and_encode_against_independent_native_bytes_and_fields[case-f2bfac3b14db]" time="0.000" /><testcase classname="tests.test_easymesh_payloads" name="test_decode_and_encode_against_independent_native_bytes_and_fields[case-b95c89aee514]" time="0.000" /><testcase classname="tests.test_easymesh_payloads" name="test_decode_and_encode_against_independent_native_bytes_and_fields[case-7a4dae04aab0]" time="0.000" /><testcase classname="tests.test_easymesh_payloads" name="test_decode_and_encode_against_independent_native_bytes_and_fields[case-3699c1802286]" time="0.000" /><testcase classname="tests.test_easymesh_payloads" name="test_decode_and_encode_against_independent_native_bytes_and_fields[case-c73f5540dcbf]" time="0.000" /><testcase classname="tests.test_easymesh_payloads" name="test_decode_and_encode_against_independent_native_bytes_and_fields[case-450ada485c22]" time="0.000" /><testcase classname="tests.test_easymesh_payloads" name="test_decode_and_encode_against_independent_native_bytes_and_fields[case-17fe05d0b474]" time="0.000" /><testcase classname="tests.test_easymesh_payloads" name="test_decode_and_encode_against_independent_native_bytes_and_fields[case-67b7fef946e6]" time="0.000" /><testcase classname="tests.test_easymesh_payloads" name="test_decode_and_encode_against_independent_native_bytes_and_fields[case-dda88ca5b0de]" time="0.000" /><testcase classname="tests.test_easymesh_payloads" name="test_decode_and_encode_against_independent_native_bytes_and_fields[case-0246f095ae30]" time="0.000" /><testcase classname="tests.test_easymesh_payloads" name="test_decode_and_encode_against_independent_native_bytes_and_fields[case-a71eced36a1c]" time="0.000" /><testcase classname="tests.test_easymesh_payloads" name="test_decode_and_encode_against_independent_native_bytes_and_fields[case-b72ea8824775]" time="0.000" /><testcase classname="tests.test_easymesh_payloads" name="test_decode_and_encode_against_independent_native_bytes_and_fields[case-cd4d796c6949]" time="0.000" /><testcase classname="tests.test_easymesh_payloads" name="test_decode_and_encode_against_independent_native_bytes_and_fields[case-f665bf5ec6bc]" time="0.000" /><testcase classname="tests.test_easymesh_payloads" name="test_selected_table_layouts_have_exact_expected_bytes[case-89bc25ea829a]" time="0.000" /><testcase classname="tests.test_easymesh_payloads" name="test_selected_table_layouts_have_exact_expected_bytes[case-463e689b1b23]" time="0.000" /><testcase classname="tests.test_easymesh_payloads" name="test_selected_table_layouts_have_exact_expected_bytes[case-5a2266c86248]" time="0.000" /><testcase classname="tests.test_easymesh_payloads" name="test_selected_table_layouts_have_exact_expected_bytes[case-21dc2e2e67fb]" time="0.000" /><testcase classname="tests.test_easymesh_payloads" name="test_selected_table_layouts_have_exact_expected_bytes[case-e77ec1e6e26c]" time="0.000" /><testcase classname="tests.test_easymesh_payloads" name="test_selected_table_layouts_have_exact_expected_bytes[case-e3c06ba74e3b]" time="0.000" /><testcase classname="tests.test_easymesh_payloads" name="test_selected_table_layouts_have_exact_expected_bytes[case-1bd7b3ec6161]" time="0.000" /><testcase classname="tests.test_easymesh_payloads" name="test_selected_table_layouts_have_exact_expected_bytes[case-5be0f5614314]" time="0.000" /><testcase classname="tests.test_easymesh_payloads" name="test_selected_table_layouts_have_exact_expected_bytes[case-03a387f50419]" time="0.000" /><testcase classname="tests.test_easymesh_payloads" name="test_selected_table_layouts_have_exact_expected_bytes[case-2f9b1215b9e9]" time="0.000" /><testcase classname="tests.test_easymesh_payloads" name="test_selected_table_layouts_have_exact_expected_bytes[case-10e783ed93e4]" time="0.000" /><testcase classname="tests.test_easymesh_payloads" name="test_selected_table_layouts_have_exact_expected_bytes[case-b7ea4a4e76b8]" time="0.000" /><testcase classname="tests.test_easymesh_payloads" name="test_every_truncation_and_extra_octet_fails_closed[case-63dca8e610ab]" time="0.000" /><testcase classname="tests.test_easymesh_payloads" name="test_every_truncation_and_extra_octet_fails_closed[case-ade663b27326]" time="0.000" /><testcase classname="tests.test_easymesh_payloads" name="test_every_truncation_and_extra_octet_fails_closed[case-a7b5808649d0]" time="0.000" /><testcase classname="tests.test_easymesh_payloads" name="test_every_truncation_and_extra_octet_fails_closed[case-e6172671130e]" time="0.000" /><testcase classname="tests.test_easymesh_payloads" name="test_every_truncation_and_extra_octet_fails_closed[case-5a42b82705c3]" time="0.000" /><testcase classname="tests.test_easymesh_payloads" name="test_every_truncation_and_extra_octet_fails_closed[case-f18d4c3afad5]" time="0.000" /><testcase classname="tests.test_easymesh_payloads" name="test_every_truncation_and_extra_octet_fails_closed[case-57c581db5e84]" time="0.000" /><testcase classname="tests.test_easymesh_payloads" name="test_every_truncation_and_extra_octet_fails_closed[case-aecb32ce5a67]" time="0.000" /><testcase classname="tests.test_easymesh_payloads" name="test_every_truncation_and_extra_octet_fails_closed[case-e1412fc3d0d7]" time="0.000" /><testcase classname="tests.test_easymesh_payloads" name="test_every_truncation_and_extra_octet_fails_closed[case-4c45a56e9c33]" time="0.000" /><testcase classname="tests.test_easymesh_payloads" name="test_every_truncation_and_extra_octet_fails_closed[case-9ca21a1b126d]" time="0.000" /><testcase classname="tests.test_easymesh_payloads" name="test_every_truncation_and_extra_octet_fails_closed[case-79d5b9f9afee]" time="0.001" /><testcase classname="tests.test_easymesh_payloads" name="test_every_truncation_and_extra_octet_fails_closed[case-c4cb67e14ee2]" time="0.000" /><testcase classname="tests.test_easymesh_payloads" name="test_every_truncation_and_extra_octet_fails_closed[case-cbb79e4ed7b6]" time="0.000" /><testcase classname="tests.test_easymesh_payloads" name="test_every_truncation_and_extra_octet_fails_closed[case-2d15e5866027]" time="0.000" /><testcase classname="tests.test_easymesh_payloads" name="test_every_truncation_and_extra_octet_fails_closed[case-08c2ba7e0996]" time="0.000" /><testcase classname="tests.test_easymesh_payloads" name="test_every_truncation_and_extra_octet_fails_closed[case-26beda10c97d]" time="0.000" /><testcase classname="tests.test_easymesh_payloads" name="test_every_truncation_and_extra_octet_fails_closed[case-053d9af044cd]" time="0.000" /><testcase classname="tests.test_easymesh_payloads" name="test_every_truncation_and_extra_octet_fails_closed[case-4296c9a4d973]" time="0.000" /><testcase classname="tests.test_easymesh_payloads" name="test_every_truncation_and_extra_octet_fails_closed[case-b2466549364a]" time="0.000" /><testcase classname="tests.test_easymesh_payloads" name="test_all_reserved_profiles_use_explicit_receiver_without_changing_raw_value" time="0.001" /><testcase classname="tests.test_easymesh_payloads" name="test_reserved_services_are_ignored_for_roles_and_forbidden_for_senders" time="0.002" /><testcase classname="tests.test_easymesh_payloads" name="test_ssid_octet_boundaries_are_preserved_without_unicode_assumptions[case-5c51c2fb45b5]" time="0.000" /><testcase classname="tests.test_easymesh_payloads" name="test_ssid_octet_boundaries_are_preserved_without_unicode_assumptions[case-ad3f1f9ed3a3]" time="0.000" /><testcase classname="tests.test_easymesh_payloads" name="test_inconsistent_nested_counts_or_ssid_lengths_rejected[case-03dc7917979e]" time="0.000" /><testcase classname="tests.test_easymesh_payloads" name="test_inconsistent_nested_counts_or_ssid_lengths_rejected[case-28f10ed81e43]" time="0.000" /><testcase classname="tests.test_easymesh_payloads" name="test_inconsistent_nested_counts_or_ssid_lengths_rejected[case-6fbfad673840]" time="0.000" /><testcase classname="tests.test_easymesh_payloads" name="test_inconsistent_nested_counts_or_ssid_lengths_rejected[case-58984b5a4cc1]" time="0.000" /><testcase classname="tests.test_easymesh_payloads" name="test_inconsistent_nested_counts_or_ssid_lengths_rejected[case-ea8cab0c9809]" time="0.000" /><testcase classname="tests.test_easymesh_payloads" name="test_inconsistent_nested_counts_or_ssid_lengths_rejected[case-2aa0581d0bc1]" time="0.000" /><testcase classname="tests.test_easymesh_payloads" name="test_invalid_outbound_objects_fail_without_leaking_values[case-ecdf63dabd87]" time="0.000" /><testcase classname="tests.test_easymesh_payloads" name="test_invalid_outbound_objects_fail_without_leaking_values[case-4b6c896fe41a]" time="0.000" /><testcase classname="tests.test_easymesh_payloads" name="test_invalid_outbound_objects_fail_without_leaking_values[case-845a99b6c8fa]" time="0.000" /><testcase classname="tests.test_easymesh_payloads" name="test_invalid_outbound_objects_fail_without_leaking_values[case-40b8ce90be46]" time="0.000" /><testcase classname="tests.test_easymesh_payloads" name="test_invalid_outbound_objects_fail_without_leaking_values[case-f44af23e626d]" time="0.000" /><testcase classname="tests.test_easymesh_payloads" name="test_invalid_outbound_objects_fail_without_leaking_values[case-5dbb83eaaf88]" time="0.000" /><testcase classname="tests.test_easymesh_payloads" name="test_invalid_outbound_objects_fail_without_leaking_values[case-ef3119c274c4]" time="0.000" /><testcase classname="tests.test_easymesh_payloads" name="test_invalid_outbound_objects_fail_without_leaking_values[case-191e061d7da3]" time="0.000" /><testcase classname="tests.test_easymesh_payloads" name="test_invalid_outbound_objects_fail_without_leaking_values[case-010c96052c41]" time="0.000" /><testcase classname="tests.test_easymesh_payloads" name="test_invalid_outbound_objects_fail_without_leaking_values[case-96088cf05166]" time="0.000" /><testcase classname="tests.test_easymesh_payloads" name="test_invalid_outbound_objects_fail_without_leaking_values[case-ee36f5e8a0ca]" time="0.000" /><testcase classname="tests.test_easymesh_payloads" name="test_invalid_outbound_objects_fail_without_leaking_values[case-d615ee3626ed]" time="0.000" /><testcase classname="tests.test_easymesh_payloads" name="test_invalid_outbound_objects_fail_without_leaking_values[case-149b3a559258]" time="0.000" /><testcase classname="tests.test_easymesh_payloads" name="test_invalid_outbound_objects_fail_without_leaking_values[case-e3f07dc5a8d2]" time="0.000" /><testcase classname="tests.test_easymesh_payloads" name="test_invalid_outbound_objects_fail_without_leaking_values[case-c24fcb715fa8]" time="0.000" /><testcase classname="tests.test_easymesh_payloads" name="test_invalid_outbound_objects_fail_without_leaking_values[case-9fd7989fe825]" time="0.000" /><testcase classname="tests.test_easymesh_payloads" name="test_invalid_outbound_objects_fail_without_leaking_values[case-347f497407f0]" time="0.000" /><testcase classname="tests.test_easymesh_payloads" name="test_invalid_outbound_objects_fail_without_leaking_values[case-ccbe4ae3a614]" time="0.000" /><testcase classname="tests.test_easymesh_payloads" name="test_invalid_outbound_objects_fail_without_leaking_values[case-045cac58bcc1]" time="0.000" /><testcase classname="tests.test_easymesh_payloads" name="test_count_255_is_representable_without_claiming_unique_real_resources" time="0.001" /><testcase classname="tests.test_easymesh_payloads" name="test_byte_budget_is_a_local_limit_not_a_normative_invalidity" time="0.000" /><testcase classname="tests.test_easymesh_payloads" name="test_invalid_api_inputs_have_component_errors[case-129b72f4dfda]" time="0.000" /><testcase classname="tests.test_easymesh_payloads" name="test_invalid_api_inputs_have_component_errors[case-eb56724de479]" time="0.000" /><testcase classname="tests.test_easymesh_payloads" name="test_invalid_api_inputs_have_component_errors[case-c090f67560ec]" time="0.000" /><testcase classname="tests.test_easymesh_payloads" name="test_invalid_api_inputs_have_component_errors[case-e3ea30f5e088]" time="0.000" /><testcase classname="tests.test_easymesh_payloads" name="test_unsupported_type_is_not_silently_interpreted" time="0.000" /><testcase classname="tests.test_easymesh_payloads" name="test_offline_cli_reports_value_without_runtime_state_or_transport" time="0.003" /><testcase classname="tests.test_easymesh_payloads" name="test_cli_rejects_lxd_execution_invalid_hex_and_full_tlv" time="0.002" /><testcase classname="tests.test_easymesh_payloads" name="test_file_and_hex_inputs_are_bounded_and_special_files_do_not_block" time="0.001" /><testcase classname="tests.test_easymesh_payloads" name="test_reserved_service_diagnostics_and_profile_context_are_explicit" time="0.000" /><testcase classname="tests.test_evaluation" name="test_scenario_contracts[case-3ca8b1db1220]" time="0.006" /><testcase classname="tests.test_evaluation" name="test_scenario_contracts[case-abf1fe1bfd41]" time="0.000" /><testcase classname="tests.test_evaluation" name="test_scenario_contracts[case-a6ed0b244e4c]" time="0.000" /><testcase classname="tests.test_evaluation" name="test_scenario_contracts[case-7bd4f6e1b15f]" time="0.000" /><testcase classname="tests.test_evaluation" name="test_scenario_contracts[case-a43bdefc2638]" time="0.000" /><testcase classname="tests.test_evaluation" name="test_scenario_contracts[case-4ae1ebde1a85]" time="0.000" /><testcase classname="tests.test_evaluation" name="test_scenario_contracts[case-227c796e368f]" time="0.000" /><testcase classname="tests.test_evaluation" name="test_scenario_contracts[case-d61ef9103f21]" time="0.000" /><testcase classname="tests.test_evaluation" name="test_scenario_contracts[case-b93b2d1c1d2f]" time="0.000" /><testcase classname="tests.test_evaluation" name="test_scenario_contracts[case-7b3775157e8b]" time="0.000" /><testcase classname="tests.test_evaluation" name="test_scenario_contracts[case-12232a4bd2dd]" time="0.000" /><testcase classname="tests.test_evaluation" name="test_unknown_configuration_and_request_fields_rejected" time="0.002" /><testcase classname="tests.test_evaluation" name="test_runner_blocked_wire_has_no_semantic_fallback" time="0.088" /><testcase classname="tests.test_evaluation" name="test_model_repetition_evidence_comparison_and_immutability" time="0.192" /><testcase classname="tests.test_evaluation" name="test_model_scenarios[case-a3796d60e37c]" time="0.098" /><testcase classname="tests.test_evaluation" name="test_model_scenarios[case-c5ae0682c7db]" time="0.090" /><testcase classname="tests.test_evaluation" name="test_model_scenarios[case-028fcea6563f]" time="0.100" /><testcase classname="tests.test_evaluation" name="test_model_scenarios[case-8ddef78de1d4]" time="0.185" /><testcase classname="tests.test_evaluation" name="test_model_scenarios[case-35500547e0ae]" time="0.113" /><testcase classname="tests.test_evaluation" name="test_late_model_application_does_not_pass_original_deadline" time="0.090" /><testcase classname="tests.test_evaluation" name="test_missing_required_evidence_and_wrong_fault_boundary_do_not_pass" time="0.061" /><testcase classname="tests.test_evaluation" name="test_lxd_command_routes_only_named_endpoints" time="0.000" /><testcase classname="tests.test_feature_capabilities" name="test_hand_calculated_feature_table_values[case-0d56a7f8bf87]" time="0.000" /><testcase classname="tests.test_feature_capabilities" name="test_hand_calculated_feature_table_values[case-1fee50b7f6b4]" time="0.000" /><testcase classname="tests.test_feature_capabilities" name="test_hand_calculated_feature_table_values[case-b04ffcd14d15]" time="0.000" /><testcase classname="tests.test_feature_capabilities" name="test_hand_calculated_feature_table_values[case-3061db5846e1]" time="0.000" /><testcase classname="tests.test_feature_capabilities" name="test_hand_calculated_feature_table_values[case-59b2e8c3d81a]" time="0.000" /><testcase classname="tests.test_feature_capabilities" name="test_hand_calculated_feature_table_values[case-1133e71dba12]" time="0.000" /><testcase classname="tests.test_feature_capabilities" name="test_ap_capability_feature_bit_meanings_from_table_29[case-e03df647eb31]" time="0.000" /><testcase classname="tests.test_feature_capabilities" name="test_ap_capability_feature_bit_meanings_from_table_29[case-a30edb323767]" time="0.000" /><testcase classname="tests.test_feature_capabilities" name="test_ap_capability_feature_bit_meanings_from_table_29[case-1e4ff4b1d301]" time="0.000" /><testcase classname="tests.test_feature_capabilities" name="test_ap_capability_feature_bit_meanings_from_table_29[case-b703b632e87d]" time="0.000" /><testcase classname="tests.test_feature_capabilities" name="test_ap_capability_feature_bit_meanings_from_table_29[case-d208b66f4374]" time="0.000" /><testcase classname="tests.test_feature_capabilities" name="test_all_flag_values_preserve_reserved_octets_but_do_not_interpret_or_emit_them[case-b900a96c76c2]" time="0.001" /><testcase classname="tests.test_feature_capabilities" name="test_all_flag_values_preserve_reserved_octets_but_do_not_interpret_or_emit_them[case-5c1d84bc87aa]" time="0.001" /><testcase classname="tests.test_feature_capabilities" name="test_profile2_units_reserved_values_and_octet_are_never_coerced" time="0.005" /><testcase classname="tests.test_feature_capabilities" name="test_advanced_bits_use_61_meanings_even_when_old_dissector_calls_them_reserved[case-36929ae72823]" time="0.000" /><testcase classname="tests.test_feature_capabilities" name="test_advanced_bits_use_61_meanings_even_when_old_dissector_calls_them_reserved[case-a1195255e3a5]" time="0.000" /><testcase classname="tests.test_feature_capabilities" name="test_advanced_bits_use_61_meanings_even_when_old_dissector_calls_them_reserved[case-634deaa56f45]" time="0.000" /><testcase classname="tests.test_feature_capabilities" name="test_advanced_bits_use_61_meanings_even_when_old_dissector_calls_them_reserved[case-fefb48dce235]" time="0.000" /><testcase classname="tests.test_feature_capabilities" name="test_advanced_bits_use_61_meanings_even_when_old_dissector_calls_them_reserved[case-f1ddf392d511]" time="0.000" /><testcase classname="tests.test_feature_capabilities" name="test_advanced_bits_use_61_meanings_even_when_old_dissector_calls_them_reserved[case-42a80201c91b]" time="0.000" /><testcase classname="tests.test_feature_capabilities" name="test_advanced_bits_use_61_meanings_even_when_old_dissector_calls_them_reserved[case-1b5132a11c18]" time="0.000" /><testcase classname="tests.test_feature_capabilities" name="test_invalid_outbound_feature_values_are_rejected[case-f75aee747c24]" time="0.000" /><testcase classname="tests.test_feature_capabilities" name="test_invalid_outbound_feature_values_are_rejected[case-4b1ac7c2b54e]" time="0.000" /><testcase classname="tests.test_feature_capabilities" name="test_invalid_outbound_feature_values_are_rejected[case-aa1968835a0d]" time="0.000" /><testcase classname="tests.test_feature_capabilities" name="test_invalid_outbound_feature_values_are_rejected[case-5ad5599094ca]" time="0.000" /><testcase classname="tests.test_feature_capabilities" name="test_invalid_outbound_feature_values_are_rejected[case-0a4825339fd4]" time="0.000" /><testcase classname="tests.test_feature_capabilities" name="test_invalid_outbound_feature_values_are_rejected[case-79699da1ec2b]" time="0.001" /><testcase classname="tests.test_feature_capabilities" name="test_invalid_outbound_feature_values_are_rejected[case-b9884a715e13]" time="0.000" /><testcase classname="tests.test_feature_capabilities" name="test_invalid_outbound_feature_values_are_rejected[case-ce7d18c19d29]" time="0.000" /><testcase classname="tests.test_feature_capabilities" name="test_invalid_outbound_feature_values_are_rejected[case-e8b9b5d0b434]" time="0.000" /><testcase classname="tests.test_feature_capabilities" name="test_invalid_outbound_feature_values_are_rejected[case-e797e55a585e]" time="0.000" /><testcase classname="tests.test_feature_capabilities" name="test_counter_unit_rule_requires_explicit_peer_facts[case-8daf85dcacfc]" time="0.000" /><testcase classname="tests.test_feature_capabilities" name="test_counter_unit_rule_requires_explicit_peer_facts[case-578b634f8118]" time="0.000" /><testcase classname="tests.test_feature_capabilities" name="test_counter_unit_rule_requires_explicit_peer_facts[case-49df27b16e42]" time="0.000" /><testcase classname="tests.test_feature_capabilities" name="test_counter_unit_rule_requires_explicit_peer_facts[case-a9246108243e]" time="0.000" /><testcase classname="tests.test_feature_capabilities" name="test_counter_unit_rule_requires_explicit_peer_facts[case-3b82971f6975]" time="0.000" /><testcase classname="tests.test_feature_capabilities" name="test_counter_unit_rule_requires_explicit_peer_facts[case-2332b37a9450]" time="0.000" /><testcase classname="tests.test_feature_capabilities" name="test_counter_unit_rule_requires_explicit_peer_facts[case-e7fd6283974f]" time="0.000" /><testcase classname="tests.test_feature_capabilities" name="test_counter_unit_rule_requires_explicit_peer_facts[case-7a834845e232]" time="0.000" /><testcase classname="tests.test_feature_capabilities" name="test_unknown_peer_or_invalid_unit_choice_has_no_default[case-c5b85e25e9a8]" time="0.000" /><testcase classname="tests.test_feature_capabilities" name="test_unknown_peer_or_invalid_unit_choice_has_no_default[case-c80062a44c08]" time="0.002" /><testcase classname="tests.test_feature_capabilities" name="test_unknown_peer_or_invalid_unit_choice_has_no_default[case-ff85857827f1]" time="0.000" /><testcase classname="tests.test_feature_capabilities" name="test_unknown_peer_or_invalid_unit_choice_has_no_default[case-33eb56c0feb0]" time="0.000" /><testcase classname="tests.test_feature_capabilities" name="test_unknown_peer_or_invalid_unit_choice_has_no_default[case-22cbabd32bc0]" time="0.000" /><testcase classname="tests.test_feature_capabilities" name="test_unknown_peer_or_invalid_unit_choice_has_no_default[case-462bc9fc8e9b]" time="0.000" /><testcase classname="tests.test_feature_capabilities" name="test_unknown_peer_or_invalid_unit_choice_has_no_default[case-f8896a3b4e13]" time="0.000" /><testcase classname="tests.test_feature_capabilities" name="test_unknown_peer_or_invalid_unit_choice_has_no_default[case-04c1b2ca8b12]" time="0.000" /><testcase classname="tests.test_feature_capabilities" name="test_unknown_peer_or_invalid_unit_choice_has_no_default[case-96304c12a2c1]" time="0.000" /><testcase classname="tests.test_feature_capabilities" name="test_unknown_peer_or_invalid_unit_choice_has_no_default[case-033a5e009df7]" time="0.000" /><testcase classname="tests.test_feature_capabilities" name="test_unknown_peer_or_invalid_unit_choice_has_no_default[case-0105ca96dce1]" time="0.000" /><testcase classname="tests.test_feature_capabilities" name="test_unknown_peer_or_invalid_unit_choice_has_no_default[case-5905606db651]" time="0.000" /><testcase classname="tests.test_feature_capabilities" name="test_offline_feature_cli_keeps_units_and_proof_boundaries" time="0.003" /><testcase classname="tests.test_he_wifi6" name="test_ieee_asymmetric_width_pairs_and_full_wifi6_value[case-7c4cee18ad73]" time="0.000" /><testcase classname="tests.test_he_wifi6" name="test_ieee_asymmetric_width_pairs_and_full_wifi6_value[case-a4ba5e5f38d8]" time="0.000" /><testcase classname="tests.test_he_wifi6" name="test_ieee_asymmetric_width_pairs_and_full_wifi6_value[case-506a679fc055]" time="0.000" /><testcase classname="tests.test_he_wifi6" name="test_ieee_asymmetric_width_pairs_and_full_wifi6_value[case-04ced63e0bf3]" time="0.000" /><testcase classname="tests.test_he_wifi6" name="test_octet_order_rx_tx_and_width_identity_are_not_interchangeable" time="0.000" /><testcase classname="tests.test_he_wifi6" name="test_each_nss_map_code_and_unsupported_are_preserved" time="0.000" /><testcase classname="tests.test_he_wifi6" name="test_every_length_must_match_widths[case-9ed0cf866f4a]" time="0.000" /><testcase classname="tests.test_he_wifi6" name="test_every_length_must_match_widths[case-f096146afc0e]" time="0.000" /><testcase classname="tests.test_he_wifi6" name="test_every_length_must_match_widths[case-7f6da742159e]" time="0.000" /><testcase classname="tests.test_he_wifi6" name="test_every_length_must_match_widths[case-a088893642c8]" time="0.000" /><testcase classname="tests.test_he_wifi6" name="test_reserved_roles_remain_diagnostic_and_cannot_be_sent[case-140240461b14]" time="0.000" /><testcase classname="tests.test_he_wifi6" name="test_reserved_roles_remain_diagnostic_and_cannot_be_sent[case-33b4765b2589]" time="0.000" /><testcase classname="tests.test_he_wifi6" name="test_reserved_roles_remain_diagnostic_and_cannot_be_sent[case-d429e320ffd4]" time="0.000" /><testcase classname="tests.test_he_wifi6" name="test_reserved_roles_remain_diagnostic_and_cannot_be_sent[case-e03752e90349]" time="0.000" /><testcase classname="tests.test_he_wifi6" name="test_roles_have_independent_widths_counts_and_limits" time="0.000" /><testcase classname="tests.test_he_wifi6" name="test_invalid_he_objects[case-8e79dae6f8e7]" time="0.000" /><testcase classname="tests.test_he_wifi6" name="test_invalid_he_objects[case-c0e36a6850a3]" time="0.000" /><testcase classname="tests.test_he_wifi6" name="test_invalid_he_objects[case-6741a6851278]" time="0.000" /><testcase classname="tests.test_he_wifi6" name="test_invalid_he_objects[case-ac91c2257bc1]" time="0.000" /><testcase classname="tests.test_he_wifi6" name="test_invalid_nss_codes[case-b82d8a5dbaa0]" time="0.000" /><testcase classname="tests.test_he_wifi6" name="test_invalid_nss_codes[case-f30578c02239]" time="0.000" /><testcase classname="tests.test_he_wifi6" name="test_invalid_nss_codes[case-ea6cc517d6d3]" time="0.000" /><testcase classname="tests.test_he_wifi6" name="test_invalid_nss_codes[case-ebf87ad26c2d]" time="0.000" /><testcase classname="tests.test_he_wifi6" name="test_invalid_nss_codes[case-35cac39cbc52]" time="0.000" /><testcase classname="tests.test_he_wifi6" name="test_invalid_nss_codes[case-6265de9710ae]" time="0.000" /><testcase classname="tests.test_he_wifi6" name="test_invalid_nss_codes[case-29eb20c8b666]" time="0.000" /><testcase classname="tests.test_he_wifi6" name="test_invalid_nss_codes[case-18bcb15e75df]" time="0.000" /><testcase classname="tests.test_he_wifi6" name="test_width_inputs_are_explicit_booleans[case-fe7740294e71]" time="0.000" /><testcase classname="tests.test_he_wifi6" name="test_width_inputs_are_explicit_booleans[case-408f65476e88]" time="0.000" /><testcase classname="tests.test_he_wifi6" name="test_width_inputs_are_explicit_booleans[case-17ac97a439a2]" time="0.000" /><testcase classname="tests.test_he_wifi6" name="test_width_inputs_are_explicit_booleans[case-4d9a8d771293]" time="0.000" /><testcase classname="tests.test_he_wifi6" name="test_role_numeric_fields_reject_wrong_types_and_ranges[case-db2dc80f4b16]" time="0.000" /><testcase classname="tests.test_he_wifi6" name="test_role_numeric_fields_reject_wrong_types_and_ranges[case-ed7fa3222879]" time="0.000" /><testcase classname="tests.test_he_wifi6" name="test_role_numeric_fields_reject_wrong_types_and_ranges[case-357be770b1fc]" time="0.000" /><testcase classname="tests.test_he_wifi6" name="test_role_numeric_fields_reject_wrong_types_and_ranges[case-15794b4968bb]" time="0.000" /><testcase classname="tests.test_he_wifi6" name="test_role_numeric_fields_reject_wrong_types_and_ranges[case-7e0da70f2653]" time="0.000" /><testcase classname="tests.test_he_wifi6" name="test_role_numeric_fields_reject_wrong_types_and_ranges[case-aeda9502f527]" time="0.000" /><testcase classname="tests.test_he_wifi6" name="test_bad_container_and_count_inputs" time="0.000" /><testcase classname="tests.test_he_wifi6" name="test_native_zero_length_is_rejected_without_silently_repairing_capture" time="0.000" /><testcase classname="tests.test_he_wifi6" name="test_cli_and_audit_do_not_promote_standalone_codec_to_profile_readiness" time="0.004" /><testcase classname="tests.test_ieee1905" name="test_literal_normative_discovery_vector_and_padding" time="0.000" /><testcase classname="tests.test_ieee1905" name="test_reserved_fields_are_ignored_but_version_is_a_reserved_value" time="0.000" /><testcase classname="tests.test_ieee1905" name="test_truncated_or_oversized_envelope[case-6ff9873d4d13]" time="0.000" /><testcase classname="tests.test_ieee1905" name="test_truncated_or_oversized_envelope[case-192c77cfea3c]" time="0.000" /><testcase classname="tests.test_ieee1905" name="test_truncated_or_oversized_envelope[case-450b2c0384c7]" time="0.000" /><testcase classname="tests.test_ieee1905" name="test_truncated_or_oversized_envelope[case-fa372fcf4254]" time="0.000" /><testcase classname="tests.test_ieee1905" name="test_truncated_or_oversized_envelope[case-09915774e791]" time="0.000" /><testcase classname="tests.test_ieee1905" name="test_malformed_tlv_or_end_marker[case-2f9b6f678035]" time="0.000" /><testcase classname="tests.test_ieee1905" name="test_malformed_tlv_or_end_marker[case-b54f28ab5df9]" time="0.000" /><testcase classname="tests.test_ieee1905" name="test_malformed_tlv_or_end_marker[case-085a55937109]" time="0.000" /><testcase classname="tests.test_ieee1905" name="test_malformed_tlv_or_end_marker[case-f4d44e91abb8]" time="0.000" /><testcase classname="tests.test_ieee1905" name="test_malformed_tlv_or_end_marker[case-2992677b89d0]" time="0.000" /><testcase classname="tests.test_ieee1905" name="test_malformed_tlv_or_end_marker[case-530c222e0334]" time="0.000" /><testcase classname="tests.test_ieee1905" name="test_malformed_tlv_or_end_marker[case-7cabba2b5ebf]" time="0.000" /><testcase classname="tests.test_ieee1905" name="test_unknown_tlvs_ignored_and_base_duplicates_aggregate" time="0.000" /><testcase classname="tests.test_ieee1905" name="test_wsc_occurrences_preserved_for_message_specific_interpreter" time="0.000" /><testcase classname="tests.test_ieee1905" name="test_reorder_exact_duplicate_no_partial_dispatch_and_separate_peers" time="0.000" /><testcase classname="tests.test_ieee1905" name="test_fragment_ids_and_last_flag_and_only_final_eom" time="0.000" /><testcase classname="tests.test_ieee1905" name="test_conflict_poisoned_until_original_deadline_and_no_refresh_by_duplicates" time="0.000" /><testcase classname="tests.test_ieee1905" name="test_mixed_fragment_headers_cannot_dispatch[case-29594c9fcf10]" time="0.000" /><testcase classname="tests.test_ieee1905" name="test_mixed_fragment_headers_cannot_dispatch[case-ae470cd674b2]" time="0.000" /><testcase classname="tests.test_ieee1905" name="test_mixed_fragment_headers_cannot_dispatch[case-d42c75ac183b]" time="0.000" /><testcase classname="tests.test_ieee1905" name="test_bytes_contexts_and_tlv_budgets_do_not_evict_other_assemblies" time="0.000" /><testcase classname="tests.test_ieee1905" name="test_missing_fragment_does_not_complete_and_expires" time="0.000" /><testcase classname="tests.test_ieee1905" name="test_sender_refuses_unqualified_octet_fragmentation" time="0.000" /><testcase classname="tests.test_ieee1905" name="test_mid_wrap_and_al_based_duplicate_window_boundaries" time="0.000" /><testcase classname="tests.test_ieee1905" name="test_pcap_cli_keeps_values_private_and_makes_no_operations[case-4787d7e6fa9c]" time="0.002" /><testcase classname="tests.test_ieee1905" name="test_pcap_cli_keeps_values_private_and_makes_no_operations[case-1adbca5e6919]" time="0.001" /><testcase classname="tests.test_ieee1905" name="test_bad_capture_formats[case-b117c1b12e4e]" time="0.000" /><testcase classname="tests.test_ieee1905" name="test_bad_capture_formats[case-0d283f8ba682]" time="0.000" /><testcase classname="tests.test_ieee1905" name="test_retained_native_capture_has_real_headers_and_discovery" time="0.001" /><testcase classname="tests.test_ieee1905" name="test_all_native_headers_and_completed_tlv_boundaries_match_independent_tshark" time="0.001" /><testcase classname="tests.test_model" name="test_commit_is_not_application_and_partial_state_is_not_success" time="0.135" /><testcase classname="tests.test_model" name="test_rejected_config[case-19dbdce77046]" time="0.107" /><testcase classname="tests.test_model" name="test_rejected_config[case-3c256b2e23df]" time="0.083" /><testcase classname="tests.test_model" name="test_deadline_and_late_evidence_preserve_timing_verdict[case-984636ca638a]" time="0.097" /><testcase classname="tests.test_model" name="test_deadline_and_late_evidence_preserve_timing_verdict[case-bca67202c516]" time="0.090" /><testcase classname="tests.test_model" name="test_idempotency_busy_and_scope" time="0.077" /><testcase classname="tests.test_model" name="test_conflict_stops_new_writes" time="0.082" /><testcase classname="tests.test_model" name="test_restart_after_durable_submission_never_blindly_replays" time="0.067" /><testcase classname="tests.test_model" name="test_missing_secret_keeps_read_only_recovery" time="0.075" /><testcase classname="tests.test_model" name="test_transition_guards_and_caller_wait" time="0.050" /><testcase classname="tests.test_model" name="test_secret_and_resource_validation" time="0.049" /><testcase classname="tests.test_model" name="test_writer_lock_and_event_exhaustion" time="0.073" /><testcase classname="tests.test_model" name="test_32_model_pods_isolate_delayed_application" time="0.820" /><testcase classname="tests.test_native_policy" name="test_controller_inventory_requires_complete_selected_bss_set[case-edcc4c9a9af6]" time="0.002" /><testcase classname="tests.test_native_policy" name="test_controller_inventory_requires_complete_selected_bss_set[case-2f74abe7a44d]" time="0.001" /><testcase classname="tests.test_native_policy" name="test_controller_inventory_requires_complete_selected_bss_set[case-cf3b2713bf0d]" time="0.001" /><testcase classname="tests.test_native_policy" name="test_controller_inventory_requires_complete_selected_bss_set[case-618ff29d1219]" time="0.002" /><testcase classname="tests.test_native_policy" name="test_sole_policy_keeps_root_backhaul_and_rejects_extra_agent_bss[case-aeb90404d5be]" time="0.001" /><testcase classname="tests.test_native_policy" name="test_sole_policy_keeps_root_backhaul_and_rejects_extra_agent_bss[case-0a99ed34bc1d]" time="0.001" /><testcase classname="tests.test_native_policy" name="test_sole_policy_keeps_root_backhaul_and_rejects_extra_agent_bss[case-9096d4aef89a]" time="0.001" /><testcase classname="tests.test_native_policy" name="test_sole_policy_keeps_root_backhaul_and_rejects_extra_agent_bss[case-da9c21fe3a9a]" time="0.001" /><testcase classname="tests.test_ovsdb" name="test_transaction_result_validation" time="0.000" /><testcase classname="tests.test_peer_capture" name="test_actual_peer_observations_retain_profile_and_radio_scope_gaps" time="0.001" /><testcase classname="tests.test_peer_capture" name="test_tshark_versions_agree_on_retained_native_capture" time="0.001" /><testcase classname="tests.test_peer_capture" name="test_uncertain_search_response_correlation_is_not_assessed[case-120404526932]" time="0.001" /><testcase classname="tests.test_peer_capture" name="test_uncertain_search_response_correlation_is_not_assessed[case-510f3c20f5b8]" time="0.001" /><testcase classname="tests.test_peer_capture" name="test_uncertain_search_response_correlation_is_not_assessed[case-e7277028c541]" time="0.001" /><testcase classname="tests.test_peer_capture" name="test_incomplete_decode_cannot_produce_a_positive_inclusion_assessment[case-d2c43c720923]" time="0.001" /><testcase classname="tests.test_peer_capture" name="test_incomplete_decode_cannot_produce_a_positive_inclusion_assessment[case-2f4dffe6b6cb]" time="0.001" /><testcase classname="tests.test_peer_capture" name="test_incomplete_decode_cannot_produce_a_positive_inclusion_assessment[case-7ee66e1c2eb7]" time="0.001" /><testcase classname="tests.test_peer_capture" name="test_incomplete_decode_cannot_produce_a_positive_inclusion_assessment[case-f30bdb77da49]" time="0.001" /><testcase classname="tests.test_peer_capture" name="test_incomplete_decode_cannot_produce_a_positive_inclusion_assessment[case-202a7051f6b3]" time="0.001" /><testcase classname="tests.test_peer_capture" name="test_missing_and_duplicate_required_fields_are_visible" time="0.000" /><testcase classname="tests.test_peer_capture" name="test_invalid_or_excessive_dissector_projection_rejected[case-cedb767f81b9]" time="0.000" /><testcase classname="tests.test_peer_capture" name="test_invalid_or_excessive_dissector_projection_rejected[case-4980d1a2c297]" time="0.000" /><testcase classname="tests.test_peer_capture" name="test_invalid_or_excessive_dissector_projection_rejected[case-ac1c7b386a0f]" time="0.000" /><testcase classname="tests.test_peer_capture" name="test_invalid_or_excessive_dissector_projection_rejected[case-4f9128560a7a]" time="0.000" /><testcase classname="tests.test_peer_capture" name="test_failed_tool_does_not_expose_payload_in_error" time="0.053" /><testcase classname="tests.test_peer_capture" name="test_tool_output_budget_applies_even_to_completed_process" time="0.051" /><testcase classname="tests.test_peer_capture" name="test_missing_dissector_retains_failure_without_copying_capture" time="0.002" /><testcase classname="tests.test_profile_audit" name="test_unknown_input_does_not_become_no_feature_support_or_profile_qualification" time="0.000" /><testcase classname="tests.test_profile_audit" name="test_he_always_controls_both_he_and_wifi6_requirements_and_never_m1_companions[case-2e78048fbcda]" time="0.000" /><testcase classname="tests.test_profile_audit" name="test_he_always_controls_both_he_and_wifi6_requirements_and_never_m1_companions[case-3d5ab1cd993f]" time="0.000" /><testcase classname="tests.test_profile_audit" name="test_he_always_controls_both_he_and_wifi6_requirements_and_never_m1_companions[case-d93747144038]" time="0.000" /><testcase classname="tests.test_profile_audit" name="test_eht_is_agent_wide_if_any_radio_supports_it[case-3ca7ac9360c4]" time="0.000" /><testcase classname="tests.test_profile_audit" name="test_eht_is_agent_wide_if_any_radio_supports_it[case-5880cc64c0af]" time="0.000" /><testcase classname="tests.test_profile_audit" name="test_eht_is_agent_wide_if_any_radio_supports_it[case-bb8a81e0b091]" time="0.000" /><testcase classname="tests.test_profile_audit" name="test_eht_is_agent_wide_if_any_radio_supports_it[case-53ce1a52fa55]" time="0.000" /><testcase classname="tests.test_profile_audit" name="test_all_declared_features_still_cannot_pass_a_profile" time="0.000" /><testcase classname="tests.test_profile_audit" name="test_malformed_or_qualification_claim_inputs_are_rejected[case-9cb860cf375b]" time="0.000" /><testcase classname="tests.test_profile_audit" name="test_malformed_or_qualification_claim_inputs_are_rejected[case-7facfed694ed]" time="0.000" /><testcase classname="tests.test_profile_audit" name="test_malformed_or_qualification_claim_inputs_are_rejected[case-05be633f56c9]" time="0.000" /><testcase classname="tests.test_profile_audit" name="test_malformed_or_qualification_claim_inputs_are_rejected[case-3c1ea3f84b48]" time="0.000" /><testcase classname="tests.test_profile_audit" name="test_malformed_or_qualification_claim_inputs_are_rejected[case-ad5e55153a9f]" time="0.000" /><testcase classname="tests.test_profile_audit" name="test_malformed_or_qualification_claim_inputs_are_rejected[case-bc3253a753c0]" time="0.000" /><testcase classname="tests.test_profile_audit" name="test_malformed_or_qualification_claim_inputs_are_rejected[case-d601ab89d9ba]" time="0.000" /><testcase classname="tests.test_profile_audit" name="test_malformed_or_qualification_claim_inputs_are_rejected[case-38a06ce58af2]" time="0.000" /><testcase classname="tests.test_profile_audit" name="test_malformed_or_qualification_claim_inputs_are_rejected[case-b25d561e6e43]" time="0.000" /><testcase classname="tests.test_profile_audit" name="test_malformed_or_qualification_claim_inputs_are_rejected[case-99ad67bb690a]" time="0.000" /><testcase classname="tests.test_profile_audit" name="test_malformed_or_qualification_claim_inputs_are_rejected[case-e5d49cca889d]" time="0.000" /><testcase classname="tests.test_profile_audit" name="test_bounded_regular_input_files_and_private_errors[case-622fb88cf207]" time="0.001" /><testcase classname="tests.test_profile_audit" name="test_bounded_regular_input_files_and_private_errors[case-4a099943647f]" time="0.001" /><testcase classname="tests.test_profile_audit" name="test_bounded_regular_input_files_and_private_errors[case-d48b6acc1c11]" time="0.001" /><testcase classname="tests.test_profile_audit" name="test_bounded_regular_input_files_and_private_errors[case-d3d1cd708163]" time="0.000" /><testcase classname="tests.test_profile_audit" name="test_examples_cli_exit_codes_and_offline_execution" time="0.004" /><testcase classname="tests.test_provisioning_session" name="test_complete_packet_input_drives_operation_and_duplicate_reuses_it" time="0.076" /><testcase classname="tests.test_provisioning_session" name="test_packet_rejection_never_creates_an_operation[case-e835d6c8743a]" time="0.049" /><testcase classname="tests.test_provisioning_session" name="test_packet_rejection_never_creates_an_operation[case-12c73c6dfeda]" time="0.042" /><testcase classname="tests.test_provisioning_session" name="test_packet_rejection_never_creates_an_operation[case-6cbd17a14a23]" time="0.049" /><testcase classname="tests.test_provisioning_session" name="test_packet_rejection_never_creates_an_operation[case-024b5bf8098e]" time="0.042" /><testcase classname="tests.test_provisioning_session" name="test_packet_rejection_never_creates_an_operation[case-eb23823d7214]" time="0.055" /><testcase classname="tests.test_provisioning_session" name="test_fragment_expiry_and_input_budgets_are_bounded" time="0.040" /><testcase classname="tests.test_provisioning_session" name="test_packet_handler_has_no_unbounded_concurrent_waiters" time="0.074" /><testcase classname="tests.test_qualification" name="test_qualification_rejects_plaintext_remote_and_unsafe_secrets" time="0.004" /><testcase classname="tests.test_radio_capabilities" name="test_explicit_capacities_map_to_exact_bytes_without_inference" time="0.002" /><testcase classname="tests.test_radio_capabilities" name="test_inconsistent_claims_withdraw_whole_pod_payload[case-47851169f0a8]" time="0.001" /><testcase classname="tests.test_radio_capabilities" name="test_inconsistent_claims_withdraw_whole_pod_payload[case-42ff5240ec80]" time="0.001" /><testcase classname="tests.test_radio_capabilities" name="test_inconsistent_claims_withdraw_whole_pod_payload[case-4baaab20cfaa]" time="0.001" /><testcase classname="tests.test_radio_capabilities" name="test_inconsistent_claims_withdraw_whole_pod_payload[case-517dbc1ec6d0]" time="0.001" /><testcase classname="tests.test_radio_capabilities" name="test_inconsistent_claims_withdraw_whole_pod_payload[case-96ef268d196a]" time="0.001" /><testcase classname="tests.test_radio_capabilities" name="test_inconsistent_claims_withdraw_whole_pod_payload[case-8488019e2609]" time="0.002" /><testcase classname="tests.test_radio_capabilities" name="test_inconsistent_claims_withdraw_whole_pod_payload[case-460f51544593]" time="0.002" /><testcase classname="tests.test_radio_capabilities" name="test_inconsistent_claims_withdraw_whole_pod_payload[case-c116da2650ed]" time="0.002" /><testcase classname="tests.test_radio_capabilities" name="test_inconsistent_claims_withdraw_whole_pod_payload[case-56b32191ef84]" time="0.002" /><testcase classname="tests.test_radio_capabilities" name="test_inconsistent_claims_withdraw_whole_pod_payload[case-ff8fc90273be]" time="0.001" /><testcase classname="tests.test_radio_capabilities" name="test_inconsistent_claims_withdraw_whole_pod_payload[case-f31dcb4493f2]" time="0.002" /><testcase classname="tests.test_radio_capabilities" name="test_inconsistent_claims_withdraw_whole_pod_payload[case-6ef7a39e0294]" time="0.001" /><testcase classname="tests.test_radio_capabilities" name="test_inconsistent_claims_withdraw_whole_pod_payload[case-0e42fab58238]" time="0.001" /><testcase classname="tests.test_radio_capabilities" name="test_inconsistent_claims_withdraw_whole_pod_payload[case-5c200d5bdfb4]" time="0.002" /><testcase classname="tests.test_radio_capabilities" name="test_inconsistent_claims_withdraw_whole_pod_payload[case-025b1af3d0b3]" time="0.002" /><testcase classname="tests.test_radio_capabilities" name="test_inconsistent_claims_withdraw_whole_pod_payload[case-b2b3a65943c5]" time="0.001" /><testcase classname="tests.test_radio_capabilities" name="test_inconsistent_claims_withdraw_whole_pod_payload[case-98e0d35171ce]" time="0.001" /><testcase classname="tests.test_radio_capabilities" name="test_inconsistent_claims_withdraw_whole_pod_payload[case-3c0c51ae06e9]" time="0.001" /><testcase classname="tests.test_radio_capabilities" name="test_inconsistent_claims_withdraw_whole_pod_payload[case-051f08641537]" time="0.001" /><testcase classname="tests.test_radio_capabilities" name="test_inconsistent_claims_withdraw_whole_pod_payload[case-811fe193fe8d]" time="0.002" /><testcase classname="tests.test_radio_capabilities" name="test_inconsistent_claims_withdraw_whole_pod_payload[case-9db90be90c8d]" time="0.001" /><testcase classname="tests.test_radio_capabilities" name="test_inconsistent_claims_withdraw_whole_pod_payload[case-c5371ad7b5b2]" time="0.001" /><testcase classname="tests.test_radio_capabilities" name="test_inconsistent_claims_withdraw_whole_pod_payload[case-d45a77b1476e]" time="0.002" /><testcase classname="tests.test_radio_capabilities" name="test_inconsistent_claims_withdraw_whole_pod_payload[case-f7e3eac2b398]" time="0.002" /><testcase classname="tests.test_radio_capabilities" name="test_inconsistent_claims_withdraw_whole_pod_payload[case-e4ac3838118b]" time="0.002" /><testcase classname="tests.test_radio_capabilities" name="test_inconsistent_claims_withdraw_whole_pod_payload[case-94b9a5592738]" time="0.002" /><testcase classname="tests.test_radio_capabilities" name="test_inconsistent_claims_withdraw_whole_pod_payload[case-0e537d3046d4]" time="0.002" /><testcase classname="tests.test_radio_capabilities" name="test_inconsistent_claims_withdraw_whole_pod_payload[case-82f4c2d82a63]" time="0.001" /><testcase classname="tests.test_radio_capabilities" name="test_inconsistent_claims_withdraw_whole_pod_payload[case-3489bd6cae9b]" time="0.003" /><testcase classname="tests.test_radio_capabilities" name="test_untrusted_files_rejected_without_echoing_contents[case-df2c34a5e8f5]" time="0.001" /><testcase classname="tests.test_radio_capabilities" name="test_untrusted_files_rejected_without_echoing_contents[case-90cbf998a3c1]" time="0.001" /><testcase classname="tests.test_radio_capabilities" name="test_untrusted_files_rejected_without_echoing_contents[case-f3933f9cd59d]" time="0.001" /><testcase classname="tests.test_radio_capabilities" name="test_untrusted_files_rejected_without_echoing_contents[case-d6fbfc068e4e]" time="0.001" /><testcase classname="tests.test_radio_capabilities" name="test_untrusted_files_rejected_without_echoing_contents[case-2d23d8dc6d08]" time="0.001" /><testcase classname="tests.test_radio_capabilities" name="test_untrusted_files_rejected_without_echoing_contents[case-bffaa47796dc]" time="0.001" /><testcase classname="tests.test_radio_capabilities" name="test_untrusted_files_rejected_without_echoing_contents[case-833fb331ddd6]" time="0.001" /><testcase classname="tests.test_radio_capabilities" name="test_untrusted_files_rejected_without_echoing_contents[case-96d1f0b5757e]" time="0.001" /><testcase classname="tests.test_radio_capabilities" name="test_untrusted_files_rejected_without_echoing_contents[case-6130c30944df]" time="0.001" /><testcase classname="tests.test_radio_capabilities" name="test_untrusted_files_rejected_without_echoing_contents[case-7242f0c2e25d]" time="0.003" /><testcase classname="tests.test_radio_capabilities" name="test_untrusted_files_rejected_without_echoing_contents[case-91332dae1732]" time="0.001" /><testcase classname="tests.test_radio_capabilities" name="test_untrusted_files_rejected_without_echoing_contents[case-2731a0ed24da]" time="0.001" /><testcase classname="tests.test_radio_capabilities" name="test_untrusted_files_rejected_without_echoing_contents[case-594aedec6e66]" time="0.001" /><testcase classname="tests.test_radio_capabilities" name="test_untrusted_files_rejected_without_echoing_contents[case-109d266cc26d]" time="0.002" /><testcase classname="tests.test_radio_capabilities" name="test_untrusted_files_rejected_without_echoing_contents[case-6ffe2d7b6c57]" time="0.001" /><testcase classname="tests.test_radio_capabilities" name="test_untrusted_files_rejected_without_echoing_contents[case-c9ff7cc7faae]" time="0.001" /><testcase classname="tests.test_radio_capabilities" name="test_untrusted_files_rejected_without_echoing_contents[case-d3fedee39203]" time="0.001" /><testcase classname="tests.test_radio_capabilities" name="test_untrusted_files_rejected_without_echoing_contents[case-9b2d60842e7d]" time="0.001" /><testcase classname="tests.test_radio_capabilities" name="test_untrusted_files_rejected_without_echoing_contents[case-d18a5b65659c]" time="0.001" /><testcase classname="tests.test_radio_capabilities" name="test_untrusted_files_rejected_without_echoing_contents[case-23d15b5fdd0e]" time="0.001" /><testcase classname="tests.test_radio_capabilities" name="test_untrusted_files_rejected_without_echoing_contents[case-0c4d1a121f5f]" time="0.001" /><testcase classname="tests.test_radio_capabilities" name="test_missing_input_does_not_connect_or_infer_capabilities" time="0.002" /><testcase classname="tests.test_radio_capabilities" name="test_signed_power_has_independent_boundary_bytes_and_all_prefixes_rejected" time="0.000" /><testcase classname="tests.test_radio_capabilities" name="test_invalid_capability_encoder_objects_fail_closed[case-2337e3e71ef4]" time="0.000" /><testcase classname="tests.test_radio_capabilities" name="test_invalid_capability_encoder_objects_fail_closed[case-d880468a5adc]" time="0.000" /><testcase classname="tests.test_radio_capabilities" name="test_invalid_capability_encoder_objects_fail_closed[case-984eb85560d2]" time="0.000" /><testcase classname="tests.test_radio_capabilities" name="test_invalid_capability_encoder_objects_fail_closed[case-33a47ecd61d8]" time="0.000" /><testcase classname="tests.test_radio_capabilities" name="test_invalid_capability_encoder_objects_fail_closed[case-fbd0eaa9fb16]" time="0.000" /><testcase classname="tests.test_radio_capabilities" name="test_invalid_capability_encoder_objects_fail_closed[case-2c1af4040847]" time="0.000" /><testcase classname="tests.test_radio_capabilities" name="test_invalid_capability_encoder_objects_fail_closed[case-f45e5f32f426]" time="0.000" /><testcase classname="tests.test_radio_capabilities" name="test_invalid_capability_encoder_objects_fail_closed[case-20d1720c1286]" time="0.000" /><testcase classname="tests.test_radio_capabilities" name="test_invalid_capability_encoder_objects_fail_closed[case-f42784bc9441]" time="0.000" /><testcase classname="tests.test_radio_capabilities" name="test_invalid_capability_encoder_objects_fail_closed[case-7964aaf1d4cf]" time="0.000" /><testcase classname="tests.test_radio_capabilities" name="test_invalid_capability_encoder_objects_fail_closed[case-650815cc77f9]" time="0.000" /><testcase classname="tests.test_radio_capabilities" name="test_invalid_capability_encoder_objects_fail_closed[case-60859f540647]" time="0.000" /><testcase classname="tests.test_radio_capabilities" name="test_invalid_capability_encoder_objects_fail_closed[case-5d7a154ebed4]" time="0.000" /><testcase classname="tests.test_radio_capabilities" name="test_invalid_capability_encoder_objects_fail_closed[case-161e1260c3b2]" time="0.000" /><testcase classname="tests.test_radio_guard" name="test_mutations_refuse_non_dedicated_vm[case-4fcf4a963e55]" time="0.001" /><testcase classname="tests.test_radio_guard" name="test_mutations_refuse_non_dedicated_vm[case-0f9bd46f9ad0]" time="0.000" /><testcase classname="tests.test_radio_guard" name="test_mutations_refuse_non_dedicated_vm[case-2783da96b318]" time="0.000" /><testcase classname="tests.test_radio_guard" name="test_cleanup_checks_ownership_before_deletion" time="0.001" /><testcase classname="tests.test_radio_manager" name="test_incomplete_or_disagreeing_radio_reads_cannot_publish_success[case-364c4be23f6f]" time="0.000" /><testcase classname="tests.test_radio_manager" name="test_incomplete_or_disagreeing_radio_reads_cannot_publish_success[case-b0a0a771b5c0]" time="0.000" /><testcase classname="tests.test_radio_manager" name="test_incomplete_or_disagreeing_radio_reads_cannot_publish_success[case-12dc2f5a1e59]" time="0.000" /><testcase classname="tests.test_radio_manager" name="test_incomplete_or_disagreeing_radio_reads_cannot_publish_success[case-ef30ee691229]" time="0.000" /><testcase classname="tests.test_radio_manager" name="test_incomplete_or_disagreeing_radio_reads_cannot_publish_success[case-8269092f8b3c]" time="0.000" /><testcase classname="tests.test_radio_manager" name="test_incomplete_or_disagreeing_radio_reads_cannot_publish_success[case-2c7855077ea9]" time="0.000" /><testcase classname="tests.test_radio_manager" name="test_observation_contains_driver_values_and_config_repr_hides_key" time="0.000" /><testcase classname="tests.test_radio_manager" name="test_privileged_helpers_refuse_other_hosts_before_commands[case-17c41d37722c]" time="0.001" /><testcase classname="tests.test_radio_manager" name="test_privileged_helpers_refuse_other_hosts_before_commands[case-96cb52f7f2f5]" time="0.000" /><testcase classname="tests.test_reliability_deployment" name="test_cleanup_refuses_unowned_outer_instance" time="0.001" /><testcase classname="tests.test_reliability_deployment" name="test_cleanup_refuses_unowned_inner_instance[case-b28572a1f68b]" time="0.001" /><testcase classname="tests.test_reliability_deployment" name="test_cleanup_refuses_unowned_inner_instance[case-16883d4dd96c]" time="0.001" /><testcase classname="tests.test_reliability_deployment" name="test_create_refuses_to_replace_owned_vm" time="0.001" /><testcase classname="tests.test_report_coordinator" name="test_early_ack_is_bound_to_live_sent_mid_and_does_not_enable_wsc" time="0.000" /><testcase classname="tests.test_report_coordinator" name="test_ack_arrival_does_not_trigger_an_unnecessary_retry" time="0.000" /><testcase classname="tests.test_report_coordinator" name="test_lost_ack_retries_with_new_mids_and_fixed_deadline" time="0.000" /><testcase classname="tests.test_report_coordinator" name="test_retry_can_be_acknowledged_by_any_still_live_attempt" time="0.000" /><testcase classname="tests.test_report_coordinator" name="test_error_and_unprocessed_security_ack_cannot_clear_notification[case-c653dc925068]" time="0.000" /><testcase classname="tests.test_report_coordinator" name="test_error_and_unprocessed_security_ack_cannot_clear_notification[case-6cea2006b89e]" time="0.000" /><testcase classname="tests.test_report_coordinator" name="test_error_and_unprocessed_security_ack_cannot_clear_notification[case-8192595482ac]" time="0.000" /><testcase classname="tests.test_report_coordinator" name="test_error_and_unprocessed_security_ack_cannot_clear_notification[case-a18f147b341e]" time="0.000" /><testcase classname="tests.test_report_coordinator" name="test_unrelated_unknown_ack_tlv_is_ignored_under_base_reception_rule" time="0.000" /><testcase classname="tests.test_report_coordinator" name="test_source_changes_cancel_pending_reports_and_reject_old_ack[case-3b4df177bc0f]" time="0.000" /><testcase classname="tests.test_report_coordinator" name="test_source_changes_cancel_pending_reports_and_reject_old_ack[case-23172d9f8d3f]" time="0.000" /><testcase classname="tests.test_report_coordinator" name="test_source_changes_cancel_pending_reports_and_reject_old_ack[case-28bc6f556bdf]" time="0.000" /><testcase classname="tests.test_report_coordinator" name="test_source_changes_cancel_pending_reports_and_reject_old_ack[case-c31d58c77ae2]" time="0.000" /><testcase classname="tests.test_report_coordinator" name="test_topology_queries_echo_mid_once_and_new_mid_retries_are_independent" time="0.000" /><testcase classname="tests.test_report_coordinator" name="test_binding_mismatch_cannot_allocate_reassembly_or_consume_query[case-0f2baa0b14a8]" time="0.000" /><testcase classname="tests.test_report_coordinator" name="test_binding_mismatch_cannot_allocate_reassembly_or_consume_query[case-42ddf2d30747]" time="0.000" /><testcase classname="tests.test_report_coordinator" name="test_alien_source_is_rejected_before_reassembly" time="0.000" /><testcase classname="tests.test_report_coordinator" name="test_source_unavailable_never_reports_cached_topology" time="0.000" /><testcase classname="tests.test_report_coordinator" name="test_query_rate_budget_is_bounded_and_refills_without_replaying_old_query" time="0.001" /><testcase classname="tests.test_report_coordinator" name="test_no_transmit_after_close_and_pending_exchange_is_dropped" time="0.000" /><testcase classname="tests.test_report_coordinator" name="test_wsc_and_ap_capability_query_are_visible_unsupported_inputs_not_operation_triggers" time="0.000" /><testcase classname="tests.test_report_coordinator" name="test_sending_failure_does_not_leave_an_ack_eligible_notification" time="0.000" /><testcase classname="tests.test_report_coordinator" name="test_slow_source_callback_does_not_lose_original_query_receive_time" time="0.000" /><testcase classname="tests.test_report_coordinator" name="test_publishing_same_revision_with_changed_facts_invalidates_existing_lease" time="0.000" /><testcase classname="tests.test_report_coordinator" name="test_old_or_malformed_source_revision_withdraws_facts[case-e778f0c3d5b8]" time="0.000" /><testcase classname="tests.test_report_coordinator" name="test_old_or_malformed_source_revision_withdraws_facts[case-6410c54284d8]" time="0.000" /><testcase classname="tests.test_report_coordinator" name="test_old_or_malformed_source_revision_wi
[...]
2e4ab33f]" time="0.000" /><testcase classname="tests.test_wsc" name="test_hostap_authenticator_includes_unknown_attribute_and_exact_previous_bytes[case-33502b470b06]" time="0.000" /><testcase classname="tests.test_wsc" name="test_hostap_encrypted_settings_and_independent_failures[case-76296f835a05]" time="0.001" /><testcase classname="tests.test_wsc" name="test_hostap_encrypted_settings_and_independent_failures[case-1dd79789b404]" time="0.001" /><testcase classname="tests.test_wsc" name="test_ephemeral_randomness_and_no_secret_representations" time="0.001" /><testcase classname="tests.test_wsc" name="test_invalid_public_keys_include_non_subgroup_value[case-b4ad83c6b1ce]" time="0.000" /><testcase classname="tests.test_wsc" name="test_invalid_public_keys_include_non_subgroup_value[case-7d494cb9f1a7]" time="0.000" /><testcase classname="tests.test_wsc" name="test_invalid_public_keys_include_non_subgroup_value[case-0ddf1271dbe7]" time="0.000" /><testcase classname="tests.test_wsc" name="test_invalid_public_keys_include_non_subgroup_value[case-ecd1cc290596]" time="0.000" /><testcase classname="tests.test_wsc" name="test_invalid_public_keys_include_non_subgroup_value[case-837b09fd7f1e]" time="0.007" /><testcase classname="tests.test_wsc" name="test_reject_incorrect_public_nonce_and_mac_lengths[case-d6dd6478b4cf]" time="0.000" /><testcase classname="tests.test_wsc" name="test_reject_incorrect_public_nonce_and_mac_lengths[case-56108808c94c]" time="0.000" /><testcase classname="tests.test_wsc" name="test_reject_incorrect_public_nonce_and_mac_lengths[case-7280cd0007e3]" time="0.000" /><testcase classname="tests.test_wsc" name="test_reject_incorrect_public_nonce_and_mac_lengths[case-6d1504f49b6e]" time="0.000" /><testcase classname="tests.test_wsc" name="test_reject_ambiguous_authentication_trailers" time="0.000" /><testcase classname="tests.test_wsc" name="test_truncation_and_component_admission_limits[case-4e3f4dabe563]" time="0.000" /><testcase classname="tests.test_wsc" name="test_truncation_and_component_admission_limits[case-e3ce7e3655b9]" time="0.000" /><testcase classname="tests.test_wsc" name="test_truncation_and_component_admission_limits[case-dfbd79e0fd82]" time="0.000" /><testcase classname="tests.test_wsc" name="test_truncation_and_component_admission_limits[case-610b045ce393]" time="0.016" /><testcase classname="tests.test_wsc" name="test_truncation_and_component_admission_limits[case-761da621a05d]" time="0.004" /><testcase classname="tests.test_wsc" name="test_bad_settings_lengths_and_keys" time="0.000" /><testcase classname="tests.test_wsc" name="test_reserve_attribute_budget_for_authentication_trailer" time="0.010" /><testcase classname="tests.test_wsc" name="test_encrypted_settings_fit_wire_attribute_length" time="0.000" /><testcase classname="tests.test_wsc_messages" name="test_m1_matches_unmodified_hostap_builder" time="0.000" /><testcase classname="tests.test_wsc_messages" name="test_fresh_m1_material_and_no_synthetic_defaults" time="0.001" /><testcase classname="tests.test_wsc_messages" name="test_native_m2_authentication_and_secret_output_handling" time="0.007" /><testcase classname="tests.test_wsc_messages" name="test_required_m2_fields_cannot_be_omitted_even_with_valid_authenticator[case-724f7ca4b7ad]" time="0.000" /><testcase classname="tests.test_wsc_messages" name="test_required_m2_fields_cannot_be_omitted_even_with_valid_authenticator[case-a36d724397a1]" time="0.000" /><testcase classname="tests.test_wsc_messages" name="test_required_m2_fields_cannot_be_omitted_even_with_valid_authenticator[case-5a4ec1bfded7]" time="0.000" /><testcase classname="tests.test_wsc_messages" name="test_required_m2_fields_cannot_be_omitted_even_with_valid_authenticator[case-1606f9e25060]" time="0.000" /><testcase classname="tests.test_wsc_messages" name="test_required_m2_fields_cannot_be_omitted_even_with_valid_authenticator[case-1a501050d9f7]" time="0.000" /><testcase classname="tests.test_wsc_messages" name="test_required_m2_fields_cannot_be_omitted_even_with_valid_authenticator[case-0c1bc1861655]" time="0.000" /><testcase classname="tests.test_wsc_messages" name="test_required_m2_fields_cannot_be_omitted_even_with_valid_authenticator[case-1be21993739d]" time="0.000" /><testcase classname="tests.test_wsc_messages" name="test_required_m2_fields_cannot_be_omitted_even_with_valid_authenticator[case-bfd144ea26b7]" time="0.000" /><testcase classname="tests.test_wsc_messages" name="test_required_m2_fields_cannot_be_omitted_even_with_valid_authenticator[case-e902a4ac92a3]" time="0.000" /><testcase classname="tests.test_wsc_messages" name="test_required_m2_fields_cannot_be_omitted_even_with_valid_authenticator[case-a517af6d5719]" time="0.000" /><testcase classname="tests.test_wsc_messages" name="test_required_m2_fields_cannot_be_omitted_even_with_valid_authenticator[case-7aee78fe505a]" time="0.000" /><testcase classname="tests.test_wsc_messages" name="test_required_m2_fields_cannot_be_omitted_even_with_valid_authenticator[case-079de0c280e5]" time="0.000" /><testcase classname="tests.test_wsc_messages" name="test_required_m2_fields_cannot_be_omitted_even_with_valid_authenticator[case-cf773a785c52]" time="0.000" /><testcase classname="tests.test_wsc_messages" name="test_required_m2_fields_cannot_be_omitted_even_with_valid_authenticator[case-1dbb06b4a609]" time="0.000" /><testcase classname="tests.test_wsc_messages" name="test_required_m2_fields_cannot_be_omitted_even_with_valid_authenticator[case-4a8c035cd6a7]" time="0.000" /><testcase classname="tests.test_wsc_messages" name="test_required_m2_fields_cannot_be_omitted_even_with_valid_authenticator[case-259821c8a201]" time="0.000" /><testcase classname="tests.test_wsc_messages" name="test_required_m2_fields_cannot_be_omitted_even_with_valid_authenticator[case-4a330e5757e7]" time="0.000" /><testcase classname="tests.test_wsc_messages" name="test_required_m2_fields_cannot_be_omitted_even_with_valid_authenticator[case-038763bfe646]" time="0.000" /><testcase classname="tests.test_wsc_messages" name="test_required_m2_fields_cannot_be_omitted_even_with_valid_authenticator[case-f6316de4d9f5]" time="0.000" /><testcase classname="tests.test_wsc_messages" name="test_required_m2_fields_cannot_be_omitted_even_with_valid_authenticator[case-04cf966c81a5]" time="0.000" /><testcase classname="tests.test_wsc_messages" name="test_required_m2_fields_cannot_be_omitted_even_with_valid_authenticator[case-a2af8da6a6d2]" time="0.000" /><testcase classname="tests.test_wsc_messages" name="test_required_ap_settings_cannot_be_omitted_even_with_valid_crypto[case-5646758aa7fa]" time="0.007" /><testcase classname="tests.test_wsc_messages" name="test_required_ap_settings_cannot_be_omitted_even_with_valid_crypto[case-1ae4433c3675]" time="0.007" /><testcase classname="tests.test_wsc_messages" name="test_required_ap_settings_cannot_be_omitted_even_with_valid_crypto[case-5282dbddcc83]" time="0.007" /><testcase classname="tests.test_wsc_messages" name="test_required_ap_settings_cannot_be_omitted_even_with_valid_crypto[case-a5caefff86a0]" time="0.007" /><testcase classname="tests.test_wsc_messages" name="test_required_ap_settings_cannot_be_omitted_even_with_valid_crypto[case-d17469921048]" time="0.007" /><testcase classname="tests.test_wsc_messages" name="test_authentication_precedes_decryption" time="0.007" /><testcase classname="tests.test_wsc_messages" name="test_nonce_and_original_m1_identity_binding" time="0.014" /><testcase classname="tests.test_wsc_messages" name="test_optional_and_unknown_data_is_preserved_in_authenticated_bytes" time="0.014" /><testcase classname="tests.test_wsc_messages" name="test_version_negotiation_does_not_reject_only_a_version_mismatch[case-ba5012c60bdf]" time="0.007" /><testcase classname="tests.test_wsc_messages" name="test_version_negotiation_does_not_reject_only_a_version_mismatch[case-2695edd480d0]" time="0.007" /><testcase classname="tests.test_wsc_messages" name="test_version_negotiation_does_not_reject_only_a_version_mismatch[case-b9c5b970ed8a]" time="0.007" /><testcase classname="tests.test_wsc_messages" name="test_legacy_padded_device_strings_preserve_original_authenticator_input" time="0.007" /><testcase classname="tests.test_wsc_messages" name="test_conditional_password_fields_are_preserved_but_not_applied" time="0.014" /><testcase classname="tests.test_wsc_messages" name="test_unknown_vendor_subelements_have_a_bounded_admission_budget" time="0.003" /><testcase classname="tests.test_wsc_messages" name="test_overlong_settings_and_invalid_wfa_substructure_are_rejected" time="0.027" /><testcase classname="tests.test_wsc_messages" name="test_bss_index_placement_and_duplicate_singletons_are_rejected" time="0.008" /><testcase classname="tests.test_wsc_messages" name="test_non_configuration_m2_is_not_misreported_as_provisioned" time="0.007" /><testcase classname="tests.test_wsc_messages" name="test_batch_checks_all_responses_capacity_and_unique_nonce_and_index" time="0.067" /><testcase classname="tests.test_wsc_messages" name="test_invalid_capacity_is_not_used_as_a_radio_capability[case-39c79ec1a04c]" time="0.000" /><testcase classname="tests.test_wsc_messages" name="test_invalid_capacity_is_not_used_as_a_radio_capability[case-1e48762c436c]" time="0.000" /><testcase classname="tests.test_wsc_messages" name="test_invalid_capacity_is_not_used_as_a_radio_capability[case-c589a1f32e3d]" time="0.000" /><testcase classname="tests.test_wsc_messages" name="test_invalid_capacity_is_not_used_as_a_radio_capability[case-06026725fd55]" time="0.000" /><testcase classname="tests.test_wsc_messages" name="test_m1_input_facts_must_have_supported_representation[case-acc9ace83e0d]" time="0.000" /><testcase classname="tests.test_wsc_messages" name="test_m1_input_facts_must_have_supported_representation[case-c4d79675bb60]" time="0.000" /><testcase classname="tests.test_wsc_messages" name="test_m1_input_facts_must_have_supported_representation[case-d55f95ace9dd]" time="0.000" /><testcase classname="tests.test_wsc_messages" name="test_m1_input_facts_must_have_supported_representation[case-3fd965403cae]" time="0.000" /><testcase classname="tests.test_wsc_messages" name="test_m1_input_facts_must_have_supported_representation[case-f721c38b1b3c]" time="0.000" /><testcase classname="tests.test_wsc_messages" name="test_m1_input_facts_must_have_supported_representation[case-b3ae96861a4d]" time="0.000" /><testcase classname="tests.test_wsc_messages" name="test_m1_input_facts_must_have_supported_representation[case-ae6c3fa53355]" time="0.000" /><testcase classname="tests.test_wsc_messages" name="test_m1_input_facts_must_have_supported_representation[case-18f7b48b3049]" time="0.000" /><testcase classname="tests.test_wsc_messages" name="test_m1_input_facts_must_have_supported_representation[case-76ff1cf190ea]" time="0.000" /><testcase classname="tests.test_wsc_operation_bridge" name="test_authenticated_message_has_atomic_receipt_and_distinct_operation_origin" time="0.085" /><testcase classname="tests.test_wsc_operation_bridge" name="test_rejected_input_cannot_create_operation_secret_or_write[case-3570b8d6b64b]" time="0.050" /><testcase classname="tests.test_wsc_operation_bridge" name="test_rejected_input_cannot_create_operation_secret_or_write[case-4a8ec12d0cc1]" time="0.051" /><testcase classname="tests.test_wsc_operation_bridge" name="test_rejected_input_cannot_create_operation_secret_or_write[case-dc9d71bde91d]" time="0.049" /><testcase classname="tests.test_wsc_operation_bridge" name="test_rejected_input_cannot_create_operation_secret_or_write[case-b76bb3f7a2cf]" time="0.043" /><testcase classname="tests.test_wsc_operation_bridge" name="test_rejected_input_cannot_create_operation_secret_or_write[case-c37679557f6e]" time="0.072" /><testcase classname="tests.test_wsc_operation_bridge" name="test_rejected_input_cannot_create_operation_secret_or_write[case-629721814eeb]" time="0.047" /><testcase classname="tests.test_wsc_operation_bridge" name="test_rejected_input_cannot_create_operation_secret_or_write[case-a3bc7023b73c]" time="0.070" /><testcase classname="tests.test_wsc_operation_bridge" name="test_database_receipt_failure_rolls_back_operation_and_removes_created_secret" time="0.056" /><testcase classname="tests.test_wsc_operation_bridge" name="test_transient_source_loss_does_not_revive_old_exchange" time="0.054" /><testcase classname="tests.test_wsc_operation_bridge" name="test_existing_secret_is_never_overwritten_or_deleted" time="0.056" /><testcase classname="tests.test_wsc_operation_bridge" name="test_secret_fsync_failure_cannot_leave_journal_reference" time="0.057" /><testcase classname="tests.test_wsc_operation_bridge" name="test_restart_cancels_unsent_and_reconciles_sent_without_replay[case-d54c6429532c]" time="0.075" /><testcase classname="tests.test_wsc_operation_bridge" name="test_restart_cancels_unsent_and_reconciles_sent_without_replay[case-11089df52d2d]" time="0.087" /><testcase classname="tests.test_wsc_operation_bridge" name="test_restart_cancels_unsent_and_reconciles_sent_without_replay[case-c47ed3c2a02d]" time="0.077" /><testcase classname="tests.test_wsc_operation_bridge" name="test_restart_cancels_unsent_and_reconciles_sent_without_replay[case-b84bd7c73791]" time="0.085" /><testcase classname="tests.test_wsc_operation_bridge" name="test_staged_request_loses_authority_before_execution[case-f1229efa0514]" time="0.069" /><testcase classname="tests.test_wsc_operation_bridge" name="test_staged_request_loses_authority_before_execution[case-4a449a13c9df]" time="0.066" /><testcase classname="tests.test_wsc_operation_bridge" name="test_staged_request_loses_authority_before_execution[case-5d6c85fbc202]" time="0.060" /><testcase classname="tests.test_wsc_operation_bridge" name="test_staged_request_loses_authority_before_execution[case-1777fdbb9738]" time="0.060" /><testcase classname="tests.test_wsc_operation_bridge" name="test_concurrent_input_has_bounded_handoff_backpressure" time="0.062" /><testcase classname="tests.test_wsc_operation_bridge" name="test_public_request_cannot_select_component_or_full_wire_origin" time="0.048" /><testcase classname="tests.test_wsc_radio" name="test_independent_native_fronthaul_and_teardown_payloads" time="0.015" /><testcase classname="tests.test_wsc_radio" name="test_reserved_role_bits_are_ignored[case-ef4da81cbbb7]" time="0.007" /><testcase classname="tests.test_wsc_radio" name="test_reserved_role_bits_are_ignored[case-efe57627cff8]" time="0.007" /><testcase classname="tests.test_wsc_radio" name="test_reserved_role_bits_are_ignored[case-02f3fed36ad7]" time="0.007" /><testcase classname="tests.test_wsc_radio" name="test_reserved_role_bits_are_ignored[case-6b208a225774]" time="0.007" /><testcase classname="tests.test_wsc_radio" name="test_other_roles_are_preserved_and_never_partially_mapped[case-60b461cce105]" time="0.007" /><testcase classname="tests.test_wsc_radio" name="test_other_roles_are_preserved_and_never_partially_mapped[case-6c9b8326cadc]" time="0.007" /><testcase classname="tests.test_wsc_radio" name="test_other_roles_are_preserved_and_never_partially_mapped[case-c498b0cf9733]" time="0.007" /><testcase classname="tests.test_wsc_radio" name="test_other_roles_are_preserved_and_never_partially_mapped[case-55fe41bca1d8]" time="0.007" /><testcase classname="tests.test_wsc_radio" name="test_other_roles_are_preserved_and_never_partially_mapped[case-b84133cdc3f5]" time="0.007" /><testcase classname="tests.test_wsc_radio" name="test_other_roles_are_preserved_and_never_partially_mapped[case-be7e17b6e8b3]" time="0.007" /><testcase classname="tests.test_wsc_radio" name="test_other_roles_are_preserved_and_never_partially_mapped[case-520b7f7096ef]" time="0.007" /><testcase classname="tests.test_wsc_radio" name="test_other_roles_are_preserved_and_never_partially_mapped[case-d32789b8afcd]" time="0.007" /><testcase classname="tests.test_wsc_radio" name="test_other_roles_are_preserved_and_never_partially_mapped[case-ea769a4268be]" time="0.007" /><testcase classname="tests.test_wsc_radio" name="test_missing_malformed_ambiguous_or_wrong_vendor_role_is_rejected[case-269be58f0bb0]" time="0.007" /><testcase classname="tests.test_wsc_radio" name="test_missing_malformed_ambiguous_or_wrong_vendor_role_is_rejected[case-383dfec2b82e]" time="0.007" /><testcase classname="tests.test_wsc_radio" name="test_missing_malformed_ambiguous_or_wrong_vendor_role_is_rejected[case-342e1975fd15]" time="0.007" /><testcase classname="tests.test_wsc_radio" name="test_missing_malformed_ambiguous_or_wrong_vendor_role_is_rejected[case-cd3509aaabd8]" time="0.007" /><testcase classname="tests.test_wsc_radio" name="test_missing_malformed_ambiguous_or_wrong_vendor_role_is_rejected[case-99e1f07dc7d3]" time="0.007" /><testcase classname="tests.test_wsc_radio" name="test_role_must_be_in_encrypted_config_data_and_unique_across_extensions" time="0.014" /><testcase classname="tests.test_wsc_radio" name="test_optional_extensions_and_legacy_key_index_remain_ignored" time="0.007" /><testcase classname="tests.test_wsc_radio" name="test_teardown_ignores_other_setting_values_after_authentication[case-0caad20fc934]" time="0.014" /><testcase classname="tests.test_wsc_radio" name="test_teardown_ignores_other_setting_values_after_authentication[case-01b405ba4eee]" time="0.014" /><testcase classname="tests.test_wsc_radio" name="test_teardown_ignores_other_setting_values_after_authentication[case-fd11922b1ba5]" time="0.014" /><testcase classname="tests.test_wsc_radio" name="test_teardown_ignores_other_setting_values_after_authentication[case-bd4c3bcbecc5]" time="0.014" /><testcase classname="tests.test_wsc_radio" name="test_invalid_authentication_or_conflicting_batch_cannot_become_teardown" time="0.034" /><testcase classname="tests.test_wsc_radio" name="test_multiple_valid_bsses_cannot_be_reduced_to_a_single_patch" time="0.020" /><testcase classname="tests.test_wsc_radio" name="test_unsupported_security_is_not_downgraded[case-baddc23c0f90]" time="0.007" /><testcase classname="tests.test_wsc_radio" name="test_unsupported_security_is_not_downgraded[case-81c27e2f8e29]" time="0.008" /><testcase classname="tests.test_wsc_radio" name="test_unsupported_security_is_not_downgraded[case-e910e7ba81cf]" time="0.007" /><testcase classname="tests.test_wsc_radio" name="test_unsupported_security_is_not_downgraded[case-4121eb9b9646]" time="0.007" /><testcase classname="tests.test_wsc_radio" name="test_keys_outside_existing_mapping_are_never_truncated_or_substituted[case-8a0465a6483a]" time="0.007" /><testcase classname="tests.test_wsc_radio" name="test_keys_outside_existing_mapping_are_never_truncated_or_substituted[case-118ac4218a38]" time="0.007" /><testcase classname="tests.test_wsc_radio" name="test_keys_outside_existing_mapping_are_never_truncated_or_substituted[case-00d36a831a03]" time="0.007" /><testcase classname="tests.test_wsc_radio" name="test_keys_outside_existing_mapping_are_never_truncated_or_substituted[case-310ebde91775]" time="0.007" /><testcase classname="tests.test_wsc_radio" name="test_keys_outside_existing_mapping_are_never_truncated_or_substituted[case-b44838574d6d]" time="0.007" /><testcase classname="tests.test_wsc_radio" name="test_keys_outside_existing_mapping_are_never_truncated_or_substituted[case-2f849be57761]" time="0.007" /><testcase classname="tests.test_wsc_radio" name="test_legacy_passphrase_terminator_and_utf8_mapping_boundary" time="0.027" /><testcase classname="tests.test_wsc_radio" name="test_password_change_is_not_silently_omitted_from_the_candidate" time="0.007" /><testcase classname="tests.test_wsc_radio" name="test_candidate_must_have_been_advertised_in_the_original_m1[case-d7102c795941]" time="0.014" /><testcase classname="tests.test_wsc_radio" name="test_candidate_must_have_been_advertised_in_the_original_m1[case-9ab2fe5174f8]" time="0.014" /><testcase classname="tests.test_wsc_radio" name="test_role_semantics_wait_until_the_entire_payload_set_is_authenticated" time="0.014" /></testsuite></testsuites>