<?xml version="1.0" encoding="utf-8"?><testsuites name="pytest tests"><testsuite name="pytest" errors="0" failures="0" skipped="0" tests="60" time="79.479" timestamp="2026-09-23T04:37:29.331084-07:00" hostname="rev150"><testcase classname="tests.test_connecting_fleet" name="test_two_pods_one_service_isolation_and_crash_recovery" time="5.015" /><testcase classname="tests.test_connecting_pod" name="test_connecting_pod_service_lifecycle" time="3.919" /><testcase classname="tests.test_connecting_pod" name="test_unmatched_identity_cannot_register_or_write[missing]" time="0.204" /><testcase classname="tests.test_connecting_pod" name="test_unmatched_identity_cannot_register_or_write[wrong]" time="0.172" /><testcase classname="tests.test_connecting_pod" name="test_pinned_schema_rejects_duplicate_identity_rows" time="0.193" /><testcase classname="tests.test_connecting_pod" name="test_identity_change_between_plan_and_commit_is_guarded[replace]" time="0.263" /><testcase classname="tests.test_connecting_pod" name="test_identity_change_between_plan_and_commit_is_guarded[recreate]" time="0.266" /><testcase classname="tests.test_discovery_session_ovsdb" name="test_real_database_requires_fresh_discovery_after_reconnect" time="3.429" /><testcase classname="tests.test_egress_accounting" name="test_loss_observations_survive_actual_ovsdb_publication_and_recovery" time="0.152" /><testcase classname="tests.test_forwarding" name="test_forwarding_publication_is_atomic_and_uses_real_pinned_schema" time="0.127" /><testcase classname="tests.test_neighbor_binding" name="test_native_topology_uses_observed_interfaces_and_withdraws_only_stale_topology" time="0.240" /><testcase classname="tests.test_ovsdb" name="test_real_ovsdb_component_boundary[none-OBSERVED_APPLIED]" time="0.408" /><testcase classname="tests.test_ovsdb" name="test_real_ovsdb_component_boundary[lost-reply-OBSERVED_APPLIED]" time="1.562" /><testcase classname="tests.test_ovsdb" name="test_real_ovsdb_component_boundary[withhold-TIMED_OUT]" time="0.447" /><testcase classname="tests.test_ovsdb" name="test_real_ovsdb_component_boundary[guard-conflict-OWNERSHIP_CONFLICT]" time="0.385" /><testcase classname="tests.test_ovsdb" name="test_real_ovsdb_component_boundary[compete-OWNERSHIP_CONFLICT]" time="0.425" /><testcase classname="tests.test_ovsdb" name="test_real_ovsdb_component_boundary[partial-TIMED_OUT]" time="0.431" /><testcase classname="tests.test_ovsdb" name="test_monitor_partial_delete_references_and_reconnect" time="8.717" /><testcase classname="tests.test_ovsdb" name="test_pod_initiated_listening_manager" time="0.171" /><testcase classname="tests.test_ovsdb" name="test_four_independent_ovsdb_pods" time="0.656" /><testcase classname="tests.test_ovsdb" name="test_transaction_result_validation" time="0.000" /><testcase classname="tests.test_ovsdb" name="test_snapshot_budget_exhaustion_is_not_ready" time="0.190" /><testcase classname="tests.test_qualification" name="test_read_only_collects_draft_without_credentials_or_writes" time="0.254" /><testcase classname="tests.test_qualification" name="test_mutual_tls_collection_and_peer_pin" time="0.351" /><testcase classname="tests.test_radio_capability_service" name="test_two_pod_service_revalidates_capability_inputs_and_reconnects" time="2.442" /><testcase classname="tests.test_radio_capability_service" name="test_two_pod_technology_and_inventory_survive_reconnect_and_process_restart" time="2.410" /><testcase classname="tests.test_radio_capability_service" name="test_two_pod_wifi6_roles_withdraw_and_recover_without_complete_he_report" time="2.460" /><testcase classname="tests.test_radio_manager" name="test_manager_never_echoes_requested_state_and_rejects_unsupported_scope" time="0.130" /><testcase classname="tests.test_radio_manager" name="test_station_membership_age_and_binding_with_real_ovsdb" time="0.160" /><testcase classname="tests.test_radio_scope" name="test_sole_radio_allows_guarded_change_and_observed_application" time="0.344" /><testcase classname="tests.test_radio_scope" name="test_unqualified_scope_rejected_before_submission[extra-bss]" time="0.384" /><testcase classname="tests.test_radio_scope" name="test_unqualified_scope_rejected_before_submission[orphan-config]" time="0.383" /><testcase classname="tests.test_radio_scope" name="test_unqualified_scope_rejected_before_submission[orphan-state]" time="0.424" /><testcase classname="tests.test_radio_scope" name="test_unqualified_scope_rejected_before_submission[shared-config]" time="0.391" /><testcase classname="tests.test_radio_scope" name="test_unqualified_scope_rejected_before_submission[backhaul-role]" time="0.451" /><testcase classname="tests.test_radio_scope" name="test_unqualified_scope_rejected_before_submission[extra-state-key]" time="0.392" /><testcase classname="tests.test_radio_scope" name="test_scope_race_aborts_entire_transaction[extra-bss]" time="0.390" /><testcase classname="tests.test_radio_scope" name="test_scope_race_aborts_entire_transaction[orphan-config]" time="0.394" /><testcase classname="tests.test_radio_scope" name="test_scope_race_aborts_entire_transaction[orphan-state]" time="0.418" /><testcase classname="tests.test_radio_scope" name="test_scope_race_aborts_entire_transaction[shared-config]" time="0.385" /><testcase classname="tests.test_radio_scope" name="test_scope_race_aborts_entire_transaction[backhaul-role]" time="0.389" /><testcase classname="tests.test_radio_scope" name="test_scope_race_aborts_entire_transaction[extra-state-key]" time="0.408" /><testcase classname="tests.test_radio_scope" name="test_scope_race_aborts_entire_transaction[replace-equal-row]" time="0.390" /><testcase classname="tests.test_radio_scope" name="test_legacy_multi_key_fixture_does_not_qualify_as_sole_credential" time="0.316" /><testcase classname="tests.test_radio_scope" name="test_separate_radio_is_allowed_and_untouched" time="0.400" /><testcase classname="tests.test_receive_accounting" name="test_ingress_observation_crosses_real_ovsdb_and_generation_starts_new_baseline" time="0.128" /><testcase classname="tests.test_reliability" name="test_tls_fleet_recovers_without_losing_isolation_or_original_outcomes" time="10.586" /><testcase classname="tests.test_report_coordinator_ovsdb" name="test_real_connecting_database_state_changes_withdrawal_and_reconnect" time="2.330" /><testcase classname="tests.test_report_coordinator_ovsdb" name="test_report_monitor_cannot_write_and_incompatible_security_withdraws_source" time="1.436" /><testcase classname="tests.test_shaped_backhaul" name="test_shaped_observations_survive_ovsdb_encoding_and_reset_on_reconnect" time="0.147" /><testcase classname="tests.test_tls_listener" name="test_incomplete_handshakes_are_bounded_and_expire_without_displacing_pod" time="3.280" /><testcase classname="tests.test_tls_listener" name="test_read_only_qualification_accepts_pod_initiated_tls_without_writes" time="1.246" /><testcase classname="tests.test_tls_listener" name="test_real_database_initiates_authenticated_tls_and_reconnects" time="1.296" /><testcase classname="tests.test_tls_listener" name="test_untrusted_and_wrong_pin_clients_never_replace_valid_session" time="1.300" /><testcase classname="tests.test_topology_service" name="test_complete_topology_two_pods_reconnect_uuid_recreation_and_service_crash" time="7.515" /><testcase classname="tests.test_virtual_capacity" name="test_virtual_service_observation_crosses_ovsdb_and_restarts_baseline" time="0.128" /><testcase classname="tests.test_wsc_provisioning" name="test_authenticated_provisioning_with_independent_registrar[configure]" time="1.642" /><testcase classname="tests.test_wsc_provisioning" name="test_authenticated_provisioning_with_independent_registrar[lost-reply]" time="3.721" /><testcase classname="tests.test_wsc_provisioning" name="test_authenticated_provisioning_with_independent_registrar[identity-race]" time="1.735" /><testcase classname="tests.test_wsc_provisioning" name="test_authenticated_provisioning_with_independent_registrar[crash-after-commit]" time="0.846" /></testsuite></testsuites>