<?xml version='1.0' encoding='utf-8'?>
<testsuites name="pytest tests"><testsuite name="pytest" errors="0" failures="0" skipped="0" tests="53" time="76.408" timestamp="2026-09-22T14:35:33.312821-07:00" hostname="rev150"><testcase classname="tests.test_connecting_fleet" name="test_two_pods_one_service_isolation_and_crash_recovery" time="4.970" /><testcase classname="tests.test_connecting_pod" name="test_connecting_pod_service_lifecycle" time="4.019" /><testcase classname="tests.test_connecting_pod" name="test_unmatched_identity_cannot_register_or_write[case-e7e86cfc2bd7]" time="0.171" /><testcase classname="tests.test_connecting_pod" name="test_unmatched_identity_cannot_register_or_write[case-359934e6e36d]" time="0.165" /><testcase classname="tests.test_connecting_pod" name="test_pinned_schema_rejects_duplicate_identity_rows" time="0.167" /><testcase classname="tests.test_connecting_pod" name="test_identity_change_between_plan_and_commit_is_guarded[case-98c7a8821d35]" time="0.264" /><testcase classname="tests.test_connecting_pod" name="test_identity_change_between_plan_and_commit_is_guarded[case-2d2875d7416d]" time="0.246" /><testcase classname="tests.test_discovery_session_ovsdb" name="test_real_database_requires_fresh_discovery_after_reconnect" time="3.416" /><testcase classname="tests.test_ovsdb" name="test_real_ovsdb_component_boundary[case-5350b4118fce]" time="0.403" /><testcase classname="tests.test_ovsdb" name="test_real_ovsdb_component_boundary[case-06a2aae72870]" time="1.539" /><testcase classname="tests.test_ovsdb" name="test_real_ovsdb_component_boundary[case-b36404df2747]" time="0.446" /><testcase classname="tests.test_ovsdb" name="test_real_ovsdb_component_boundary[case-3049b9bd3a9d]" time="0.368" /><testcase classname="tests.test_ovsdb" name="test_real_ovsdb_component_boundary[case-22b1e645de08]" time="0.398" /><testcase classname="tests.test_ovsdb" name="test_real_ovsdb_component_boundary[case-d1d58ecd70a2]" time="0.448" /><testcase classname="tests.test_ovsdb" name="test_monitor_partial_delete_references_and_reconnect" time="8.725" /><testcase classname="tests.test_ovsdb" name="test_pod_initiated_listening_manager" time="0.176" /><testcase classname="tests.test_ovsdb" name="test_four_independent_ovsdb_pods" time="0.638" /><testcase classname="tests.test_ovsdb" name="test_transaction_result_validation" time="0.000" /><testcase classname="tests.test_ovsdb" name="test_snapshot_budget_exhaustion_is_not_ready" time="0.178" /><testcase classname="tests.test_qualification" name="test_read_only_collects_draft_without_credentials_or_writes" time="0.248" /><testcase classname="tests.test_qualification" name="test_mutual_tls_collection_and_peer_pin" time="0.338" /><testcase classname="tests.test_radio_capability_service" name="test_two_pod_service_revalidates_capability_inputs_and_reconnects" time="2.402" /><testcase classname="tests.test_radio_capability_service" name="test_two_pod_technology_and_inventory_survive_reconnect_and_process_restart" time="2.381" /><testcase classname="tests.test_radio_capability_service" name="test_two_pod_wifi6_roles_withdraw_and_recover_without_complete_he_report" time="2.382" /><testcase classname="tests.test_radio_manager" name="test_manager_never_echoes_requested_state_and_rejects_unsupported_scope" time="0.124" /><testcase classname="tests.test_radio_scope" name="test_sole_radio_allows_guarded_change_and_observed_application" time="0.322" /><testcase classname="tests.test_radio_scope" name="test_unqualified_scope_rejected_before_submission[case-7fe534ef036a]" time="0.366" /><testcase classname="tests.test_radio_scope" name="test_unqualified_scope_rejected_before_submission[case-82934c8d37d8]" time="0.371" /><testcase classname="tests.test_radio_scope" name="test_unqualified_scope_rejected_before_submission[case-ab6f904ba5ef]" time="0.385" /><testcase classname="tests.test_radio_scope" name="test_unqualified_scope_rejected_before_submission[case-baaf82e8abec]" time="0.369" /><testcase classname="tests.test_radio_scope" name="test_unqualified_scope_rejected_before_submission[case-47fa1b31c88d]" time="0.367" /><testcase classname="tests.test_radio_scope" name="test_unqualified_scope_rejected_before_submission[case-cc354c6da498]" time="0.384" /><testcase classname="tests.test_radio_scope" name="test_scope_race_aborts_entire_transaction[case-623e99735c5f]" time="0.375" /><testcase classname="tests.test_radio_scope" name="test_scope_race_aborts_entire_transaction[case-949382e614a3]" time="0.373" /><testcase classname="tests.test_radio_scope" name="test_scope_race_aborts_entire_transaction[case-ec7283ceecf1]" time="0.385" /><testcase classname="tests.test_radio_scope" name="test_scope_race_aborts_entire_transaction[case-cc88f31a6ca0]" time="0.373" /><testcase classname="tests.test_radio_scope" name="test_scope_race_aborts_entire_transaction[case-c332e18e92f6]" time="0.371" /><testcase classname="tests.test_radio_scope" name="test_scope_race_aborts_entire_transaction[case-714f933f1e87]" time="0.389" /><testcase classname="tests.test_radio_scope" name="test_scope_race_aborts_entire_transaction[case-e3f1f669f6b1]" time="0.375" /><testcase classname="tests.test_radio_scope" name="test_legacy_multi_key_fixture_does_not_qualify_as_sole_credential" time="0.297" /><testcase classname="tests.test_radio_scope" name="test_separate_radio_is_allowed_and_untouched" time="0.396" /><testcase classname="tests.test_reliability" name="test_tls_fleet_recovers_without_losing_isolation_or_original_outcomes" time="10.610" /><testcase classname="tests.test_report_coordinator_ovsdb" name="test_real_connecting_database_state_changes_withdrawal_and_reconnect" time="2.323" /><testcase classname="tests.test_report_coordinator_ovsdb" name="test_report_monitor_cannot_write_and_incompatible_security_withdraws_source" time="1.400" /><testcase classname="tests.test_tls_listener" name="test_incomplete_handshakes_are_bounded_and_expire_without_displacing_pod" time="3.230" /><testcase classname="tests.test_tls_listener" name="test_read_only_qualification_accepts_pod_initiated_tls_without_writes" time="1.267" /><testcase classname="tests.test_tls_listener" name="test_real_database_initiates_authenticated_tls_and_reconnects" time="1.253" /><testcase classname="tests.test_tls_listener" name="test_untrusted_and_wrong_pin_clients_never_replace_valid_session" time="0.282" /><testcase classname="tests.test_topology_service" name="test_complete_topology_two_pods_reconnect_uuid_recreation_and_service_crash" time="7.538" /><testcase classname="tests.test_wsc_provisioning" name="test_authenticated_provisioning_with_independent_registrar[case-54dc30b00f30]" time="1.632" /><testcase classname="tests.test_wsc_provisioning" name="test_authenticated_provisioning_with_independent_registrar[case-d2a1bfb28a43]" time="3.716" /><testcase classname="tests.test_wsc_provisioning" name="test_authenticated_provisioning_with_independent_registrar[case-51efc058a5dc]" time="1.693" /><testcase classname="tests.test_wsc_provisioning" name="test_authenticated_provisioning_with_independent_registrar[case-16bce2f08410]" time="0.727" /></testsuite></testsuites>